ERROR - 2023-01-20 07:32:15 --> mysqli_sql_exception: Cannot delete or update a parent row: a foreign key constraint fails (`ci4pickup`.`tikets`, CONSTRAINT `tikets_city_id_foreign` FOREIGN KEY (`city_id`) REFERENCES `cities` (`id`)) in /Users/macbookair/Downloads/CodeIgniter4-4.2.12/system/Database/MySQLi/Connection.php:292
Stack trace:
#0 /Users/macbookair/Downloads/CodeIgniter4-4.2.12/system/Database/MySQLi/Connection.php(292): mysqli->query('DELETE FROM `ci...', 0)
#1 /Users/macbookair/Downloads/CodeIgniter4-4.2.12/system/Database/BaseConnection.php(666): CodeIgniter\Database\MySQLi\Connection->execute('DELETE FROM `ci...')
#2 /Users/macbookair/Downloads/CodeIgniter4-4.2.12/system/Database/BaseConnection.php(593): CodeIgniter\Database\BaseConnection->simpleQuery('DELETE FROM `ci...')
#3 /Users/macbookair/Downloads/CodeIgniter4-4.2.12/system/Database/BaseBuilder.php(2391): CodeIgniter\Database\BaseConnection->query('DELETE FROM `ci...', Array, false)
#4 /Users/macbookair/Downloads/CodeIgniter4-4.2.12/system/Model.php(425): CodeIgniter\Database\BaseBuilder->delete()
#5 /Users/macbookair/Downloads/CodeIgniter4-4.2.12/system/BaseModel.php(985): CodeIgniter\Model->doDelete(Array, false)
#6 /Users/macbookair/Downloads/CodeIgniter4-4.2.12/app/Controllers/ZipController.php(116): CodeIgniter\BaseModel->delete(Array)
#7 /Users/macbookair/Downloads/CodeIgniter4-4.2.12/system/CodeIgniter.php(925): App\Controllers\ZipController->delete('12000')
#8 /Users/macbookair/Downloads/CodeIgniter4-4.2.12/system/CodeIgniter.php(480): CodeIgniter\CodeIgniter->runController(Object(App\Controllers\ZipController))
#9 /Users/macbookair/Downloads/CodeIgniter4-4.2.12/system/CodeIgniter.php(349): CodeIgniter\CodeIgniter->handleRequest(NULL, Object(Config\Cache), false)
#10 /Users/macbookair/Downloads/CodeIgniter4-4.2.12/public/index.php(67): CodeIgniter\CodeIgniter->run()
#11 /Users/macbookair/Downloads/CodeIgniter4-4.2.12/system/Commands/Server/rewrite.php(47): require_once('/Users/macbooka...')
#12 {main}
CRITICAL - 2023-01-20 07:32:15 --> Cannot delete or update a parent row: a foreign key constraint fails (`ci4pickup`.`tikets`, CONSTRAINT `tikets_city_id_foreign` FOREIGN KEY (`city_id`) REFERENCES `cities` (`id`))
in SYSTEMPATH/Database/MySQLi/Connection.php on line 292.
 1 SYSTEMPATH/Database/MySQLi/Connection.php(292): mysqli->query('DELETE FROM `cities`
WHERE `id` IN (\'12000\')', 0)
 2 SYSTEMPATH/Database/BaseConnection.php(666): CodeIgniter\Database\MySQLi\Connection->execute('DELETE FROM `cities`
WHERE `id` IN (\'12000\')')
 3 SYSTEMPATH/Database/BaseConnection.php(593): CodeIgniter\Database\BaseConnection->simpleQuery('DELETE FROM `cities`
WHERE `id` IN (\'12000\')')
 4 SYSTEMPATH/Database/BaseBuilder.php(2391): CodeIgniter\Database\BaseConnection->query('DELETE FROM `cities`
WHERE `id` IN :id:', [...], false)
 5 SYSTEMPATH/Model.php(425): CodeIgniter\Database\BaseBuilder->delete()
 6 SYSTEMPATH/BaseModel.php(985): CodeIgniter\Model->doDelete([...], false)
 7 APPPATH/Controllers/ZipController.php(116): CodeIgniter\BaseModel->delete([...])
 8 SYSTEMPATH/CodeIgniter.php(925): App\Controllers\ZipController->delete('12000')
 9 SYSTEMPATH/CodeIgniter.php(480): CodeIgniter\CodeIgniter->runController(Object(App\Controllers\ZipController))
10 SYSTEMPATH/CodeIgniter.php(349): CodeIgniter\CodeIgniter->handleRequest(null, Object(Config\Cache), false)
11 FCPATH/index.php(67): CodeIgniter\CodeIgniter->run()
12 SYSTEMPATH/Commands/Server/rewrite.php(47): require_once('FCPATH/index.php')
ERROR - 2023-01-20 07:32:19 --> mysqli_sql_exception: Cannot delete or update a parent row: a foreign key constraint fails (`ci4pickup`.`tikets`, CONSTRAINT `tikets_city_id_foreign` FOREIGN KEY (`city_id`) REFERENCES `cities` (`id`)) in /Users/macbookair/Downloads/CodeIgniter4-4.2.12/system/Database/MySQLi/Connection.php:292
Stack trace:
#0 /Users/macbookair/Downloads/CodeIgniter4-4.2.12/system/Database/MySQLi/Connection.php(292): mysqli->query('DELETE FROM `ci...', 0)
#1 /Users/macbookair/Downloads/CodeIgniter4-4.2.12/system/Database/BaseConnection.php(666): CodeIgniter\Database\MySQLi\Connection->execute('DELETE FROM `ci...')
#2 /Users/macbookair/Downloads/CodeIgniter4-4.2.12/system/Database/BaseConnection.php(593): CodeIgniter\Database\BaseConnection->simpleQuery('DELETE FROM `ci...')
#3 /Users/macbookair/Downloads/CodeIgniter4-4.2.12/system/Database/BaseBuilder.php(2391): CodeIgniter\Database\BaseConnection->query('DELETE FROM `ci...', Array, false)
#4 /Users/macbookair/Downloads/CodeIgniter4-4.2.12/system/Model.php(425): CodeIgniter\Database\BaseBuilder->delete()
#5 /Users/macbookair/Downloads/CodeIgniter4-4.2.12/system/BaseModel.php(985): CodeIgniter\Model->doDelete(Array, false)
#6 /Users/macbookair/Downloads/CodeIgniter4-4.2.12/app/Controllers/ZipController.php(116): CodeIgniter\BaseModel->delete(Array)
#7 /Users/macbookair/Downloads/CodeIgniter4-4.2.12/system/CodeIgniter.php(925): App\Controllers\ZipController->delete('15650')
#8 /Users/macbookair/Downloads/CodeIgniter4-4.2.12/system/CodeIgniter.php(480): CodeIgniter\CodeIgniter->runController(Object(App\Controllers\ZipController))
#9 /Users/macbookair/Downloads/CodeIgniter4-4.2.12/system/CodeIgniter.php(349): CodeIgniter\CodeIgniter->handleRequest(NULL, Object(Config\Cache), false)
#10 /Users/macbookair/Downloads/CodeIgniter4-4.2.12/public/index.php(67): CodeIgniter\CodeIgniter->run()
#11 /Users/macbookair/Downloads/CodeIgniter4-4.2.12/system/Commands/Server/rewrite.php(47): require_once('/Users/macbooka...')
#12 {main}
CRITICAL - 2023-01-20 07:32:19 --> Cannot delete or update a parent row: a foreign key constraint fails (`ci4pickup`.`tikets`, CONSTRAINT `tikets_city_id_foreign` FOREIGN KEY (`city_id`) REFERENCES `cities` (`id`))
in SYSTEMPATH/Database/MySQLi/Connection.php on line 292.
 1 SYSTEMPATH/Database/MySQLi/Connection.php(292): mysqli->query('DELETE FROM `cities`
WHERE `id` IN (\'15650\')', 0)
 2 SYSTEMPATH/Database/BaseConnection.php(666): CodeIgniter\Database\MySQLi\Connection->execute('DELETE FROM `cities`
WHERE `id` IN (\'15650\')')
 3 SYSTEMPATH/Database/BaseConnection.php(593): CodeIgniter\Database\BaseConnection->simpleQuery('DELETE FROM `cities`
WHERE `id` IN (\'15650\')')
 4 SYSTEMPATH/Database/BaseBuilder.php(2391): CodeIgniter\Database\BaseConnection->query('DELETE FROM `cities`
WHERE `id` IN :id:', [...], false)
 5 SYSTEMPATH/Model.php(425): CodeIgniter\Database\BaseBuilder->delete()
 6 SYSTEMPATH/BaseModel.php(985): CodeIgniter\Model->doDelete([...], false)
 7 APPPATH/Controllers/ZipController.php(116): CodeIgniter\BaseModel->delete([...])
 8 SYSTEMPATH/CodeIgniter.php(925): App\Controllers\ZipController->delete('15650')
 9 SYSTEMPATH/CodeIgniter.php(480): CodeIgniter\CodeIgniter->runController(Object(App\Controllers\ZipController))
10 SYSTEMPATH/CodeIgniter.php(349): CodeIgniter\CodeIgniter->handleRequest(null, Object(Config\Cache), false)
11 FCPATH/index.php(67): CodeIgniter\CodeIgniter->run()
12 SYSTEMPATH/Commands/Server/rewrite.php(47): require_once('FCPATH/index.php')
CRITICAL - 2023-01-20 07:32:35 --> Trying to get property 'id' of non-object
in APPPATH/Views/Zips/edit.php on line 20.
 1 APPPATH/Views/Zips/edit.php(20): CodeIgniter\Debug\Exceptions->errorHandler(8, 'Trying to get property \'id\' of non-object', 'APPPATH/Views/Zips/edit.php', 20, [...])
 2 SYSTEMPATH/View/View.php(213): include('APPPATH/Views/Zips/edit.php')
 3 SYSTEMPATH/View/View.php(216): CodeIgniter\View\View->CodeIgniter\View\{closure}()
 4 SYSTEMPATH/Common.php(1135): CodeIgniter\View\View->render('Zips/edit', [], true)
 5 APPPATH/Controllers/ZipController.php(52): view('Zips/edit', [...])
 6 SYSTEMPATH/CodeIgniter.php(925): App\Controllers\ZipController->edit('20000')
 7 SYSTEMPATH/CodeIgniter.php(480): CodeIgniter\CodeIgniter->runController(Object(App\Controllers\ZipController))
 8 SYSTEMPATH/CodeIgniter.php(349): CodeIgniter\CodeIgniter->handleRequest(null, Object(Config\Cache), false)
 9 FCPATH/index.php(67): CodeIgniter\CodeIgniter->run()
10 SYSTEMPATH/Commands/Server/rewrite.php(47): require_once('FCPATH/index.php')
CRITICAL - 2023-01-20 07:33:00 --> Trying to get property 'id' of non-object
in APPPATH/Views/Zips/edit.php on line 20.
 1 APPPATH/Views/Zips/edit.php(20): CodeIgniter\Debug\Exceptions->errorHandler(8, 'Trying to get property \'id\' of non-object', 'APPPATH/Views/Zips/edit.php', 20, [...])
 2 SYSTEMPATH/View/View.php(213): include('APPPATH/Views/Zips/edit.php')
 3 SYSTEMPATH/View/View.php(216): CodeIgniter\View\View->CodeIgniter\View\{closure}()
 4 SYSTEMPATH/Common.php(1135): CodeIgniter\View\View->render('Zips/edit', [], true)
 5 APPPATH/Controllers/ZipController.php(52): view('Zips/edit', [...])
 6 SYSTEMPATH/CodeIgniter.php(925): App\Controllers\ZipController->edit('20000')
 7 SYSTEMPATH/CodeIgniter.php(480): CodeIgniter\CodeIgniter->runController(Object(App\Controllers\ZipController))
 8 SYSTEMPATH/CodeIgniter.php(349): CodeIgniter\CodeIgniter->handleRequest(null, Object(Config\Cache), false)
 9 FCPATH/index.php(67): CodeIgniter\CodeIgniter->run()
10 SYSTEMPATH/Commands/Server/rewrite.php(47): require_once('FCPATH/index.php')
ERROR - 2023-01-20 07:43:45 --> mysqli_sql_exception: Cannot delete or update a parent row: a foreign key constraint fails (`ci4pickup`.`tikets`, CONSTRAINT `tikets_account_foreign` FOREIGN KEY (`account`) REFERENCES `accounts` (`id`)) in /Users/macbookair/Downloads/CodeIgniter4-4.2.12/system/Database/MySQLi/Connection.php:292
Stack trace:
#0 /Users/macbookair/Downloads/CodeIgniter4-4.2.12/system/Database/MySQLi/Connection.php(292): mysqli->query('DELETE FROM `ac...', 0)
#1 /Users/macbookair/Downloads/CodeIgniter4-4.2.12/system/Database/BaseConnection.php(666): CodeIgniter\Database\MySQLi\Connection->execute('DELETE FROM `ac...')
#2 /Users/macbookair/Downloads/CodeIgniter4-4.2.12/system/Database/BaseConnection.php(593): CodeIgniter\Database\BaseConnection->simpleQuery('DELETE FROM `ac...')
#3 /Users/macbookair/Downloads/CodeIgniter4-4.2.12/system/Database/BaseBuilder.php(2391): CodeIgniter\Database\BaseConnection->query('DELETE FROM `ac...', Array, false)
#4 /Users/macbookair/Downloads/CodeIgniter4-4.2.12/system/Model.php(425): CodeIgniter\Database\BaseBuilder->delete()
#5 /Users/macbookair/Downloads/CodeIgniter4-4.2.12/system/BaseModel.php(985): CodeIgniter\Model->doDelete(Array, false)
#6 /Users/macbookair/Downloads/CodeIgniter4-4.2.12/app/Controllers/AccountController.php(89): CodeIgniter\BaseModel->delete(Array)
#7 /Users/macbookair/Downloads/CodeIgniter4-4.2.12/system/CodeIgniter.php(925): App\Controllers\AccountController->destroy('80077901')
#8 /Users/macbookair/Downloads/CodeIgniter4-4.2.12/system/CodeIgniter.php(480): CodeIgniter\CodeIgniter->runController(Object(App\Controllers\AccountController))
#9 /Users/macbookair/Downloads/CodeIgniter4-4.2.12/system/CodeIgniter.php(349): CodeIgniter\CodeIgniter->handleRequest(NULL, Object(Config\Cache), false)
#10 /Users/macbookair/Downloads/CodeIgniter4-4.2.12/public/index.php(67): CodeIgniter\CodeIgniter->run()
#11 /Users/macbookair/Downloads/CodeIgniter4-4.2.12/system/Commands/Server/rewrite.php(47): require_once('/Users/macbooka...')
#12 {main}
CRITICAL - 2023-01-20 07:43:45 --> Cannot delete or update a parent row: a foreign key constraint fails (`ci4pickup`.`tikets`, CONSTRAINT `tikets_account_foreign` FOREIGN KEY (`account`) REFERENCES `accounts` (`id`))
in SYSTEMPATH/Database/MySQLi/Connection.php on line 292.
 1 SYSTEMPATH/Database/MySQLi/Connection.php(292): mysqli->query('DELETE FROM `accounts`
WHERE `id` IN (\'80077901\')', 0)
 2 SYSTEMPATH/Database/BaseConnection.php(666): CodeIgniter\Database\MySQLi\Connection->execute('DELETE FROM `accounts`
WHERE `id` IN (\'80077901\')')
 3 SYSTEMPATH/Database/BaseConnection.php(593): CodeIgniter\Database\BaseConnection->simpleQuery('DELETE FROM `accounts`
WHERE `id` IN (\'80077901\')')
 4 SYSTEMPATH/Database/BaseBuilder.php(2391): CodeIgniter\Database\BaseConnection->query('DELETE FROM `accounts`
WHERE `id` IN :id:', [...], false)
 5 SYSTEMPATH/Model.php(425): CodeIgniter\Database\BaseBuilder->delete()
 6 SYSTEMPATH/BaseModel.php(985): CodeIgniter\Model->doDelete([...], false)
 7 APPPATH/Controllers/AccountController.php(89): CodeIgniter\BaseModel->delete([...])
 8 SYSTEMPATH/CodeIgniter.php(925): App\Controllers\AccountController->destroy('80077901')
 9 SYSTEMPATH/CodeIgniter.php(480): CodeIgniter\CodeIgniter->runController(Object(App\Controllers\AccountController))
10 SYSTEMPATH/CodeIgniter.php(349): CodeIgniter\CodeIgniter->handleRequest(null, Object(Config\Cache), false)
11 FCPATH/index.php(67): CodeIgniter\CodeIgniter->run()
12 SYSTEMPATH/Commands/Server/rewrite.php(47): require_once('FCPATH/index.php')
ERROR - 2023-01-20 07:43:55 --> mysqli_sql_exception: Cannot delete or update a parent row: a foreign key constraint fails (`ci4pickup`.`tikets`, CONSTRAINT `tikets_account_foreign` FOREIGN KEY (`account`) REFERENCES `accounts` (`id`)) in /Users/macbookair/Downloads/CodeIgniter4-4.2.12/system/Database/MySQLi/Connection.php:292
Stack trace:
#0 /Users/macbookair/Downloads/CodeIgniter4-4.2.12/system/Database/MySQLi/Connection.php(292): mysqli->query('DELETE FROM `ac...', 0)
#1 /Users/macbookair/Downloads/CodeIgniter4-4.2.12/system/Database/BaseConnection.php(666): CodeIgniter\Database\MySQLi\Connection->execute('DELETE FROM `ac...')
#2 /Users/macbookair/Downloads/CodeIgniter4-4.2.12/system/Database/BaseConnection.php(593): CodeIgniter\Database\BaseConnection->simpleQuery('DELETE FROM `ac...')
#3 /Users/macbookair/Downloads/CodeIgniter4-4.2.12/system/Database/BaseBuilder.php(2391): CodeIgniter\Database\BaseConnection->query('DELETE FROM `ac...', Array, false)
#4 /Users/macbookair/Downloads/CodeIgniter4-4.2.12/system/Model.php(425): CodeIgniter\Database\BaseBuilder->delete()
#5 /Users/macbookair/Downloads/CodeIgniter4-4.2.12/system/BaseModel.php(985): CodeIgniter\Model->doDelete(Array, false)
#6 /Users/macbookair/Downloads/CodeIgniter4-4.2.12/app/Controllers/AccountController.php(89): CodeIgniter\BaseModel->delete(Array)
#7 /Users/macbookair/Downloads/CodeIgniter4-4.2.12/system/CodeIgniter.php(925): App\Controllers\AccountController->destroy('80077901')
#8 /Users/macbookair/Downloads/CodeIgniter4-4.2.12/system/CodeIgniter.php(480): CodeIgniter\CodeIgniter->runController(Object(App\Controllers\AccountController))
#9 /Users/macbookair/Downloads/CodeIgniter4-4.2.12/system/CodeIgniter.php(349): CodeIgniter\CodeIgniter->handleRequest(NULL, Object(Config\Cache), false)
#10 /Users/macbookair/Downloads/CodeIgniter4-4.2.12/public/index.php(67): CodeIgniter\CodeIgniter->run()
#11 /Users/macbookair/Downloads/CodeIgniter4-4.2.12/system/Commands/Server/rewrite.php(47): require_once('/Users/macbooka...')
#12 {main}
CRITICAL - 2023-01-20 07:43:55 --> Cannot delete or update a parent row: a foreign key constraint fails (`ci4pickup`.`tikets`, CONSTRAINT `tikets_account_foreign` FOREIGN KEY (`account`) REFERENCES `accounts` (`id`))
in SYSTEMPATH/Database/MySQLi/Connection.php on line 292.
 1 SYSTEMPATH/Database/MySQLi/Connection.php(292): mysqli->query('DELETE FROM `accounts`
WHERE `id` IN (\'80077901\')', 0)
 2 SYSTEMPATH/Database/BaseConnection.php(666): CodeIgniter\Database\MySQLi\Connection->execute('DELETE FROM `accounts`
WHERE `id` IN (\'80077901\')')
 3 SYSTEMPATH/Database/BaseConnection.php(593): CodeIgniter\Database\BaseConnection->simpleQuery('DELETE FROM `accounts`
WHERE `id` IN (\'80077901\')')
 4 SYSTEMPATH/Database/BaseBuilder.php(2391): CodeIgniter\Database\BaseConnection->query('DELETE FROM `accounts`
WHERE `id` IN :id:', [...], false)
 5 SYSTEMPATH/Model.php(425): CodeIgniter\Database\BaseBuilder->delete()
 6 SYSTEMPATH/BaseModel.php(985): CodeIgniter\Model->doDelete([...], false)
 7 APPPATH/Controllers/AccountController.php(89): CodeIgniter\BaseModel->delete([...])
 8 SYSTEMPATH/CodeIgniter.php(925): App\Controllers\AccountController->destroy('80077901')
 9 SYSTEMPATH/CodeIgniter.php(480): CodeIgniter\CodeIgniter->runController(Object(App\Controllers\AccountController))
10 SYSTEMPATH/CodeIgniter.php(349): CodeIgniter\CodeIgniter->handleRequest(null, Object(Config\Cache), false)
11 FCPATH/index.php(67): CodeIgniter\CodeIgniter->run()
12 SYSTEMPATH/Commands/Server/rewrite.php(47): require_once('FCPATH/index.php')
ERROR - 2023-01-20 07:44:38 --> mysqli_sql_exception: Cannot delete or update a parent row: a foreign key constraint fails (`ci4pickup`.`tikets`, CONSTRAINT `tikets_account_foreign` FOREIGN KEY (`account`) REFERENCES `accounts` (`id`)) in /Users/macbookair/Downloads/CodeIgniter4-4.2.12/system/Database/MySQLi/Connection.php:292
Stack trace:
#0 /Users/macbookair/Downloads/CodeIgniter4-4.2.12/system/Database/MySQLi/Connection.php(292): mysqli->query('DELETE FROM `ac...', 0)
#1 /Users/macbookair/Downloads/CodeIgniter4-4.2.12/system/Database/BaseConnection.php(666): CodeIgniter\Database\MySQLi\Connection->execute('DELETE FROM `ac...')
#2 /Users/macbookair/Downloads/CodeIgniter4-4.2.12/system/Database/BaseConnection.php(593): CodeIgniter\Database\BaseConnection->simpleQuery('DELETE FROM `ac...')
#3 /Users/macbookair/Downloads/CodeIgniter4-4.2.12/system/Database/BaseBuilder.php(2391): CodeIgniter\Database\BaseConnection->query('DELETE FROM `ac...', Array, false)
#4 /Users/macbookair/Downloads/CodeIgniter4-4.2.12/system/Model.php(425): CodeIgniter\Database\BaseBuilder->delete()
#5 /Users/macbookair/Downloads/CodeIgniter4-4.2.12/system/BaseModel.php(985): CodeIgniter\Model->doDelete(Array, false)
#6 /Users/macbookair/Downloads/CodeIgniter4-4.2.12/app/Controllers/AccountController.php(89): CodeIgniter\BaseModel->delete(Array)
#7 /Users/macbookair/Downloads/CodeIgniter4-4.2.12/system/CodeIgniter.php(925): App\Controllers\AccountController->destroy('80077901')
#8 /Users/macbookair/Downloads/CodeIgniter4-4.2.12/system/CodeIgniter.php(480): CodeIgniter\CodeIgniter->runController(Object(App\Controllers\AccountController))
#9 /Users/macbookair/Downloads/CodeIgniter4-4.2.12/system/CodeIgniter.php(349): CodeIgniter\CodeIgniter->handleRequest(NULL, Object(Config\Cache), false)
#10 /Users/macbookair/Downloads/CodeIgniter4-4.2.12/public/index.php(67): CodeIgniter\CodeIgniter->run()
#11 /Users/macbookair/Downloads/CodeIgniter4-4.2.12/system/Commands/Server/rewrite.php(47): require_once('/Users/macbooka...')
#12 {main}
CRITICAL - 2023-01-20 07:44:38 --> Cannot delete or update a parent row: a foreign key constraint fails (`ci4pickup`.`tikets`, CONSTRAINT `tikets_account_foreign` FOREIGN KEY (`account`) REFERENCES `accounts` (`id`))
in SYSTEMPATH/Database/MySQLi/Connection.php on line 292.
 1 SYSTEMPATH/Database/MySQLi/Connection.php(292): mysqli->query('DELETE FROM `accounts`
WHERE `id` IN (\'80077901\')', 0)
 2 SYSTEMPATH/Database/BaseConnection.php(666): CodeIgniter\Database\MySQLi\Connection->execute('DELETE FROM `accounts`
WHERE `id` IN (\'80077901\')')
 3 SYSTEMPATH/Database/BaseConnection.php(593): CodeIgniter\Database\BaseConnection->simpleQuery('DELETE FROM `accounts`
WHERE `id` IN (\'80077901\')')
 4 SYSTEMPATH/Database/BaseBuilder.php(2391): CodeIgniter\Database\BaseConnection->query('DELETE FROM `accounts`
WHERE `id` IN :id:', [...], false)
 5 SYSTEMPATH/Model.php(425): CodeIgniter\Database\BaseBuilder->delete()
 6 SYSTEMPATH/BaseModel.php(985): CodeIgniter\Model->doDelete([...], false)
 7 APPPATH/Controllers/AccountController.php(89): CodeIgniter\BaseModel->delete([...])
 8 SYSTEMPATH/CodeIgniter.php(925): App\Controllers\AccountController->destroy('80077901')
 9 SYSTEMPATH/CodeIgniter.php(480): CodeIgniter\CodeIgniter->runController(Object(App\Controllers\AccountController))
10 SYSTEMPATH/CodeIgniter.php(349): CodeIgniter\CodeIgniter->handleRequest(null, Object(Config\Cache), false)
11 FCPATH/index.php(67): CodeIgniter\CodeIgniter->run()
12 SYSTEMPATH/Commands/Server/rewrite.php(47): require_once('FCPATH/index.php')
CRITICAL - 2023-01-20 21:08:18 --> count(): Parameter must be an array or an object that implements Countable
in APPPATH/Controllers/TiketController.php on line 224.
 1 [internal function]: CodeIgniter\Debug\Exceptions->errorHandler(2, 'count(): Parameter must be an array or an object that implements Countable', 'APPPATH/Controllers/TiketController.php', 224, [...])
 2 APPPATH/Controllers/TiketController.php(224): count('1')
 3 SYSTEMPATH/CodeIgniter.php(925): App\Controllers\TiketController->close()
 4 SYSTEMPATH/CodeIgniter.php(480): CodeIgniter\CodeIgniter->runController(Object(App\Controllers\TiketController))
 5 SYSTEMPATH/CodeIgniter.php(349): CodeIgniter\CodeIgniter->handleRequest(null, Object(Config\Cache), false)
 6 FCPATH/index.php(67): CodeIgniter\CodeIgniter->run()
 7 SYSTEMPATH/Commands/Server/rewrite.php(47): require_once('FCPATH/index.php')
CRITICAL - 2023-01-20 21:09:17 --> count(): Parameter must be an array or an object that implements Countable
in APPPATH/Controllers/TiketController.php on line 224.
 1 [internal function]: CodeIgniter\Debug\Exceptions->errorHandler(2, 'count(): Parameter must be an array or an object that implements Countable', 'APPPATH/Controllers/TiketController.php', 224, [...])
 2 APPPATH/Controllers/TiketController.php(224): count('1')
 3 SYSTEMPATH/CodeIgniter.php(925): App\Controllers\TiketController->close()
 4 SYSTEMPATH/CodeIgniter.php(480): CodeIgniter\CodeIgniter->runController(Object(App\Controllers\TiketController))
 5 SYSTEMPATH/CodeIgniter.php(349): CodeIgniter\CodeIgniter->handleRequest(null, Object(Config\Cache), false)
 6 FCPATH/index.php(67): CodeIgniter\CodeIgniter->run()
 7 SYSTEMPATH/Commands/Server/rewrite.php(47): require_once('FCPATH/index.php')
CRITICAL - 2023-01-20 21:09:33 --> count(): Parameter must be an array or an object that implements Countable
in APPPATH/Controllers/TiketController.php on line 224.
 1 [internal function]: CodeIgniter\Debug\Exceptions->errorHandler(2, 'count(): Parameter must be an array or an object that implements Countable', 'APPPATH/Controllers/TiketController.php', 224, [...])
 2 APPPATH/Controllers/TiketController.php(224): count('1')
 3 SYSTEMPATH/CodeIgniter.php(925): App\Controllers\TiketController->close()
 4 SYSTEMPATH/CodeIgniter.php(480): CodeIgniter\CodeIgniter->runController(Object(App\Controllers\TiketController))
 5 SYSTEMPATH/CodeIgniter.php(349): CodeIgniter\CodeIgniter->handleRequest(null, Object(Config\Cache), false)
 6 FCPATH/index.php(67): CodeIgniter\CodeIgniter->run()
 7 SYSTEMPATH/Commands/Server/rewrite.php(47): require_once('FCPATH/index.php')
ERROR - 2023-01-20 21:18:03 --> mysqli_sql_exception: Cannot delete or update a parent row: a foreign key constraint fails (`ci4pickup`.`messages`, CONSTRAINT `messages_user_id_foreign` FOREIGN KEY (`user_id`) REFERENCES `users` (`id`)) in /Users/macbookair/Downloads/CodeIgniter4-4.2.12/system/Database/MySQLi/Connection.php:292
Stack trace:
#0 /Users/macbookair/Downloads/CodeIgniter4-4.2.12/system/Database/MySQLi/Connection.php(292): mysqli->query('DELETE FROM `us...', 0)
#1 /Users/macbookair/Downloads/CodeIgniter4-4.2.12/system/Database/BaseConnection.php(666): CodeIgniter\Database\MySQLi\Connection->execute('DELETE FROM `us...')
#2 /Users/macbookair/Downloads/CodeIgniter4-4.2.12/system/Database/BaseConnection.php(593): CodeIgniter\Database\BaseConnection->simpleQuery('DELETE FROM `us...')
#3 /Users/macbookair/Downloads/CodeIgniter4-4.2.12/system/Database/BaseBuilder.php(2391): CodeIgniter\Database\BaseConnection->query('DELETE FROM `us...', Array, false)
#4 /Users/macbookair/Downloads/CodeIgniter4-4.2.12/system/Model.php(425): CodeIgniter\Database\BaseBuilder->delete()
#5 /Users/macbookair/Downloads/CodeIgniter4-4.2.12/system/BaseModel.php(985): CodeIgniter\Model->doDelete(Array, false)
#6 /Users/macbookair/Downloads/CodeIgniter4-4.2.12/app/Controllers/UserController.php(145): CodeIgniter\BaseModel->delete(Array)
#7 /Users/macbookair/Downloads/CodeIgniter4-4.2.12/system/CodeIgniter.php(925): App\Controllers\UserController->delete('1')
#8 /Users/macbookair/Downloads/CodeIgniter4-4.2.12/system/CodeIgniter.php(480): CodeIgniter\CodeIgniter->runController(Object(App\Controllers\UserController))
#9 /Users/macbookair/Downloads/CodeIgniter4-4.2.12/system/CodeIgniter.php(349): CodeIgniter\CodeIgniter->handleRequest(NULL, Object(Config\Cache), false)
#10 /Users/macbookair/Downloads/CodeIgniter4-4.2.12/public/index.php(67): CodeIgniter\CodeIgniter->run()
#11 /Users/macbookair/Downloads/CodeIgniter4-4.2.12/system/Commands/Server/rewrite.php(47): require_once('/Users/macbooka...')
#12 {main}
CRITICAL - 2023-01-20 21:18:03 --> Cannot delete or update a parent row: a foreign key constraint fails (`ci4pickup`.`messages`, CONSTRAINT `messages_user_id_foreign` FOREIGN KEY (`user_id`) REFERENCES `users` (`id`))
in SYSTEMPATH/Database/MySQLi/Connection.php on line 292.
 1 SYSTEMPATH/Database/MySQLi/Connection.php(292): mysqli->query('DELETE FROM `users`
WHERE `id` IN (\'1\')', 0)
 2 SYSTEMPATH/Database/BaseConnection.php(666): CodeIgniter\Database\MySQLi\Connection->execute('DELETE FROM `users`
WHERE `id` IN (\'1\')')
 3 SYSTEMPATH/Database/BaseConnection.php(593): CodeIgniter\Database\BaseConnection->simpleQuery('DELETE FROM `users`
WHERE `id` IN (\'1\')')
 4 SYSTEMPATH/Database/BaseBuilder.php(2391): CodeIgniter\Database\BaseConnection->query('DELETE FROM `users`
WHERE `id` IN :id:', [...], false)
 5 SYSTEMPATH/Model.php(425): CodeIgniter\Database\BaseBuilder->delete()
 6 SYSTEMPATH/BaseModel.php(985): CodeIgniter\Model->doDelete([...], false)
 7 APPPATH/Controllers/UserController.php(145): CodeIgniter\BaseModel->delete([...])
 8 SYSTEMPATH/CodeIgniter.php(925): App\Controllers\UserController->delete('1')
 9 SYSTEMPATH/CodeIgniter.php(480): CodeIgniter\CodeIgniter->runController(Object(App\Controllers\UserController))
10 SYSTEMPATH/CodeIgniter.php(349): CodeIgniter\CodeIgniter->handleRequest(null, Object(Config\Cache), false)
11 FCPATH/index.php(67): CodeIgniter\CodeIgniter->run()
12 SYSTEMPATH/Commands/Server/rewrite.php(47): require_once('FCPATH/index.php')
ERROR - 2023-01-20 21:18:54 --> mysqli_sql_exception: Cannot delete or update a parent row: a foreign key constraint fails (`ci4pickup`.`tikets`, CONSTRAINT `tikets_city_id_foreign` FOREIGN KEY (`city_id`) REFERENCES `cities` (`id`)) in /Users/macbookair/Downloads/CodeIgniter4-4.2.12/system/Database/MySQLi/Connection.php:292
Stack trace:
#0 /Users/macbookair/Downloads/CodeIgniter4-4.2.12/system/Database/MySQLi/Connection.php(292): mysqli->query('DELETE FROM `ci...', 0)
#1 /Users/macbookair/Downloads/CodeIgniter4-4.2.12/system/Database/BaseConnection.php(666): CodeIgniter\Database\MySQLi\Connection->execute('DELETE FROM `ci...')
#2 /Users/macbookair/Downloads/CodeIgniter4-4.2.12/system/Database/BaseConnection.php(593): CodeIgniter\Database\BaseConnection->simpleQuery('DELETE FROM `ci...')
#3 /Users/macbookair/Downloads/CodeIgniter4-4.2.12/system/Database/BaseBuilder.php(2391): CodeIgniter\Database\BaseConnection->query('DELETE FROM `ci...', Array, false)
#4 /Users/macbookair/Downloads/CodeIgniter4-4.2.12/system/Model.php(425): CodeIgniter\Database\BaseBuilder->delete()
#5 /Users/macbookair/Downloads/CodeIgniter4-4.2.12/system/BaseModel.php(985): CodeIgniter\Model->doDelete(Array, false)
#6 /Users/macbookair/Downloads/CodeIgniter4-4.2.12/app/Controllers/ZipController.php(115): CodeIgniter\BaseModel->delete(Array)
#7 /Users/macbookair/Downloads/CodeIgniter4-4.2.12/system/CodeIgniter.php(925): App\Controllers\ZipController->delete('15650')
#8 /Users/macbookair/Downloads/CodeIgniter4-4.2.12/system/CodeIgniter.php(480): CodeIgniter\CodeIgniter->runController(Object(App\Controllers\ZipController))
#9 /Users/macbookair/Downloads/CodeIgniter4-4.2.12/system/CodeIgniter.php(349): CodeIgniter\CodeIgniter->handleRequest(NULL, Object(Config\Cache), false)
#10 /Users/macbookair/Downloads/CodeIgniter4-4.2.12/public/index.php(67): CodeIgniter\CodeIgniter->run()
#11 /Users/macbookair/Downloads/CodeIgniter4-4.2.12/system/Commands/Server/rewrite.php(47): require_once('/Users/macbooka...')
#12 {main}
CRITICAL - 2023-01-20 21:18:54 --> Cannot delete or update a parent row: a foreign key constraint fails (`ci4pickup`.`tikets`, CONSTRAINT `tikets_city_id_foreign` FOREIGN KEY (`city_id`) REFERENCES `cities` (`id`))
in SYSTEMPATH/Database/MySQLi/Connection.php on line 292.
 1 SYSTEMPATH/Database/MySQLi/Connection.php(292): mysqli->query('DELETE FROM `cities`
WHERE `id` IN (\'15650\')', 0)
 2 SYSTEMPATH/Database/BaseConnection.php(666): CodeIgniter\Database\MySQLi\Connection->execute('DELETE FROM `cities`
WHERE `id` IN (\'15650\')')
 3 SYSTEMPATH/Database/BaseConnection.php(593): CodeIgniter\Database\BaseConnection->simpleQuery('DELETE FROM `cities`
WHERE `id` IN (\'15650\')')
 4 SYSTEMPATH/Database/BaseBuilder.php(2391): CodeIgniter\Database\BaseConnection->query('DELETE FROM `cities`
WHERE `id` IN :id:', [...], false)
 5 SYSTEMPATH/Model.php(425): CodeIgniter\Database\BaseBuilder->delete()
 6 SYSTEMPATH/BaseModel.php(985): CodeIgniter\Model->doDelete([...], false)
 7 APPPATH/Controllers/ZipController.php(115): CodeIgniter\BaseModel->delete([...])
 8 SYSTEMPATH/CodeIgniter.php(925): App\Controllers\ZipController->delete('15650')
 9 SYSTEMPATH/CodeIgniter.php(480): CodeIgniter\CodeIgniter->runController(Object(App\Controllers\ZipController))
10 SYSTEMPATH/CodeIgniter.php(349): CodeIgniter\CodeIgniter->handleRequest(null, Object(Config\Cache), false)
11 FCPATH/index.php(67): CodeIgniter\CodeIgniter->run()
12 SYSTEMPATH/Commands/Server/rewrite.php(47): require_once('FCPATH/index.php')
ERROR - 2023-01-20 21:19:26 --> mysqli_sql_exception: Cannot delete or update a parent row: a foreign key constraint fails (`ci4pickup`.`tikets`, CONSTRAINT `tikets_city_id_foreign` FOREIGN KEY (`city_id`) REFERENCES `cities` (`id`)) in /Users/macbookair/Downloads/CodeIgniter4-4.2.12/system/Database/MySQLi/Connection.php:292
Stack trace:
#0 /Users/macbookair/Downloads/CodeIgniter4-4.2.12/system/Database/MySQLi/Connection.php(292): mysqli->query('DELETE FROM `ci...', 0)
#1 /Users/macbookair/Downloads/CodeIgniter4-4.2.12/system/Database/BaseConnection.php(666): CodeIgniter\Database\MySQLi\Connection->execute('DELETE FROM `ci...')
#2 /Users/macbookair/Downloads/CodeIgniter4-4.2.12/system/Database/BaseConnection.php(593): CodeIgniter\Database\BaseConnection->simpleQuery('DELETE FROM `ci...')
#3 /Users/macbookair/Downloads/CodeIgniter4-4.2.12/system/Database/BaseBuilder.php(2391): CodeIgniter\Database\BaseConnection->query('DELETE FROM `ci...', Array, false)
#4 /Users/macbookair/Downloads/CodeIgniter4-4.2.12/system/Model.php(425): CodeIgniter\Database\BaseBuilder->delete()
#5 /Users/macbookair/Downloads/CodeIgniter4-4.2.12/system/BaseModel.php(985): CodeIgniter\Model->doDelete(Array, false)
#6 /Users/macbookair/Downloads/CodeIgniter4-4.2.12/app/Controllers/ZipController.php(115): CodeIgniter\BaseModel->delete(Array)
#7 /Users/macbookair/Downloads/CodeIgniter4-4.2.12/system/CodeIgniter.php(925): App\Controllers\ZipController->delete('15650')
#8 /Users/macbookair/Downloads/CodeIgniter4-4.2.12/system/CodeIgniter.php(480): CodeIgniter\CodeIgniter->runController(Object(App\Controllers\ZipController))
#9 /Users/macbookair/Downloads/CodeIgniter4-4.2.12/system/CodeIgniter.php(349): CodeIgniter\CodeIgniter->handleRequest(NULL, Object(Config\Cache), false)
#10 /Users/macbookair/Downloads/CodeIgniter4-4.2.12/public/index.php(67): CodeIgniter\CodeIgniter->run()
#11 /Users/macbookair/Downloads/CodeIgniter4-4.2.12/system/Commands/Server/rewrite.php(47): require_once('/Users/macbooka...')
#12 {main}
ERROR - 2023-01-20 21:19:29 --> mysqli_sql_exception: Cannot delete or update a parent row: a foreign key constraint fails (`ci4pickup`.`tikets`, CONSTRAINT `tikets_city_id_foreign` FOREIGN KEY (`city_id`) REFERENCES `cities` (`id`)) in /Users/macbookair/Downloads/CodeIgniter4-4.2.12/system/Database/MySQLi/Connection.php:292
Stack trace:
#0 /Users/macbookair/Downloads/CodeIgniter4-4.2.12/system/Database/MySQLi/Connection.php(292): mysqli->query('DELETE FROM `ci...', 0)
#1 /Users/macbookair/Downloads/CodeIgniter4-4.2.12/system/Database/BaseConnection.php(666): CodeIgniter\Database\MySQLi\Connection->execute('DELETE FROM `ci...')
#2 /Users/macbookair/Downloads/CodeIgniter4-4.2.12/system/Database/BaseConnection.php(593): CodeIgniter\Database\BaseConnection->simpleQuery('DELETE FROM `ci...')
#3 /Users/macbookair/Downloads/CodeIgniter4-4.2.12/system/Database/BaseBuilder.php(2391): CodeIgniter\Database\BaseConnection->query('DELETE FROM `ci...', Array, false)
#4 /Users/macbookair/Downloads/CodeIgniter4-4.2.12/system/Model.php(425): CodeIgniter\Database\BaseBuilder->delete()
#5 /Users/macbookair/Downloads/CodeIgniter4-4.2.12/system/BaseModel.php(985): CodeIgniter\Model->doDelete(Array, false)
#6 /Users/macbookair/Downloads/CodeIgniter4-4.2.12/app/Controllers/ZipController.php(115): CodeIgniter\BaseModel->delete(Array)
#7 /Users/macbookair/Downloads/CodeIgniter4-4.2.12/system/CodeIgniter.php(925): App\Controllers\ZipController->delete('15650')
#8 /Users/macbookair/Downloads/CodeIgniter4-4.2.12/system/CodeIgniter.php(480): CodeIgniter\CodeIgniter->runController(Object(App\Controllers\ZipController))
#9 /Users/macbookair/Downloads/CodeIgniter4-4.2.12/system/CodeIgniter.php(349): CodeIgniter\CodeIgniter->handleRequest(NULL, Object(Config\Cache), false)
#10 /Users/macbookair/Downloads/CodeIgniter4-4.2.12/public/index.php(67): CodeIgniter\CodeIgniter->run()
#11 /Users/macbookair/Downloads/CodeIgniter4-4.2.12/system/Commands/Server/rewrite.php(47): require_once('/Users/macbooka...')
#12 {main}
ERROR - 2023-01-20 21:19:32 --> mysqli_sql_exception: Cannot delete or update a parent row: a foreign key constraint fails (`ci4pickup`.`tikets`, CONSTRAINT `tikets_city_id_foreign` FOREIGN KEY (`city_id`) REFERENCES `cities` (`id`)) in /Users/macbookair/Downloads/CodeIgniter4-4.2.12/system/Database/MySQLi/Connection.php:292
Stack trace:
#0 /Users/macbookair/Downloads/CodeIgniter4-4.2.12/system/Database/MySQLi/Connection.php(292): mysqli->query('DELETE FROM `ci...', 0)
#1 /Users/macbookair/Downloads/CodeIgniter4-4.2.12/system/Database/BaseConnection.php(666): CodeIgniter\Database\MySQLi\Connection->execute('DELETE FROM `ci...')
#2 /Users/macbookair/Downloads/CodeIgniter4-4.2.12/system/Database/BaseConnection.php(593): CodeIgniter\Database\BaseConnection->simpleQuery('DELETE FROM `ci...')
#3 /Users/macbookair/Downloads/CodeIgniter4-4.2.12/system/Database/BaseBuilder.php(2391): CodeIgniter\Database\BaseConnection->query('DELETE FROM `ci...', Array, false)
#4 /Users/macbookair/Downloads/CodeIgniter4-4.2.12/system/Model.php(425): CodeIgniter\Database\BaseBuilder->delete()
#5 /Users/macbookair/Downloads/CodeIgniter4-4.2.12/system/BaseModel.php(985): CodeIgniter\Model->doDelete(Array, false)
#6 /Users/macbookair/Downloads/CodeIgniter4-4.2.12/app/Controllers/ZipController.php(115): CodeIgniter\BaseModel->delete(Array)
#7 /Users/macbookair/Downloads/CodeIgniter4-4.2.12/system/CodeIgniter.php(925): App\Controllers\ZipController->delete('12000')
#8 /Users/macbookair/Downloads/CodeIgniter4-4.2.12/system/CodeIgniter.php(480): CodeIgniter\CodeIgniter->runController(Object(App\Controllers\ZipController))
#9 /Users/macbookair/Downloads/CodeIgniter4-4.2.12/system/CodeIgniter.php(349): CodeIgniter\CodeIgniter->handleRequest(NULL, Object(Config\Cache), false)
#10 /Users/macbookair/Downloads/CodeIgniter4-4.2.12/public/index.php(67): CodeIgniter\CodeIgniter->run()
#11 /Users/macbookair/Downloads/CodeIgniter4-4.2.12/system/Commands/Server/rewrite.php(47): require_once('/Users/macbooka...')
#12 {main}
ERROR - 2023-01-20 21:19:39 --> mysqli_sql_exception: Cannot delete or update a parent row: a foreign key constraint fails (`ci4pickup`.`tikets`, CONSTRAINT `tikets_city_id_foreign` FOREIGN KEY (`city_id`) REFERENCES `cities` (`id`)) in /Users/macbookair/Downloads/CodeIgniter4-4.2.12/system/Database/MySQLi/Connection.php:292
Stack trace:
#0 /Users/macbookair/Downloads/CodeIgniter4-4.2.12/system/Database/MySQLi/Connection.php(292): mysqli->query('DELETE FROM `ci...', 0)
#1 /Users/macbookair/Downloads/CodeIgniter4-4.2.12/system/Database/BaseConnection.php(666): CodeIgniter\Database\MySQLi\Connection->execute('DELETE FROM `ci...')
#2 /Users/macbookair/Downloads/CodeIgniter4-4.2.12/system/Database/BaseConnection.php(593): CodeIgniter\Database\BaseConnection->simpleQuery('DELETE FROM `ci...')
#3 /Users/macbookair/Downloads/CodeIgniter4-4.2.12/system/Database/BaseBuilder.php(2391): CodeIgniter\Database\BaseConnection->query('DELETE FROM `ci...', Array, false)
#4 /Users/macbookair/Downloads/CodeIgniter4-4.2.12/system/Model.php(425): CodeIgniter\Database\BaseBuilder->delete()
#5 /Users/macbookair/Downloads/CodeIgniter4-4.2.12/system/BaseModel.php(985): CodeIgniter\Model->doDelete(Array, false)
#6 /Users/macbookair/Downloads/CodeIgniter4-4.2.12/app/Controllers/ZipController.php(115): CodeIgniter\BaseModel->delete(Array)
#7 /Users/macbookair/Downloads/CodeIgniter4-4.2.12/system/CodeIgniter.php(925): App\Controllers\ZipController->delete('15650')
#8 /Users/macbookair/Downloads/CodeIgniter4-4.2.12/system/CodeIgniter.php(480): CodeIgniter\CodeIgniter->runController(Object(App\Controllers\ZipController))
#9 /Users/macbookair/Downloads/CodeIgniter4-4.2.12/system/CodeIgniter.php(349): CodeIgniter\CodeIgniter->handleRequest(NULL, Object(Config\Cache), false)
#10 /Users/macbookair/Downloads/CodeIgniter4-4.2.12/public/index.php(67): CodeIgniter\CodeIgniter->run()
#11 /Users/macbookair/Downloads/CodeIgniter4-4.2.12/system/Commands/Server/rewrite.php(47): require_once('/Users/macbooka...')
#12 {main}
