CRITICAL - 2023-01-19 09:32:21 --> Invalid argument supplied for foreach()
in APPPATH/Views/tikets/index.php on line 42.
 1 APPPATH/Views/tikets/index.php(42): CodeIgniter\Debug\Exceptions->errorHandler(2, 'Invalid argument supplied for foreach()', 'APPPATH/Views/tikets/index.php', 42, [...])
 2 SYSTEMPATH/View/View.php(213): include('APPPATH/Views/tikets/index.php')
 3 SYSTEMPATH/View/View.php(216): CodeIgniter\View\View->CodeIgniter\View\{closure}()
 4 SYSTEMPATH/Common.php(1135): CodeIgniter\View\View->render('tikets/index', [], true)
 5 APPPATH/Controllers/TiketController.php(72): view('tikets/index', [...])
 6 SYSTEMPATH/CodeIgniter.php(925): App\Controllers\TiketController->index()
 7 SYSTEMPATH/CodeIgniter.php(480): CodeIgniter\CodeIgniter->runController(Object(App\Controllers\TiketController))
 8 SYSTEMPATH/CodeIgniter.php(349): CodeIgniter\CodeIgniter->handleRequest(null, Object(Config\Cache), false)
 9 FCPATH/index.php(67): CodeIgniter\CodeIgniter->run()
10 SYSTEMPATH/Commands/Server/rewrite.php(47): require_once('FCPATH/index.php')
CRITICAL - 2023-01-19 09:34:03 --> Class 'PhpOffice\PhpSpreadsheet\Reader\Xlsx' not found
in APPPATH/Controllers/TiketController.php on line 122.
 1 SYSTEMPATH/CodeIgniter.php(925): App\Controllers\TiketController->store()
 2 SYSTEMPATH/CodeIgniter.php(480): CodeIgniter\CodeIgniter->runController(Object(App\Controllers\TiketController))
 3 SYSTEMPATH/CodeIgniter.php(349): CodeIgniter\CodeIgniter->handleRequest(null, Object(Config\Cache), false)
 4 FCPATH/index.php(67): CodeIgniter\CodeIgniter->run()
 5 SYSTEMPATH/Commands/Server/rewrite.php(47): require_once('FCPATH/index.php')
CRITICAL - 2023-01-19 09:35:47 --> ini_set(): Headers already sent. You cannot change the session module's ini settings at this time
in SYSTEMPATH/Session/Handlers/FileHandler.php on line 72.
 1 [internal function]: CodeIgniter\Debug\Exceptions->errorHandler(2, 'ini_set(): Headers already sent. You cannot change the session module\'s ini settings at this time', 'SYSTEMPATH/Session/Handlers/FileHandler.php', 72, [...])
 2 SYSTEMPATH/Session/Handlers/FileHandler.php(72): ini_set('session.save_path', 'ROOTPATH/writable/session')
 3 SYSTEMPATH/Config/Services.php(658): CodeIgniter\Session\Handlers\FileHandler->__construct(Object(Config\App), '::1')
 4 SYSTEMPATH/Config/BaseService.php(253): CodeIgniter\Config\Services::session(Object(Config\App), false)
 5 SYSTEMPATH/Config/BaseService.php(194): CodeIgniter\Config\BaseService::__callStatic('session', [...])
 6 SYSTEMPATH/Config/Services.php(637): CodeIgniter\Config\BaseService::getSharedInstance('session', null)
 7 SYSTEMPATH/Config/BaseService.php(253): CodeIgniter\Config\Services::session()
 8 SYSTEMPATH/Common.php(932): CodeIgniter\Config\BaseService::__callStatic('session', [])
 9 APPPATH/Filters/AuthGuard.php(13): session()
10 SYSTEMPATH/Filters/Filters.php(173): App\Filters\AuthGuard->before(Object(CodeIgniter\HTTP\IncomingRequest), null)
11 SYSTEMPATH/CodeIgniter.php(453): CodeIgniter\Filters\Filters->run('tiket', 'before')
12 SYSTEMPATH/CodeIgniter.php(349): CodeIgniter\CodeIgniter->handleRequest(null, Object(Config\Cache), false)
13 FCPATH/index.php(67): CodeIgniter\CodeIgniter->run()
14 SYSTEMPATH/Commands/Server/rewrite.php(47): require_once('FCPATH/index.php')
