CRITICAL - 2024-02-23 09:30:24 --> Call to undefined method App\Controllers\LogBookController::notif()
in APPPATH/Controllers/LogBookController.php on line 168.
 1 SYSTEMPATH/CodeIgniter.php(925): App\Controllers\LogBookController->show('99')
 2 SYSTEMPATH/CodeIgniter.php(480): CodeIgniter\CodeIgniter->runController(Object(App\Controllers\LogBookController))
 3 SYSTEMPATH/CodeIgniter.php(349): CodeIgniter\CodeIgniter->handleRequest(null, Object(Config\Cache), false)
 4 FCPATH/index.php(67): CodeIgniter\CodeIgniter->run()
 5 SYSTEMPATH/Commands/Server/rewrite.php(47): require_once('FCPATH/index.php')
ERROR - 2024-02-23 09:37:47 --> mysqli_sql_exception: Column 'id' in where clause is ambiguous in /Users/macbookair/Project2023/Codeigniter/DashboadCTPICKUP-2.1/system/Database/MySQLi/Connection.php:292
Stack trace:
#0 /Users/macbookair/Project2023/Codeigniter/DashboadCTPICKUP-2.1/system/Database/MySQLi/Connection.php(292): mysqli->query('SELECT `logbook...', 0)
#1 /Users/macbookair/Project2023/Codeigniter/DashboadCTPICKUP-2.1/system/Database/BaseConnection.php(666): CodeIgniter\Database\MySQLi\Connection->execute('SELECT `logbook...')
#2 /Users/macbookair/Project2023/Codeigniter/DashboadCTPICKUP-2.1/system/Database/BaseConnection.php(593): CodeIgniter\Database\BaseConnection->simpleQuery('SELECT `logbook...')
#3 /Users/macbookair/Project2023/Codeigniter/DashboadCTPICKUP-2.1/system/Database/BaseBuilder.php(1585): CodeIgniter\Database\BaseConnection->query('SELECT `logbook...', Array, false)
#4 /Users/macbookair/Project2023/Codeigniter/DashboadCTPICKUP-2.1/system/Model.php(809): CodeIgniter\Database\BaseBuilder->get()
#5 /Users/macbookair/Project2023/Codeigniter/DashboadCTPICKUP-2.1/app/Controllers/LogBookController.php(178): CodeIgniter\Model->__call('get', Array)
#6 /Users/macbookair/Project2023/Codeigniter/DashboadCTPICKUP-2.1/system/CodeIgniter.php(925): App\Controllers\LogBookController->show('99')
#7 /Users/macbookair/Project2023/Codeigniter/DashboadCTPICKUP-2.1/system/CodeIgniter.php(480): CodeIgniter\CodeIgniter->runController(Object(App\Controllers\LogBookController))
#8 /Users/macbookair/Project2023/Codeigniter/DashboadCTPICKUP-2.1/system/CodeIgniter.php(349): CodeIgniter\CodeIgniter->handleRequest(NULL, Object(Config\Cache), false)
#9 /Users/macbookair/Project2023/Codeigniter/DashboadCTPICKUP-2.1/public/index.php(67): CodeIgniter\CodeIgniter->run()
#10 /Users/macbookair/Project2023/Codeigniter/DashboadCTPICKUP-2.1/system/Commands/Server/rewrite.php(47): require_once('/Users/macbooka...')
#11 {main}
CRITICAL - 2024-02-23 09:37:47 --> Column 'id' in where clause is ambiguous
in SYSTEMPATH/Database/MySQLi/Connection.php on line 292.
 1 SYSTEMPATH/Database/MySQLi/Connection.php(292): mysqli->query('SELECT `logbooks`.`id` as `id`, `accounts`.`cust_industry` as `customer`, `code_3lc`, `regional`, `priority`, `logbooks`.`created_at` as `created_at`, `categories`.`name` as `category`, `issues`.`name` as `issue`, `sub_types`.`name` as `sub_type`, `descriptions`.`name` as `description`, `escalation`, `impacts`.`name` as `impact`, `action`, `username`, `task`, `status`
FROM `logbooks`
JOIN `users` ON `logbooks`.`user_id` = `users`.`id`
JOIN `accounts` ON `logbooks`.`account_id` = `accounts`.`id`
JOIN `categories` ON `logbooks`.`category_id` = `categories`.`id`
JOIN `issues` ON `logbooks`.`issue_id` = `issues`.`id`
JOIN `sub_types` ON `logbooks`.`sub_type_id` = `sub_types`.`id`
JOIN `descriptions` ON `logbooks`.`description_id` = `descriptions`.`id`
JOIN `impacts` ON `logbooks`.`impact_id` = `impacts`.`id`
WHERE `id` = \'99\'', 0)
 2 SYSTEMPATH/Database/BaseConnection.php(666): CodeIgniter\Database\MySQLi\Connection->execute('SELECT `logbooks`.`id` as `id`, `accounts`.`cust_industry` as `customer`, `code_3lc`, `regional`, `priority`, `logbooks`.`created_at` as `created_at`, `categories`.`name` as `category`, `issues`.`name` as `issue`, `sub_types`.`name` as `sub_type`, `descriptions`.`name` as `description`, `escalation`, `impacts`.`name` as `impact`, `action`, `username`, `task`, `status`
FROM `logbooks`
JOIN `users` ON `logbooks`.`user_id` = `users`.`id`
JOIN `accounts` ON `logbooks`.`account_id` = `accounts`.`id`
JOIN `categories` ON `logbooks`.`category_id` = `categories`.`id`
JOIN `issues` ON `logbooks`.`issue_id` = `issues`.`id`
JOIN `sub_types` ON `logbooks`.`sub_type_id` = `sub_types`.`id`
JOIN `descriptions` ON `logbooks`.`description_id` = `descriptions`.`id`
JOIN `impacts` ON `logbooks`.`impact_id` = `impacts`.`id`
WHERE `id` = \'99\'')
 3 SYSTEMPATH/Database/BaseConnection.php(593): CodeIgniter\Database\BaseConnection->simpleQuery('SELECT `logbooks`.`id` as `id`, `accounts`.`cust_industry` as `customer`, `code_3lc`, `regional`, `priority`, `logbooks`.`created_at` as `created_at`, `categories`.`name` as `category`, `issues`.`name` as `issue`, `sub_types`.`name` as `sub_type`, `descriptions`.`name` as `description`, `escalation`, `impacts`.`name` as `impact`, `action`, `username`, `task`, `status`
FROM `logbooks`
JOIN `users` ON `logbooks`.`user_id` = `users`.`id`
JOIN `accounts` ON `logbooks`.`account_id` = `accounts`.`id`
JOIN `categories` ON `logbooks`.`category_id` = `categories`.`id`
JOIN `issues` ON `logbooks`.`issue_id` = `issues`.`id`
JOIN `sub_types` ON `logbooks`.`sub_type_id` = `sub_types`.`id`
JOIN `descriptions` ON `logbooks`.`description_id` = `descriptions`.`id`
JOIN `impacts` ON `logbooks`.`impact_id` = `impacts`.`id`
WHERE `id` = \'99\'')
 4 SYSTEMPATH/Database/BaseBuilder.php(1585): CodeIgniter\Database\BaseConnection->query('SELECT `logbooks`.`id` as `id`, `accounts`.`cust_industry` as `customer`, `code_3lc`, `regional`, `priority`, `logbooks`.`created_at` as `created_at`, `categories`.`name` as `category`, `issues`.`name` as `issue`, `sub_types`.`name` as `sub_type`, `descriptions`.`name` as `description`, `escalation`, `impacts`.`name` as `impact`, `action`, `username`, `task`, `status`
FROM `logbooks`
JOIN `users` ON `logbooks`.`user_id` = `users`.`id`
JOIN `accounts` ON `logbooks`.`account_id` = `accounts`.`id`
JOIN `categories` ON `logbooks`.`category_id` = `categories`.`id`
JOIN `issues` ON `logbooks`.`issue_id` = `issues`.`id`
JOIN `sub_types` ON `logbooks`.`sub_type_id` = `sub_types`.`id`
JOIN `descriptions` ON `logbooks`.`description_id` = `descriptions`.`id`
JOIN `impacts` ON `logbooks`.`impact_id` = `impacts`.`id`
WHERE `id` = :id:', [...], false)
 5 SYSTEMPATH/Model.php(809): CodeIgniter\Database\BaseBuilder->get()
 6 APPPATH/Controllers/LogBookController.php(178): CodeIgniter\Model->__call('get', [])
 7 SYSTEMPATH/CodeIgniter.php(925): App\Controllers\LogBookController->show('99')
 8 SYSTEMPATH/CodeIgniter.php(480): CodeIgniter\CodeIgniter->runController(Object(App\Controllers\LogBookController))
 9 SYSTEMPATH/CodeIgniter.php(349): CodeIgniter\CodeIgniter->handleRequest(null, Object(Config\Cache), false)
10 FCPATH/index.php(67): CodeIgniter\CodeIgniter->run()
11 SYSTEMPATH/Commands/Server/rewrite.php(47): require_once('FCPATH/index.php')
CRITICAL - 2024-02-23 09:45:18 --> Attempt to read property "task" on null
in APPPATH/Views/logBook/show.php on line 15.
 1 APPPATH/Views/logBook/show.php(15): CodeIgniter\Debug\Exceptions->errorHandler(2, 'Attempt to read property "task" on null', 'APPPATH/Views/logBook/show.php', 15)
 2 SYSTEMPATH/View/View.php(213): include('APPPATH/Views/logBook/show.php')
 3 SYSTEMPATH/View/View.php(216): CodeIgniter\View\View->CodeIgniter\View\{closure}()
 4 SYSTEMPATH/Common.php(1135): CodeIgniter\View\View->render('logBook/show.php', [], true)
 5 APPPATH/Controllers/LogBookController.php(181): view('logBook/show.php', [...])
 6 SYSTEMPATH/CodeIgniter.php(925): App\Controllers\LogBookController->show('...')
 7 SYSTEMPATH/CodeIgniter.php(480): CodeIgniter\CodeIgniter->runController(Object(App\Controllers\LogBookController))
 8 SYSTEMPATH/CodeIgniter.php(349): CodeIgniter\CodeIgniter->handleRequest(null, Object(Config\Cache), false)
 9 FCPATH/index.php(67): CodeIgniter\CodeIgniter->run()
10 SYSTEMPATH/Commands/Server/rewrite.php(47): require_once('FCPATH/index.php')
CRITICAL - 2024-02-23 10:14:41 --> Attempt to read property "username" on array
in APPPATH/Views/logBook/show.php on line 98.
 1 APPPATH/Views/logBook/show.php(98): CodeIgniter\Debug\Exceptions->errorHandler(2, 'Attempt to read property "username" on array', 'APPPATH/Views/logBook/show.php', 98)
 2 SYSTEMPATH/View/View.php(213): include('APPPATH/Views/logBook/show.php')
 3 SYSTEMPATH/View/View.php(216): CodeIgniter\View\View->CodeIgniter\View\{closure}()
 4 SYSTEMPATH/Common.php(1135): CodeIgniter\View\View->render('logBook/show.php', [], true)
 5 APPPATH/Controllers/LogBookController.php(182): view('logBook/show.php', [...])
 6 SYSTEMPATH/CodeIgniter.php(925): App\Controllers\LogBookController->show('99')
 7 SYSTEMPATH/CodeIgniter.php(480): CodeIgniter\CodeIgniter->runController(Object(App\Controllers\LogBookController))
 8 SYSTEMPATH/CodeIgniter.php(349): CodeIgniter\CodeIgniter->handleRequest(null, Object(Config\Cache), false)
 9 FCPATH/index.php(67): CodeIgniter\CodeIgniter->run()
10 SYSTEMPATH/Commands/Server/rewrite.php(47): require_once('FCPATH/index.php')
CRITICAL - 2024-02-23 10:17:20 --> syntax error, unexpected token ";", expecting ")"
in APPPATH/Controllers/LogBookController.php on line 167.
 1 SYSTEMPATH/Autoloader/Autoloader.php(260): CodeIgniter\Autoloader\Autoloader->includeFile('APPPATH/Controllers/LogBookController.php')
 2 SYSTEMPATH/Autoloader/Autoloader.php(238): CodeIgniter\Autoloader\Autoloader->loadInNamespace('App\\Controllers\\LogBookController')
 3 [internal function]: CodeIgniter\Autoloader\Autoloader->loadClass('App\\Controllers\\LogBookController')
 4 SYSTEMPATH/CodeIgniter.php(875): class_exists('\\App\\Controllers\\LogBookController', true)
 5 SYSTEMPATH/CodeIgniter.php(467): CodeIgniter\CodeIgniter->startController()
 6 SYSTEMPATH/CodeIgniter.php(349): CodeIgniter\CodeIgniter->handleRequest(null, Object(Config\Cache), false)
 7 FCPATH/index.php(67): CodeIgniter\CodeIgniter->run()
 8 SYSTEMPATH/Commands/Server/rewrite.php(47): require_once('FCPATH/index.php')
CRITICAL - 2024-02-23 10:17:31 --> syntax error, unexpected token ";", expecting ")"
in APPPATH/Controllers/LogBookController.php on line 167.
 1 SYSTEMPATH/Autoloader/Autoloader.php(260): CodeIgniter\Autoloader\Autoloader->includeFile('APPPATH/Controllers/LogBookController.php')
 2 SYSTEMPATH/Autoloader/Autoloader.php(238): CodeIgniter\Autoloader\Autoloader->loadInNamespace('App\\Controllers\\LogBookController')
 3 [internal function]: CodeIgniter\Autoloader\Autoloader->loadClass('App\\Controllers\\LogBookController')
 4 SYSTEMPATH/CodeIgniter.php(875): class_exists('\\App\\Controllers\\LogBookController', true)
 5 SYSTEMPATH/CodeIgniter.php(467): CodeIgniter\CodeIgniter->startController()
 6 SYSTEMPATH/CodeIgniter.php(349): CodeIgniter\CodeIgniter->handleRequest(null, Object(Config\Cache), false)
 7 FCPATH/index.php(67): CodeIgniter\CodeIgniter->run()
 8 SYSTEMPATH/Commands/Server/rewrite.php(47): require_once('FCPATH/index.php')
CRITICAL - 2024-02-23 10:17:46 --> syntax error, unexpected token ";", expecting ")"
in APPPATH/Controllers/LogBookController.php on line 165.
 1 SYSTEMPATH/Autoloader/Autoloader.php(260): CodeIgniter\Autoloader\Autoloader->includeFile('APPPATH/Controllers/LogBookController.php')
 2 SYSTEMPATH/Autoloader/Autoloader.php(238): CodeIgniter\Autoloader\Autoloader->loadInNamespace('App\\Controllers\\LogBookController')
 3 [internal function]: CodeIgniter\Autoloader\Autoloader->loadClass('App\\Controllers\\LogBookController')
 4 SYSTEMPATH/CodeIgniter.php(875): class_exists('\\App\\Controllers\\LogBookController', true)
 5 SYSTEMPATH/CodeIgniter.php(467): CodeIgniter\CodeIgniter->startController()
 6 SYSTEMPATH/CodeIgniter.php(349): CodeIgniter\CodeIgniter->handleRequest(null, Object(Config\Cache), false)
 7 FCPATH/index.php(67): CodeIgniter\CodeIgniter->run()
 8 SYSTEMPATH/Commands/Server/rewrite.php(47): require_once('FCPATH/index.php')
CRITICAL - 2024-02-23 10:17:47 --> syntax error, unexpected token ";", expecting ")"
in APPPATH/Controllers/LogBookController.php on line 165.
 1 SYSTEMPATH/Autoloader/Autoloader.php(260): CodeIgniter\Autoloader\Autoloader->includeFile('APPPATH/Controllers/LogBookController.php')
 2 SYSTEMPATH/Autoloader/Autoloader.php(238): CodeIgniter\Autoloader\Autoloader->loadInNamespace('App\\Controllers\\LogBookController')
 3 [internal function]: CodeIgniter\Autoloader\Autoloader->loadClass('App\\Controllers\\LogBookController')
 4 SYSTEMPATH/CodeIgniter.php(875): class_exists('\\App\\Controllers\\LogBookController', true)
 5 SYSTEMPATH/CodeIgniter.php(467): CodeIgniter\CodeIgniter->startController()
 6 SYSTEMPATH/CodeIgniter.php(349): CodeIgniter\CodeIgniter->handleRequest(null, Object(Config\Cache), false)
 7 FCPATH/index.php(67): CodeIgniter\CodeIgniter->run()
 8 SYSTEMPATH/Commands/Server/rewrite.php(47): require_once('FCPATH/index.php')
CRITICAL - 2024-02-23 10:35:44 -->  is not a valid rule.
in SYSTEMPATH/Validation/Validation.php on line 323.
 1 SYSTEMPATH/Validation/Validation.php(323): CodeIgniter\Validation\Exceptions\ValidationException::forRuleNotFound('ROOTPATH/public')
 2 SYSTEMPATH/Validation/Validation.php(175): CodeIgniter\Validation\Validation->processRules('resolution', 'resolution', 'ROOTPATH/public', [...], [...])
 3 SYSTEMPATH/Controller.php(140): CodeIgniter\Validation\Validation->run()
 4 APPPATH/Controllers/LogBookController.php(216): CodeIgniter\Controller->validate([...])
 5 SYSTEMPATH/CodeIgniter.php(925): App\Controllers\LogBookController->updatelog()
 6 SYSTEMPATH/CodeIgniter.php(480): CodeIgniter\CodeIgniter->runController(Object(App\Controllers\LogBookController))
 7 SYSTEMPATH/CodeIgniter.php(349): CodeIgniter\CodeIgniter->handleRequest(null, Object(Config\Cache), false)
 8 FCPATH/index.php(67): CodeIgniter\CodeIgniter->run()
 9 SYSTEMPATH/Commands/Server/rewrite.php(47): require_once('FCPATH/index.php')
CRITICAL - 2024-02-23 10:47:03 --> Call to undefined method CodeIgniter\Database\MySQLi\Builder::save()
in APPPATH/Controllers/LogBookController.php on line 224.
 1 SYSTEMPATH/CodeIgniter.php(925): App\Controllers\LogBookController->updatelog()
 2 SYSTEMPATH/CodeIgniter.php(480): CodeIgniter\CodeIgniter->runController(Object(App\Controllers\LogBookController))
 3 SYSTEMPATH/CodeIgniter.php(349): CodeIgniter\CodeIgniter->handleRequest(null, Object(Config\Cache), false)
 4 FCPATH/index.php(67): CodeIgniter\CodeIgniter->run()
 5 SYSTEMPATH/Commands/Server/rewrite.php(47): require_once('FCPATH/index.php')
ERROR - 2024-02-23 10:47:25 --> mysqli_sql_exception: Unknown column 'users_id' in 'field list' in /Users/macbookair/Project2023/Codeigniter/DashboadCTPICKUP-2.1/system/Database/MySQLi/Connection.php:292
Stack trace:
#0 /Users/macbookair/Project2023/Codeigniter/DashboadCTPICKUP-2.1/system/Database/MySQLi/Connection.php(292): mysqli->query('INSERT INTO `up...', 0)
#1 /Users/macbookair/Project2023/Codeigniter/DashboadCTPICKUP-2.1/system/Database/BaseConnection.php(666): CodeIgniter\Database\MySQLi\Connection->execute('INSERT INTO `up...')
#2 /Users/macbookair/Project2023/Codeigniter/DashboadCTPICKUP-2.1/system/Database/BaseConnection.php(593): CodeIgniter\Database\BaseConnection->simpleQuery('INSERT INTO `up...')
#3 /Users/macbookair/Project2023/Codeigniter/DashboadCTPICKUP-2.1/system/Database/BaseBuilder.php(1916): CodeIgniter\Database\BaseConnection->query('INSERT INTO `up...', Array, false)
#4 /Users/macbookair/Project2023/Codeigniter/DashboadCTPICKUP-2.1/app/Controllers/LogBookController.php(224): CodeIgniter\Database\BaseBuilder->insert(Array)
#5 /Users/macbookair/Project2023/Codeigniter/DashboadCTPICKUP-2.1/system/CodeIgniter.php(925): App\Controllers\LogBookController->updatelog()
#6 /Users/macbookair/Project2023/Codeigniter/DashboadCTPICKUP-2.1/system/CodeIgniter.php(480): CodeIgniter\CodeIgniter->runController(Object(App\Controllers\LogBookController))
#7 /Users/macbookair/Project2023/Codeigniter/DashboadCTPICKUP-2.1/system/CodeIgniter.php(349): CodeIgniter\CodeIgniter->handleRequest(NULL, Object(Config\Cache), false)
#8 /Users/macbookair/Project2023/Codeigniter/DashboadCTPICKUP-2.1/public/index.php(67): CodeIgniter\CodeIgniter->run()
#9 /Users/macbookair/Project2023/Codeigniter/DashboadCTPICKUP-2.1/system/Commands/Server/rewrite.php(47): require_once('/Users/macbooka...')
#10 {main}
CRITICAL - 2024-02-23 10:47:25 --> Unknown column 'users_id' in 'field list'
in SYSTEMPATH/Database/MySQLi/Connection.php on line 292.
 1 SYSTEMPATH/Database/MySQLi/Connection.php(292): mysqli->query('INSERT INTO `updatelogbooks` (`resolution`, `evidance`, `logbook_id`, `created_at`, `users_id`) VALUES (\'test\', \'test\', \'96\', \'2024-02-23 10:47:25\', \'1\')', 0)
 2 SYSTEMPATH/Database/BaseConnection.php(666): CodeIgniter\Database\MySQLi\Connection->execute('INSERT INTO `updatelogbooks` (`resolution`, `evidance`, `logbook_id`, `created_at`, `users_id`) VALUES (\'test\', \'test\', \'96\', \'2024-02-23 10:47:25\', \'1\')')
 3 SYSTEMPATH/Database/BaseConnection.php(593): CodeIgniter\Database\BaseConnection->simpleQuery('INSERT INTO `updatelogbooks` (`resolution`, `evidance`, `logbook_id`, `created_at`, `users_id`) VALUES (\'test\', \'test\', \'96\', \'2024-02-23 10:47:25\', \'1\')')
 4 SYSTEMPATH/Database/BaseBuilder.php(1916): CodeIgniter\Database\BaseConnection->query('INSERT INTO `updatelogbooks` (`resolution`, `evidance`, `logbook_id`, `created_at`, `users_id`) VALUES (:resolution:, :evidance:, :logbook_id:, :created_at:, :users_id:)', [...], false)
 5 APPPATH/Controllers/LogBookController.php(224): CodeIgniter\Database\BaseBuilder->insert([...])
 6 SYSTEMPATH/CodeIgniter.php(925): App\Controllers\LogBookController->updatelog()
 7 SYSTEMPATH/CodeIgniter.php(480): CodeIgniter\CodeIgniter->runController(Object(App\Controllers\LogBookController))
 8 SYSTEMPATH/CodeIgniter.php(349): CodeIgniter\CodeIgniter->handleRequest(null, Object(Config\Cache), false)
 9 FCPATH/index.php(67): CodeIgniter\CodeIgniter->run()
10 SYSTEMPATH/Commands/Server/rewrite.php(47): require_once('FCPATH/index.php')
CRITICAL - 2024-02-23 10:53:28 --> Undefined property: stdClass::$updated_at
in APPPATH/Views/logBook/show.php on line 76.
 1 APPPATH/Views/logBook/show.php(76): CodeIgniter\Debug\Exceptions->errorHandler(2, 'Undefined property: stdClass::$updated_at', 'APPPATH/Views/logBook/show.php', 76)
 2 SYSTEMPATH/View/View.php(213): include('APPPATH/Views/logBook/show.php')
 3 SYSTEMPATH/View/View.php(216): CodeIgniter\View\View->CodeIgniter\View\{closure}()
 4 SYSTEMPATH/Common.php(1135): CodeIgniter\View\View->render('logBook/show.php', [], true)
 5 APPPATH/Controllers/LogBookController.php(185): view('logBook/show.php', [...])
 6 SYSTEMPATH/CodeIgniter.php(925): App\Controllers\LogBookController->show('96')
 7 SYSTEMPATH/CodeIgniter.php(480): CodeIgniter\CodeIgniter->runController(Object(App\Controllers\LogBookController))
 8 SYSTEMPATH/CodeIgniter.php(349): CodeIgniter\CodeIgniter->handleRequest(null, Object(Config\Cache), false)
 9 FCPATH/index.php(67): CodeIgniter\CodeIgniter->run()
10 SYSTEMPATH/Commands/Server/rewrite.php(47): require_once('FCPATH/index.php')
CRITICAL - 2024-02-23 10:55:57 --> date(): Argument #2 ($timestamp) must be of type ?int, string given
in APPPATH/Views/logBook/show.php on line 76.
 1 APPPATH/Views/logBook/show.php(76): date('D-m-y', '0000-00-00 00:00:00')
 2 SYSTEMPATH/View/View.php(213): include('APPPATH/Views/logBook/show.php')
 3 SYSTEMPATH/View/View.php(216): CodeIgniter\View\View->CodeIgniter\View\{closure}()
 4 SYSTEMPATH/Common.php(1135): CodeIgniter\View\View->render('logBook/show.php', [], true)
 5 APPPATH/Controllers/LogBookController.php(185): view('logBook/show.php', [...])
 6 SYSTEMPATH/CodeIgniter.php(925): App\Controllers\LogBookController->show('96')
 7 SYSTEMPATH/CodeIgniter.php(480): CodeIgniter\CodeIgniter->runController(Object(App\Controllers\LogBookController))
 8 SYSTEMPATH/CodeIgniter.php(349): CodeIgniter\CodeIgniter->handleRequest(null, Object(Config\Cache), false)
 9 FCPATH/index.php(67): CodeIgniter\CodeIgniter->run()
10 SYSTEMPATH/Commands/Server/rewrite.php(47): require_once('FCPATH/index.php')
CRITICAL - 2024-02-23 11:19:23 --> Attempt to read property "category" on null
in APPPATH/Views/logBook/show.php on line 17.
 1 APPPATH/Views/logBook/show.php(17): CodeIgniter\Debug\Exceptions->errorHandler(2, 'Attempt to read property "category" on null', 'APPPATH/Views/logBook/show.php', 17)
 2 SYSTEMPATH/View/View.php(213): include('APPPATH/Views/logBook/show.php')
 3 SYSTEMPATH/View/View.php(216): CodeIgniter\View\View->CodeIgniter\View\{closure}()
 4 SYSTEMPATH/Common.php(1135): CodeIgniter\View\View->render('logBook/show.php', [], true)
 5 APPPATH/Controllers/LogBookController.php(186): view('logBook/show.php', [...])
 6 SYSTEMPATH/CodeIgniter.php(925): App\Controllers\LogBookController->show('99')
 7 SYSTEMPATH/CodeIgniter.php(480): CodeIgniter\CodeIgniter->runController(Object(App\Controllers\LogBookController))
 8 SYSTEMPATH/CodeIgniter.php(349): CodeIgniter\CodeIgniter->handleRequest(null, Object(Config\Cache), false)
 9 FCPATH/index.php(67): CodeIgniter\CodeIgniter->run()
10 SYSTEMPATH/Commands/Server/rewrite.php(47): require_once('FCPATH/index.php')
CRITICAL - 2024-02-23 13:40:33 --> Undefined array key "status"
in APPPATH/Views/LogBook/index.php on line 17.
 1 APPPATH/Views/LogBook/index.php(17): CodeIgniter\Debug\Exceptions->errorHandler(2, 'Undefined array key "status"', 'APPPATH/Views/LogBook/index.php', 17)
 2 SYSTEMPATH/View/View.php(213): include('APPPATH/Views/LogBook/index.php')
 3 SYSTEMPATH/View/View.php(216): CodeIgniter\View\View->CodeIgniter\View\{closure}()
 4 SYSTEMPATH/Common.php(1135): CodeIgniter\View\View->render('LogBook/index', [], true)
 5 APPPATH/Controllers/LogBookController.php(55): view('LogBook/index', [...])
 6 SYSTEMPATH/CodeIgniter.php(925): App\Controllers\LogBookController->index()
 7 SYSTEMPATH/CodeIgniter.php(480): CodeIgniter\CodeIgniter->runController(Object(App\Controllers\LogBookController))
 8 SYSTEMPATH/CodeIgniter.php(349): CodeIgniter\CodeIgniter->handleRequest(null, Object(Config\Cache), false)
 9 FCPATH/index.php(67): CodeIgniter\CodeIgniter->run()
10 SYSTEMPATH/Commands/Server/rewrite.php(47): require_once('FCPATH/index.php')
CRITICAL - 2024-02-23 13:40:34 --> Undefined array key "status"
in APPPATH/Views/LogBook/index.php on line 17.
 1 APPPATH/Views/LogBook/index.php(17): CodeIgniter\Debug\Exceptions->errorHandler(2, 'Undefined array key "status"', 'APPPATH/Views/LogBook/index.php', 17)
 2 SYSTEMPATH/View/View.php(213): include('APPPATH/Views/LogBook/index.php')
 3 SYSTEMPATH/View/View.php(216): CodeIgniter\View\View->CodeIgniter\View\{closure}()
 4 SYSTEMPATH/Common.php(1135): CodeIgniter\View\View->render('LogBook/index', [], true)
 5 APPPATH/Controllers/LogBookController.php(55): view('LogBook/index', [...])
 6 SYSTEMPATH/CodeIgniter.php(925): App\Controllers\LogBookController->index()
 7 SYSTEMPATH/CodeIgniter.php(480): CodeIgniter\CodeIgniter->runController(Object(App\Controllers\LogBookController))
 8 SYSTEMPATH/CodeIgniter.php(349): CodeIgniter\CodeIgniter->handleRequest(null, Object(Config\Cache), false)
 9 FCPATH/index.php(67): CodeIgniter\CodeIgniter->run()
10 SYSTEMPATH/Commands/Server/rewrite.php(47): require_once('FCPATH/index.php')
CRITICAL - 2024-02-23 13:40:41 --> Undefined array key "status"
in APPPATH/Views/LogBook/index.php on line 17.
 1 APPPATH/Views/LogBook/index.php(17): CodeIgniter\Debug\Exceptions->errorHandler(2, 'Undefined array key "status"', 'APPPATH/Views/LogBook/index.php', 17)
 2 SYSTEMPATH/View/View.php(213): include('APPPATH/Views/LogBook/index.php')
 3 SYSTEMPATH/View/View.php(216): CodeIgniter\View\View->CodeIgniter\View\{closure}()
 4 SYSTEMPATH/Common.php(1135): CodeIgniter\View\View->render('LogBook/index', [], true)
 5 APPPATH/Controllers/LogBookController.php(55): view('LogBook/index', [...])
 6 SYSTEMPATH/CodeIgniter.php(925): App\Controllers\LogBookController->index()
 7 SYSTEMPATH/CodeIgniter.php(480): CodeIgniter\CodeIgniter->runController(Object(App\Controllers\LogBookController))
 8 SYSTEMPATH/CodeIgniter.php(349): CodeIgniter\CodeIgniter->handleRequest(null, Object(Config\Cache), false)
 9 FCPATH/index.php(67): CodeIgniter\CodeIgniter->run()
10 SYSTEMPATH/Commands/Server/rewrite.php(47): require_once('FCPATH/index.php')
CRITICAL - 2024-02-23 13:42:13 --> Undefined array key "status"
in APPPATH/Views/LogBook/index.php on line 17.
 1 APPPATH/Views/LogBook/index.php(17): CodeIgniter\Debug\Exceptions->errorHandler(2, 'Undefined array key "status"', 'APPPATH/Views/LogBook/index.php', 17)
 2 SYSTEMPATH/View/View.php(213): include('APPPATH/Views/LogBook/index.php')
 3 SYSTEMPATH/View/View.php(216): CodeIgniter\View\View->CodeIgniter\View\{closure}()
 4 SYSTEMPATH/Common.php(1135): CodeIgniter\View\View->render('LogBook/index', [], true)
 5 APPPATH/Controllers/LogBookController.php(55): view('LogBook/index', [...])
 6 SYSTEMPATH/CodeIgniter.php(925): App\Controllers\LogBookController->index()
 7 SYSTEMPATH/CodeIgniter.php(480): CodeIgniter\CodeIgniter->runController(Object(App\Controllers\LogBookController))
 8 SYSTEMPATH/CodeIgniter.php(349): CodeIgniter\CodeIgniter->handleRequest(null, Object(Config\Cache), false)
 9 FCPATH/index.php(67): CodeIgniter\CodeIgniter->run()
10 SYSTEMPATH/Commands/Server/rewrite.php(47): require_once('FCPATH/index.php')
CRITICAL - 2024-02-23 13:51:35 --> Undefined array key "startime"
in APPPATH/Views/LogBook/index.php on line 44.
 1 APPPATH/Views/LogBook/index.php(44): CodeIgniter\Debug\Exceptions->errorHandler(2, 'Undefined array key "startime"', 'APPPATH/Views/LogBook/index.php', 44)
 2 SYSTEMPATH/View/View.php(213): include('APPPATH/Views/LogBook/index.php')
 3 SYSTEMPATH/View/View.php(216): CodeIgniter\View\View->CodeIgniter\View\{closure}()
 4 SYSTEMPATH/Common.php(1135): CodeIgniter\View\View->render('LogBook/index', [], true)
 5 APPPATH/Controllers/LogBookController.php(61): view('LogBook/index', [...])
 6 SYSTEMPATH/CodeIgniter.php(925): App\Controllers\LogBookController->index()
 7 SYSTEMPATH/CodeIgniter.php(480): CodeIgniter\CodeIgniter->runController(Object(App\Controllers\LogBookController))
 8 SYSTEMPATH/CodeIgniter.php(349): CodeIgniter\CodeIgniter->handleRequest(null, Object(Config\Cache), false)
 9 FCPATH/index.php(67): CodeIgniter\CodeIgniter->run()
10 SYSTEMPATH/Commands/Server/rewrite.php(47): require_once('FCPATH/index.php')
ERROR - 2024-02-23 14:04:37 --> mysqli_sql_exception: Column 'created_at' in where clause is ambiguous in /Users/macbookair/Project2023/Codeigniter/DashboadCTPICKUP-2.1/system/Database/MySQLi/Connection.php:292
Stack trace:
#0 /Users/macbookair/Project2023/Codeigniter/DashboadCTPICKUP-2.1/system/Database/MySQLi/Connection.php(292): mysqli->query('SELECT `logbook...', 0)
#1 /Users/macbookair/Project2023/Codeigniter/DashboadCTPICKUP-2.1/system/Database/BaseConnection.php(666): CodeIgniter\Database\MySQLi\Connection->execute('SELECT `logbook...')
#2 /Users/macbookair/Project2023/Codeigniter/DashboadCTPICKUP-2.1/system/Database/BaseConnection.php(593): CodeIgniter\Database\BaseConnection->simpleQuery('SELECT `logbook...')
#3 /Users/macbookair/Project2023/Codeigniter/DashboadCTPICKUP-2.1/system/Database/BaseBuilder.php(1585): CodeIgniter\Database\BaseConnection->query('SELECT `logbook...', Array, false)
#4 /Users/macbookair/Project2023/Codeigniter/DashboadCTPICKUP-2.1/system/Model.php(809): CodeIgniter\Database\BaseBuilder->get()
#5 /Users/macbookair/Project2023/Codeigniter/DashboadCTPICKUP-2.1/app/Controllers/LogBookController.php(68): CodeIgniter\Model->__call('get', Array)
#6 /Users/macbookair/Project2023/Codeigniter/DashboadCTPICKUP-2.1/system/CodeIgniter.php(925): App\Controllers\LogBookController->index()
#7 /Users/macbookair/Project2023/Codeigniter/DashboadCTPICKUP-2.1/system/CodeIgniter.php(480): CodeIgniter\CodeIgniter->runController(Object(App\Controllers\LogBookController))
#8 /Users/macbookair/Project2023/Codeigniter/DashboadCTPICKUP-2.1/system/CodeIgniter.php(349): CodeIgniter\CodeIgniter->handleRequest(NULL, Object(Config\Cache), false)
#9 /Users/macbookair/Project2023/Codeigniter/DashboadCTPICKUP-2.1/public/index.php(67): CodeIgniter\CodeIgniter->run()
#10 /Users/macbookair/Project2023/Codeigniter/DashboadCTPICKUP-2.1/system/Commands/Server/rewrite.php(47): require_once('/Users/macbooka...')
#11 {main}
CRITICAL - 2024-02-23 14:04:37 --> Column 'created_at' in where clause is ambiguous
in SYSTEMPATH/Database/MySQLi/Connection.php on line 292.
 1 SYSTEMPATH/Database/MySQLi/Connection.php(292): mysqli->query('SELECT `logbooks`.`id` as `id`, `accounts`.`cust_industry` as `customer`, `code_3lc`, `regional`, `priority`, `logbooks`.`created_at` as `created_at`, `categories`.`name` as `category`, `issues`.`name` as `issue`, `sub_types`.`name` as `sub_type`, `descriptions`.`name` as `description`, `escalation`, `impacts`.`name` as `impact`, `action`, `username`, `task`, `status`
FROM `logbooks`
JOIN `users` ON `logbooks`.`user_id` = `users`.`id`
JOIN `accounts` ON `logbooks`.`account_id` = `accounts`.`id`
JOIN `categories` ON `logbooks`.`category_id` = `categories`.`id`
JOIN `issues` ON `logbooks`.`issue_id` = `issues`.`id`
JOIN `sub_types` ON `logbooks`.`sub_type_id` = `sub_types`.`id`
JOIN `descriptions` ON `logbooks`.`description_id` = `descriptions`.`id`
JOIN `impacts` ON `logbooks`.`impact_id` = `impacts`.`id`
WHERE `created_at` >= \'2024-02-22\'
AND `created_at` <= \'2024-02-24\'
ORDER BY `logbooks`.`created_at` DESC', 0)
 2 SYSTEMPATH/Database/BaseConnection.php(666): CodeIgniter\Database\MySQLi\Connection->execute('SELECT `logbooks`.`id` as `id`, `accounts`.`cust_industry` as `customer`, `code_3lc`, `regional`, `priority`, `logbooks`.`created_at` as `created_at`, `categories`.`name` as `category`, `issues`.`name` as `issue`, `sub_types`.`name` as `sub_type`, `descriptions`.`name` as `description`, `escalation`, `impacts`.`name` as `impact`, `action`, `username`, `task`, `status`
FROM `logbooks`
JOIN `users` ON `logbooks`.`user_id` = `users`.`id`
JOIN `accounts` ON `logbooks`.`account_id` = `accounts`.`id`
JOIN `categories` ON `logbooks`.`category_id` = `categories`.`id`
JOIN `issues` ON `logbooks`.`issue_id` = `issues`.`id`
JOIN `sub_types` ON `logbooks`.`sub_type_id` = `sub_types`.`id`
JOIN `descriptions` ON `logbooks`.`description_id` = `descriptions`.`id`
JOIN `impacts` ON `logbooks`.`impact_id` = `impacts`.`id`
WHERE `created_at` >= \'2024-02-22\'
AND `created_at` <= \'2024-02-24\'
ORDER BY `logbooks`.`created_at` DESC')
 3 SYSTEMPATH/Database/BaseConnection.php(593): CodeIgniter\Database\BaseConnection->simpleQuery('SELECT `logbooks`.`id` as `id`, `accounts`.`cust_industry` as `customer`, `code_3lc`, `regional`, `priority`, `logbooks`.`created_at` as `created_at`, `categories`.`name` as `category`, `issues`.`name` as `issue`, `sub_types`.`name` as `sub_type`, `descriptions`.`name` as `description`, `escalation`, `impacts`.`name` as `impact`, `action`, `username`, `task`, `status`
FROM `logbooks`
JOIN `users` ON `logbooks`.`user_id` = `users`.`id`
JOIN `accounts` ON `logbooks`.`account_id` = `accounts`.`id`
JOIN `categories` ON `logbooks`.`category_id` = `categories`.`id`
JOIN `issues` ON `logbooks`.`issue_id` = `issues`.`id`
JOIN `sub_types` ON `logbooks`.`sub_type_id` = `sub_types`.`id`
JOIN `descriptions` ON `logbooks`.`description_id` = `descriptions`.`id`
JOIN `impacts` ON `logbooks`.`impact_id` = `impacts`.`id`
WHERE `created_at` >= \'2024-02-22\'
AND `created_at` <= \'2024-02-24\'
ORDER BY `logbooks`.`created_at` DESC')
 4 SYSTEMPATH/Database/BaseBuilder.php(1585): CodeIgniter\Database\BaseConnection->query('SELECT `logbooks`.`id` as `id`, `accounts`.`cust_industry` as `customer`, `code_3lc`, `regional`, `priority`, `logbooks`.`created_at` as `created_at`, `categories`.`name` as `category`, `issues`.`name` as `issue`, `sub_types`.`name` as `sub_type`, `descriptions`.`name` as `description`, `escalation`, `impacts`.`name` as `impact`, `action`, `username`, `task`, `status`
FROM `logbooks`
JOIN `users` ON `logbooks`.`user_id` = `users`.`id`
JOIN `accounts` ON `logbooks`.`account_id` = `accounts`.`id`
JOIN `categories` ON `logbooks`.`category_id` = `categories`.`id`
JOIN `issues` ON `logbooks`.`issue_id` = `issues`.`id`
JOIN `sub_types` ON `logbooks`.`sub_type_id` = `sub_types`.`id`
JOIN `descriptions` ON `logbooks`.`description_id` = `descriptions`.`id`
JOIN `impacts` ON `logbooks`.`impact_id` = `impacts`.`id`
WHERE `created_at` >= :created_at:
AND `created_at` <= :created_at.1:
ORDER BY `logbooks`.`created_at` DESC', [...], false)
 5 SYSTEMPATH/Model.php(809): CodeIgniter\Database\BaseBuilder->get()
 6 APPPATH/Controllers/LogBookController.php(68): CodeIgniter\Model->__call('get', [])
 7 SYSTEMPATH/CodeIgniter.php(925): App\Controllers\LogBookController->index()
 8 SYSTEMPATH/CodeIgniter.php(480): CodeIgniter\CodeIgniter->runController(Object(App\Controllers\LogBookController))
 9 SYSTEMPATH/CodeIgniter.php(349): CodeIgniter\CodeIgniter->handleRequest(null, Object(Config\Cache), false)
10 FCPATH/index.php(67): CodeIgniter\CodeIgniter->run()
11 SYSTEMPATH/Commands/Server/rewrite.php(47): require_once('FCPATH/index.php')
CRITICAL - 2024-02-23 14:05:00 --> Array to string conversion
in APPPATH/Controllers/LogBookController.php on line 80.
 1 APPPATH/Controllers/LogBookController.php(80): CodeIgniter\Debug\Exceptions->errorHandler(2, 'Array to string conversion', 'APPPATH/Controllers/LogBookController.php', 80)
 2 SYSTEMPATH/CodeIgniter.php(925): App\Controllers\LogBookController->index()
 3 SYSTEMPATH/CodeIgniter.php(480): CodeIgniter\CodeIgniter->runController(Object(App\Controllers\LogBookController))
 4 SYSTEMPATH/CodeIgniter.php(349): CodeIgniter\CodeIgniter->handleRequest(null, Object(Config\Cache), false)
 5 FCPATH/index.php(67): CodeIgniter\CodeIgniter->run()
 6 SYSTEMPATH/Commands/Server/rewrite.php(47): require_once('FCPATH/index.php')
CRITICAL - 2024-02-23 14:05:07 --> Array to string conversion
in APPPATH/Controllers/LogBookController.php on line 80.
 1 APPPATH/Controllers/LogBookController.php(80): CodeIgniter\Debug\Exceptions->errorHandler(2, 'Array to string conversion', 'APPPATH/Controllers/LogBookController.php', 80)
 2 SYSTEMPATH/CodeIgniter.php(925): App\Controllers\LogBookController->index()
 3 SYSTEMPATH/CodeIgniter.php(480): CodeIgniter\CodeIgniter->runController(Object(App\Controllers\LogBookController))
 4 SYSTEMPATH/CodeIgniter.php(349): CodeIgniter\CodeIgniter->handleRequest(null, Object(Config\Cache), false)
 5 FCPATH/index.php(67): CodeIgniter\CodeIgniter->run()
 6 SYSTEMPATH/Commands/Server/rewrite.php(47): require_once('FCPATH/index.php')
CRITICAL - 2024-02-23 14:05:30 --> Call to undefined method CodeIgniter\Database\MySQLi\Result::gerResult()
in APPPATH/Controllers/LogBookController.php on line 68.
 1 SYSTEMPATH/CodeIgniter.php(925): App\Controllers\LogBookController->index()
 2 SYSTEMPATH/CodeIgniter.php(480): CodeIgniter\CodeIgniter->runController(Object(App\Controllers\LogBookController))
 3 SYSTEMPATH/CodeIgniter.php(349): CodeIgniter\CodeIgniter->handleRequest(null, Object(Config\Cache), false)
 4 FCPATH/index.php(67): CodeIgniter\CodeIgniter->run()
 5 SYSTEMPATH/Commands/Server/rewrite.php(47): require_once('FCPATH/index.php')
CRITICAL - 2024-02-23 14:06:05 --> Call to undefined method CodeIgniter\Database\MySQLi\Result::gerResult()
in APPPATH/Controllers/LogBookController.php on line 68.
 1 SYSTEMPATH/CodeIgniter.php(925): App\Controllers\LogBookController->index()
 2 SYSTEMPATH/CodeIgniter.php(480): CodeIgniter\CodeIgniter->runController(Object(App\Controllers\LogBookController))
 3 SYSTEMPATH/CodeIgniter.php(349): CodeIgniter\CodeIgniter->handleRequest(null, Object(Config\Cache), false)
 4 FCPATH/index.php(67): CodeIgniter\CodeIgniter->run()
 5 SYSTEMPATH/Commands/Server/rewrite.php(47): require_once('FCPATH/index.php')
CRITICAL - 2024-02-23 14:06:11 --> Array to string conversion
in APPPATH/Controllers/LogBookController.php on line 80.
 1 APPPATH/Controllers/LogBookController.php(80): CodeIgniter\Debug\Exceptions->errorHandler(2, 'Array to string conversion', 'APPPATH/Controllers/LogBookController.php', 80)
 2 SYSTEMPATH/CodeIgniter.php(925): App\Controllers\LogBookController->index()
 3 SYSTEMPATH/CodeIgniter.php(480): CodeIgniter\CodeIgniter->runController(Object(App\Controllers\LogBookController))
 4 SYSTEMPATH/CodeIgniter.php(349): CodeIgniter\CodeIgniter->handleRequest(null, Object(Config\Cache), false)
 5 FCPATH/index.php(67): CodeIgniter\CodeIgniter->run()
 6 SYSTEMPATH/Commands/Server/rewrite.php(47): require_once('FCPATH/index.php')
CRITICAL - 2024-02-23 14:07:10 --> Call to undefined method CodeIgniter\Database\MySQLi\Result::getArray()
in APPPATH/Controllers/LogBookController.php on line 68.
 1 SYSTEMPATH/CodeIgniter.php(925): App\Controllers\LogBookController->index()
 2 SYSTEMPATH/CodeIgniter.php(480): CodeIgniter\CodeIgniter->runController(Object(App\Controllers\LogBookController))
 3 SYSTEMPATH/CodeIgniter.php(349): CodeIgniter\CodeIgniter->handleRequest(null, Object(Config\Cache), false)
 4 FCPATH/index.php(67): CodeIgniter\CodeIgniter->run()
 5 SYSTEMPATH/Commands/Server/rewrite.php(47): require_once('FCPATH/index.php')
CRITICAL - 2024-02-23 14:07:56 --> Array to string conversion
in APPPATH/Controllers/LogBookController.php on line 80.
 1 APPPATH/Controllers/LogBookController.php(80): CodeIgniter\Debug\Exceptions->errorHandler(2, 'Array to string conversion', 'APPPATH/Controllers/LogBookController.php', 80)
 2 SYSTEMPATH/CodeIgniter.php(925): App\Controllers\LogBookController->index()
 3 SYSTEMPATH/CodeIgniter.php(480): CodeIgniter\CodeIgniter->runController(Object(App\Controllers\LogBookController))
 4 SYSTEMPATH/CodeIgniter.php(349): CodeIgniter\CodeIgniter->handleRequest(null, Object(Config\Cache), false)
 5 FCPATH/index.php(67): CodeIgniter\CodeIgniter->run()
 6 SYSTEMPATH/Commands/Server/rewrite.php(47): require_once('FCPATH/index.php')
CRITICAL - 2024-02-23 14:09:06 --> syntax error, unexpected identifier "logbooks", expecting variable or "{" or "$"
in APPPATH/Controllers/LogBookController.php on line 80.
 1 SYSTEMPATH/Autoloader/Autoloader.php(260): CodeIgniter\Autoloader\Autoloader->includeFile('APPPATH/Controllers/LogBookController.php')
 2 SYSTEMPATH/Autoloader/Autoloader.php(238): CodeIgniter\Autoloader\Autoloader->loadInNamespace('App\\Controllers\\LogBookController')
 3 [internal function]: CodeIgniter\Autoloader\Autoloader->loadClass('App\\Controllers\\LogBookController')
 4 SYSTEMPATH/CodeIgniter.php(875): class_exists('\\App\\Controllers\\LogBookController', true)
 5 SYSTEMPATH/CodeIgniter.php(467): CodeIgniter\CodeIgniter->startController()
 6 SYSTEMPATH/CodeIgniter.php(349): CodeIgniter\CodeIgniter->handleRequest(null, Object(Config\Cache), false)
 7 FCPATH/index.php(67): CodeIgniter\CodeIgniter->run()
 8 SYSTEMPATH/Commands/Server/rewrite.php(47): require_once('FCPATH/index.php')
CRITICAL - 2024-02-23 14:09:06 --> syntax error, unexpected identifier "logbooks", expecting variable or "{" or "$"
in APPPATH/Controllers/LogBookController.php on line 80.
 1 SYSTEMPATH/Autoloader/Autoloader.php(260): CodeIgniter\Autoloader\Autoloader->includeFile('APPPATH/Controllers/LogBookController.php')
 2 SYSTEMPATH/Autoloader/Autoloader.php(238): CodeIgniter\Autoloader\Autoloader->loadInNamespace('App\\Controllers\\LogBookController')
 3 [internal function]: CodeIgniter\Autoloader\Autoloader->loadClass('App\\Controllers\\LogBookController')
 4 SYSTEMPATH/CodeIgniter.php(875): class_exists('\\App\\Controllers\\LogBookController', true)
 5 SYSTEMPATH/CodeIgniter.php(467): CodeIgniter\CodeIgniter->startController()
 6 SYSTEMPATH/CodeIgniter.php(349): CodeIgniter\CodeIgniter->handleRequest(null, Object(Config\Cache), false)
 7 FCPATH/index.php(67): CodeIgniter\CodeIgniter->run()
 8 SYSTEMPATH/Commands/Server/rewrite.php(47): require_once('FCPATH/index.php')
CRITICAL - 2024-02-23 14:09:07 --> syntax error, unexpected identifier "logbooks", expecting variable or "{" or "$"
in APPPATH/Controllers/LogBookController.php on line 80.
 1 SYSTEMPATH/Autoloader/Autoloader.php(260): CodeIgniter\Autoloader\Autoloader->includeFile('APPPATH/Controllers/LogBookController.php')
 2 SYSTEMPATH/Autoloader/Autoloader.php(238): CodeIgniter\Autoloader\Autoloader->loadInNamespace('App\\Controllers\\LogBookController')
 3 [internal function]: CodeIgniter\Autoloader\Autoloader->loadClass('App\\Controllers\\LogBookController')
 4 SYSTEMPATH/CodeIgniter.php(875): class_exists('\\App\\Controllers\\LogBookController', true)
 5 SYSTEMPATH/CodeIgniter.php(467): CodeIgniter\CodeIgniter->startController()
 6 SYSTEMPATH/CodeIgniter.php(349): CodeIgniter\CodeIgniter->handleRequest(null, Object(Config\Cache), false)
 7 FCPATH/index.php(67): CodeIgniter\CodeIgniter->run()
 8 SYSTEMPATH/Commands/Server/rewrite.php(47): require_once('FCPATH/index.php')
CRITICAL - 2024-02-23 14:29:29 --> There is no data to update.
in SYSTEMPATH/BaseModel.php on line 1600.
 1 SYSTEMPATH/BaseModel.php(1600): CodeIgniter\Database\Exceptions\DataException::forEmptyDataset('update')
 2 SYSTEMPATH/BaseModel.php(854): CodeIgniter\BaseModel->transformDataToArray(null, 'update')
 3 SYSTEMPATH/Model.php(725): CodeIgniter\BaseModel->update([...], null)
 4 APPPATH/Controllers/LogBookController.php(289): CodeIgniter\Model->update([...])
 5 SYSTEMPATH/CodeIgniter.php(925): App\Controllers\LogBookController->close()
 6 SYSTEMPATH/CodeIgniter.php(480): CodeIgniter\CodeIgniter->runController(Object(App\Controllers\LogBookController))
 7 SYSTEMPATH/CodeIgniter.php(349): CodeIgniter\CodeIgniter->handleRequest(null, Object(Config\Cache), false)
 8 FCPATH/index.php(67): CodeIgniter\CodeIgniter->run()
 9 SYSTEMPATH/Commands/Server/rewrite.php(47): require_once('FCPATH/index.php')
ERROR - 2024-02-23 14:45:42 --> mysqli_sql_exception: Duplicate entry '80077901' for key 'accounts.PRIMARY' in /Users/macbookair/Project2023/Codeigniter/DashboadCTPICKUP-2.1/system/Database/MySQLi/Connection.php:292
Stack trace:
#0 /Users/macbookair/Project2023/Codeigniter/DashboadCTPICKUP-2.1/system/Database/MySQLi/Connection.php(292): mysqli->query('INSERT INTO `ac...', 0)
#1 /Users/macbookair/Project2023/Codeigniter/DashboadCTPICKUP-2.1/system/Database/BaseConnection.php(666): CodeIgniter\Database\MySQLi\Connection->execute('INSERT INTO `ac...')
#2 /Users/macbookair/Project2023/Codeigniter/DashboadCTPICKUP-2.1/system/Database/BaseConnection.php(593): CodeIgniter\Database\BaseConnection->simpleQuery('INSERT INTO `ac...')
#3 /Users/macbookair/Project2023/Codeigniter/DashboadCTPICKUP-2.1/system/Database/BaseBuilder.php(1916): CodeIgniter\Database\BaseConnection->query('INSERT INTO `ac...', Array, false)
#4 /Users/macbookair/Project2023/Codeigniter/DashboadCTPICKUP-2.1/app/Database/Seeds/AccountSeeder.php(26): CodeIgniter\Database\BaseBuilder->insert(Array)
#5 /Users/macbookair/Project2023/Codeigniter/DashboadCTPICKUP-2.1/system/Database/Seeder.php(146): App\Database\Seeds\AccountSeeder->run()
#6 /Users/macbookair/Project2023/Codeigniter/DashboadCTPICKUP-2.1/app/Database/Seeds/dataSeeder.php(16): CodeIgniter\Database\Seeder->call('App\\Database\\Se...')
#7 /Users/macbookair/Project2023/Codeigniter/DashboadCTPICKUP-2.1/system/Database/Seeder.php(146): App\Database\Seeds\DataSeeder->run()
#8 /Users/macbookair/Project2023/Codeigniter/DashboadCTPICKUP-2.1/system/Commands/Database/Seed.php(77): CodeIgniter\Database\Seeder->call('App\\Database\\Se...')
#9 /Users/macbookair/Project2023/Codeigniter/DashboadCTPICKUP-2.1/system/CLI/Commands.php(63): CodeIgniter\Commands\Database\Seed->run(Array)
#10 /Users/macbookair/Project2023/Codeigniter/DashboadCTPICKUP-2.1/system/CLI/CommandRunner.php(65): CodeIgniter\CLI\Commands->run('db:seed', Array)
#11 /Users/macbookair/Project2023/Codeigniter/DashboadCTPICKUP-2.1/system/CLI/CommandRunner.php(51): CodeIgniter\CLI\CommandRunner->index(Array)
#12 /Users/macbookair/Project2023/Codeigniter/DashboadCTPICKUP-2.1/system/CodeIgniter.php(918): CodeIgniter\CLI\CommandRunner->_remap('index', Array)
#13 /Users/macbookair/Project2023/Codeigniter/DashboadCTPICKUP-2.1/system/CodeIgniter.php(480): CodeIgniter\CodeIgniter->runController(Object(CodeIgniter\CLI\CommandRunner))
#14 /Users/macbookair/Project2023/Codeigniter/DashboadCTPICKUP-2.1/system/CodeIgniter.php(345): CodeIgniter\CodeIgniter->handleRequest(NULL, Object(Config\Cache), false)
#15 /Users/macbookair/Project2023/Codeigniter/DashboadCTPICKUP-2.1/system/CLI/Console.php(48): CodeIgniter\CodeIgniter->run()
#16 /Users/macbookair/Project2023/Codeigniter/DashboadCTPICKUP-2.1/spark(98): CodeIgniter\CLI\Console->run()
#17 {main}
