CRITICAL - 2024-02-26 09:40:41 --> syntax error, unexpected identifier "logbooks", expecting ")"
in APPPATH/Controllers/LogBookController.php on line 54.
 1 SYSTEMPATH/Autoloader/Autoloader.php(260): CodeIgniter\Autoloader\Autoloader->includeFile('APPPATH/Controllers/LogBookController.php')
 2 SYSTEMPATH/Autoloader/Autoloader.php(238): CodeIgniter\Autoloader\Autoloader->loadInNamespace('App\\Controllers\\LogBookController')
 3 [internal function]: CodeIgniter\Autoloader\Autoloader->loadClass('App\\Controllers\\LogBookController')
 4 SYSTEMPATH/CodeIgniter.php(875): class_exists('\\App\\Controllers\\LogBookController', true)
 5 SYSTEMPATH/CodeIgniter.php(467): CodeIgniter\CodeIgniter->startController()
 6 SYSTEMPATH/CodeIgniter.php(349): CodeIgniter\CodeIgniter->handleRequest(null, Object(Config\Cache), false)
 7 FCPATH/index.php(67): CodeIgniter\CodeIgniter->run()
 8 SYSTEMPATH/Commands/Server/rewrite.php(47): require_once('FCPATH/index.php')
CRITICAL - 2024-02-26 09:40:47 --> Undefined array key "username"
in APPPATH/Views/LogBook/index.php on line 113.
 1 APPPATH/Views/LogBook/index.php(113): CodeIgniter\Debug\Exceptions->errorHandler(2, 'Undefined array key "username"', 'APPPATH/Views/LogBook/index.php', 113)
 2 SYSTEMPATH/View/View.php(213): include('APPPATH/Views/LogBook/index.php')
 3 SYSTEMPATH/View/View.php(216): CodeIgniter\View\View->CodeIgniter\View\{closure}()
 4 SYSTEMPATH/Common.php(1135): CodeIgniter\View\View->render('LogBook/index', [], true)
 5 APPPATH/Controllers/LogBookController.php(96): view('LogBook/index', [...])
 6 SYSTEMPATH/CodeIgniter.php(925): App\Controllers\LogBookController->index()
 7 SYSTEMPATH/CodeIgniter.php(480): CodeIgniter\CodeIgniter->runController(Object(App\Controllers\LogBookController))
 8 SYSTEMPATH/CodeIgniter.php(349): CodeIgniter\CodeIgniter->handleRequest(null, Object(Config\Cache), false)
 9 FCPATH/index.php(67): CodeIgniter\CodeIgniter->run()
10 SYSTEMPATH/Commands/Server/rewrite.php(47): require_once('FCPATH/index.php')
CRITICAL - 2024-02-26 09:40:58 --> syntax error, unexpected identifier "logbooks", expecting ")"
in APPPATH/Controllers/LogBookController.php on line 55.
 1 SYSTEMPATH/Autoloader/Autoloader.php(260): CodeIgniter\Autoloader\Autoloader->includeFile('APPPATH/Controllers/LogBookController.php')
 2 SYSTEMPATH/Autoloader/Autoloader.php(238): CodeIgniter\Autoloader\Autoloader->loadInNamespace('App\\Controllers\\LogBookController')
 3 [internal function]: CodeIgniter\Autoloader\Autoloader->loadClass('App\\Controllers\\LogBookController')
 4 SYSTEMPATH/CodeIgniter.php(875): class_exists('\\App\\Controllers\\LogBookController', true)
 5 SYSTEMPATH/CodeIgniter.php(467): CodeIgniter\CodeIgniter->startController()
 6 SYSTEMPATH/CodeIgniter.php(349): CodeIgniter\CodeIgniter->handleRequest(null, Object(Config\Cache), false)
 7 FCPATH/index.php(67): CodeIgniter\CodeIgniter->run()
 8 SYSTEMPATH/Commands/Server/rewrite.php(47): require_once('FCPATH/index.php')
CRITICAL - 2024-02-26 09:51:01 --> Invalid file: Category/index.php
in SYSTEMPATH/Exceptions/FrameworkException.php on line 33.
 1 SYSTEMPATH/View/View.php(201): CodeIgniter\Exceptions\FrameworkException::forInvalidFile('Category/index.php')
 2 SYSTEMPATH/Common.php(1135): CodeIgniter\View\View->render('Category/index', [], true)
 3 APPPATH/Controllers/CategoryController.php(11): view('Category/index')
 4 SYSTEMPATH/CodeIgniter.php(925): App\Controllers\CategoryController->index()
 5 SYSTEMPATH/CodeIgniter.php(480): CodeIgniter\CodeIgniter->runController(Object(App\Controllers\CategoryController))
 6 SYSTEMPATH/CodeIgniter.php(349): CodeIgniter\CodeIgniter->handleRequest(null, Object(Config\Cache), false)
 7 FCPATH/index.php(67): CodeIgniter\CodeIgniter->run()
 8 SYSTEMPATH/Commands/Server/rewrite.php(47): require_once('FCPATH/index.php')
CRITICAL - 2024-02-26 09:51:03 --> Invalid file: Category/index.php
in SYSTEMPATH/Exceptions/FrameworkException.php on line 33.
 1 SYSTEMPATH/View/View.php(201): CodeIgniter\Exceptions\FrameworkException::forInvalidFile('Category/index.php')
 2 SYSTEMPATH/Common.php(1135): CodeIgniter\View\View->render('Category/index', [], true)
 3 APPPATH/Controllers/CategoryController.php(11): view('Category/index')
 4 SYSTEMPATH/CodeIgniter.php(925): App\Controllers\CategoryController->index()
 5 SYSTEMPATH/CodeIgniter.php(480): CodeIgniter\CodeIgniter->runController(Object(App\Controllers\CategoryController))
 6 SYSTEMPATH/CodeIgniter.php(349): CodeIgniter\CodeIgniter->handleRequest(null, Object(Config\Cache), false)
 7 FCPATH/index.php(67): CodeIgniter\CodeIgniter->run()
 8 SYSTEMPATH/Commands/Server/rewrite.php(47): require_once('FCPATH/index.php')
CRITICAL - 2024-02-26 09:52:18 --> Undefined variable $title
in APPPATH/Views/layouts/app.php on line 8.
 1 APPPATH/Views/layouts/app.php(8): CodeIgniter\Debug\Exceptions->errorHandler(2, 'Undefined variable $title', 'APPPATH/Views/layouts/app.php', 8)
 2 SYSTEMPATH/View/View.php(213): include('APPPATH/Views/layouts/app.php')
 3 SYSTEMPATH/View/View.php(216): CodeIgniter\View\View->CodeIgniter\View\{closure}()
 4 SYSTEMPATH/View/View.php(229): CodeIgniter\View\View->render('layouts/app', [], true)
 5 SYSTEMPATH/Common.php(1135): CodeIgniter\View\View->render('Categories/index', [], true)
 6 APPPATH/Controllers/CategoryController.php(11): view('Categories/index')
 7 SYSTEMPATH/CodeIgniter.php(925): App\Controllers\CategoryController->index()
 8 SYSTEMPATH/CodeIgniter.php(480): CodeIgniter\CodeIgniter->runController(Object(App\Controllers\CategoryController))
 9 SYSTEMPATH/CodeIgniter.php(349): CodeIgniter\CodeIgniter->handleRequest(null, Object(Config\Cache), false)
10 FCPATH/index.php(67): CodeIgniter\CodeIgniter->run()
11 SYSTEMPATH/Commands/Server/rewrite.php(47): require_once('FCPATH/index.php')
CRITICAL - 2024-02-26 09:53:27 --> Undefined variable $validation
in APPPATH/Views/Categories/index.php on line 27.
 1 APPPATH/Views/Categories/index.php(27): CodeIgniter\Debug\Exceptions->errorHandler(2, 'Undefined variable $validation', 'APPPATH/Views/Categories/index.php', 27)
 2 SYSTEMPATH/View/View.php(213): include('APPPATH/Views/Categories/index.php')
 3 SYSTEMPATH/View/View.php(216): CodeIgniter\View\View->CodeIgniter\View\{closure}()
 4 SYSTEMPATH/Common.php(1135): CodeIgniter\View\View->render('Categories/index', [], true)
 5 APPPATH/Controllers/CategoryController.php(14): view('Categories/index', [...])
 6 SYSTEMPATH/CodeIgniter.php(925): App\Controllers\CategoryController->index()
 7 SYSTEMPATH/CodeIgniter.php(480): CodeIgniter\CodeIgniter->runController(Object(App\Controllers\CategoryController))
 8 SYSTEMPATH/CodeIgniter.php(349): CodeIgniter\CodeIgniter->handleRequest(null, Object(Config\Cache), false)
 9 FCPATH/index.php(67): CodeIgniter\CodeIgniter->run()
10 SYSTEMPATH/Commands/Server/rewrite.php(47): require_once('FCPATH/index.php')
CRITICAL - 2024-02-26 09:54:48 --> Undefined variable $categories
in APPPATH/Views/Categories/index.php on line 102.
 1 APPPATH/Views/Categories/index.php(102): CodeIgniter\Debug\Exceptions->errorHandler(2, 'Undefined variable $categories', 'APPPATH/Views/Categories/index.php', 102)
 2 SYSTEMPATH/View/View.php(213): include('APPPATH/Views/Categories/index.php')
 3 SYSTEMPATH/View/View.php(216): CodeIgniter\View\View->CodeIgniter\View\{closure}()
 4 SYSTEMPATH/Common.php(1135): CodeIgniter\View\View->render('Categories/index', [], true)
 5 APPPATH/Controllers/CategoryController.php(15): view('Categories/index', [...])
 6 SYSTEMPATH/CodeIgniter.php(925): App\Controllers\CategoryController->index()
 7 SYSTEMPATH/CodeIgniter.php(480): CodeIgniter\CodeIgniter->runController(Object(App\Controllers\CategoryController))
 8 SYSTEMPATH/CodeIgniter.php(349): CodeIgniter\CodeIgniter->handleRequest(null, Object(Config\Cache), false)
 9 FCPATH/index.php(67): CodeIgniter\CodeIgniter->run()
10 SYSTEMPATH/Commands/Server/rewrite.php(47): require_once('FCPATH/index.php')
CRITICAL - 2024-02-26 10:34:19 --> Undefined property: App\Controllers\CreateController::$db
in APPPATH/Controllers/CreateController.php on line 27.
 1 APPPATH/Controllers/CreateController.php(27): CodeIgniter\Debug\Exceptions->errorHandler(2, 'Undefined property: App\\Controllers\\CreateController::$db', 'APPPATH/Controllers/CreateController.php', 27)
 2 SYSTEMPATH/CodeIgniter.php(925): App\Controllers\CreateController->category()
 3 SYSTEMPATH/CodeIgniter.php(480): CodeIgniter\CodeIgniter->runController(Object(App\Controllers\CreateController))
 4 SYSTEMPATH/CodeIgniter.php(349): CodeIgniter\CodeIgniter->handleRequest(null, Object(Config\Cache), false)
 5 FCPATH/index.php(67): CodeIgniter\CodeIgniter->run()
 6 SYSTEMPATH/Commands/Server/rewrite.php(47): require_once('FCPATH/index.php')
CRITICAL - 2024-02-26 10:36:51 --> syntax error, unexpected identifier "s", expecting "function"
in APPPATH/Controllers/CreateController.php on line 52.
 1 SYSTEMPATH/Autoloader/Autoloader.php(260): CodeIgniter\Autoloader\Autoloader->includeFile('APPPATH/Controllers/CreateController.php')
 2 SYSTEMPATH/Autoloader/Autoloader.php(238): CodeIgniter\Autoloader\Autoloader->loadInNamespace('App\\Controllers\\CreateController')
 3 [internal function]: CodeIgniter\Autoloader\Autoloader->loadClass('App\\Controllers\\CreateController')
 4 SYSTEMPATH/CodeIgniter.php(875): class_exists('\\App\\Controllers\\CreateController', true)
 5 SYSTEMPATH/CodeIgniter.php(467): CodeIgniter\CodeIgniter->startController()
 6 SYSTEMPATH/CodeIgniter.php(349): CodeIgniter\CodeIgniter->handleRequest(null, Object(Config\Cache), false)
 7 FCPATH/index.php(67): CodeIgniter\CodeIgniter->run()
 8 SYSTEMPATH/Commands/Server/rewrite.php(47): require_once('FCPATH/index.php')
CRITICAL - 2024-02-26 10:39:56 --> Attempt to read property "name" on array
in APPPATH/Views/Create/index.php on line 79.
 1 APPPATH/Views/Create/index.php(79): CodeIgniter\Debug\Exceptions->errorHandler(2, 'Attempt to read property "name" on array', 'APPPATH/Views/Create/index.php', 79)
 2 SYSTEMPATH/View/View.php(213): include('APPPATH/Views/Create/index.php')
 3 SYSTEMPATH/View/View.php(216): CodeIgniter\View\View->CodeIgniter\View\{closure}()
 4 SYSTEMPATH/Common.php(1135): CodeIgniter\View\View->render('Create/index', [], true)
 5 APPPATH/Controllers/CreateController.php(24): view('Create/index', [...])
 6 SYSTEMPATH/CodeIgniter.php(925): App\Controllers\CreateController->index()
 7 SYSTEMPATH/CodeIgniter.php(480): CodeIgniter\CodeIgniter->runController(Object(App\Controllers\CreateController))
 8 SYSTEMPATH/CodeIgniter.php(349): CodeIgniter\CodeIgniter->handleRequest(null, Object(Config\Cache), false)
 9 FCPATH/index.php(67): CodeIgniter\CodeIgniter->run()
10 SYSTEMPATH/Commands/Server/rewrite.php(47): require_once('FCPATH/index.php')
CRITICAL - 2024-02-26 10:40:05 --> Attempt to read property "name" on array
in APPPATH/Views/Create/index.php on line 79.
 1 APPPATH/Views/Create/index.php(79): CodeIgniter\Debug\Exceptions->errorHandler(2, 'Attempt to read property "name" on array', 'APPPATH/Views/Create/index.php', 79)
 2 SYSTEMPATH/View/View.php(213): include('APPPATH/Views/Create/index.php')
 3 SYSTEMPATH/View/View.php(216): CodeIgniter\View\View->CodeIgniter\View\{closure}()
 4 SYSTEMPATH/Common.php(1135): CodeIgniter\View\View->render('Create/index', [], true)
 5 APPPATH/Controllers/CreateController.php(24): view('Create/index', [...])
 6 SYSTEMPATH/CodeIgniter.php(925): App\Controllers\CreateController->index()
 7 SYSTEMPATH/CodeIgniter.php(480): CodeIgniter\CodeIgniter->runController(Object(App\Controllers\CreateController))
 8 SYSTEMPATH/CodeIgniter.php(349): CodeIgniter\CodeIgniter->handleRequest(null, Object(Config\Cache), false)
 9 FCPATH/index.php(67): CodeIgniter\CodeIgniter->run()
10 SYSTEMPATH/Commands/Server/rewrite.php(47): require_once('FCPATH/index.php')
CRITICAL - 2024-02-26 10:40:28 --> Cannot use object of type stdClass as array
in APPPATH/Views/Create/index.php on line 79.
 1 SYSTEMPATH/View/View.php(213): include()
 2 SYSTEMPATH/View/View.php(216): CodeIgniter\View\View->CodeIgniter\View\{closure}()
 3 SYSTEMPATH/Common.php(1135): CodeIgniter\View\View->render('Create/index', [], true)
 4 APPPATH/Controllers/CreateController.php(24): view('Create/index', [...])
 5 SYSTEMPATH/CodeIgniter.php(925): App\Controllers\CreateController->index()
 6 SYSTEMPATH/CodeIgniter.php(480): CodeIgniter\CodeIgniter->runController(Object(App\Controllers\CreateController))
 7 SYSTEMPATH/CodeIgniter.php(349): CodeIgniter\CodeIgniter->handleRequest(null, Object(Config\Cache), false)
 8 FCPATH/index.php(67): CodeIgniter\CodeIgniter->run()
 9 SYSTEMPATH/Commands/Server/rewrite.php(47): require_once('FCPATH/index.php')
CRITICAL - 2024-02-26 10:40:47 --> Undefined property: CodeIgniter\View\View::$id
in APPPATH/Views/Create/index.php on line 79.
 1 APPPATH/Views/Create/index.php(79): CodeIgniter\Debug\Exceptions->errorHandler(2, 'Undefined property: CodeIgniter\\View\\View::$id', 'APPPATH/Views/Create/index.php', 79)
 2 SYSTEMPATH/View/View.php(213): include('APPPATH/Views/Create/index.php')
 3 SYSTEMPATH/View/View.php(216): CodeIgniter\View\View->CodeIgniter\View\{closure}()
 4 SYSTEMPATH/Common.php(1135): CodeIgniter\View\View->render('Create/index', [], true)
 5 APPPATH/Controllers/CreateController.php(24): view('Create/index', [...])
 6 SYSTEMPATH/CodeIgniter.php(925): App\Controllers\CreateController->index()
 7 SYSTEMPATH/CodeIgniter.php(480): CodeIgniter\CodeIgniter->runController(Object(App\Controllers\CreateController))
 8 SYSTEMPATH/CodeIgniter.php(349): CodeIgniter\CodeIgniter->handleRequest(null, Object(Config\Cache), false)
 9 FCPATH/index.php(67): CodeIgniter\CodeIgniter->run()
10 SYSTEMPATH/Commands/Server/rewrite.php(47): require_once('FCPATH/index.php')
CRITICAL - 2024-02-26 10:45:59 --> syntax error, unexpected token "}", expecting ";"
in APPPATH/Controllers/CreateController.php on line 62.
 1 SYSTEMPATH/Autoloader/Autoloader.php(260): CodeIgniter\Autoloader\Autoloader->includeFile('APPPATH/Controllers/CreateController.php')
 2 SYSTEMPATH/Autoloader/Autoloader.php(238): CodeIgniter\Autoloader\Autoloader->loadInNamespace('App\\Controllers\\CreateController')
 3 [internal function]: CodeIgniter\Autoloader\Autoloader->loadClass('App\\Controllers\\CreateController')
 4 SYSTEMPATH/CodeIgniter.php(875): class_exists('\\App\\Controllers\\CreateController', true)
 5 SYSTEMPATH/CodeIgniter.php(467): CodeIgniter\CodeIgniter->startController()
 6 SYSTEMPATH/CodeIgniter.php(349): CodeIgniter\CodeIgniter->handleRequest(null, Object(Config\Cache), false)
 7 FCPATH/index.php(67): CodeIgniter\CodeIgniter->run()
 8 SYSTEMPATH/Commands/Server/rewrite.php(47): require_once('FCPATH/index.php')
CRITICAL - 2024-02-26 10:45:59 --> syntax error, unexpected token "}", expecting ";"
in APPPATH/Controllers/CreateController.php on line 62.
 1 SYSTEMPATH/Autoloader/Autoloader.php(260): CodeIgniter\Autoloader\Autoloader->includeFile('APPPATH/Controllers/CreateController.php')
 2 SYSTEMPATH/Autoloader/Autoloader.php(238): CodeIgniter\Autoloader\Autoloader->loadInNamespace('App\\Controllers\\CreateController')
 3 [internal function]: CodeIgniter\Autoloader\Autoloader->loadClass('App\\Controllers\\CreateController')
 4 SYSTEMPATH/CodeIgniter.php(875): class_exists('\\App\\Controllers\\CreateController', true)
 5 SYSTEMPATH/CodeIgniter.php(467): CodeIgniter\CodeIgniter->startController()
 6 SYSTEMPATH/CodeIgniter.php(349): CodeIgniter\CodeIgniter->handleRequest(null, Object(Config\Cache), false)
 7 FCPATH/index.php(67): CodeIgniter\CodeIgniter->run()
 8 SYSTEMPATH/Commands/Server/rewrite.php(47): require_once('FCPATH/index.php')
ERROR - 2024-02-26 10:58:19 --> mysqli_sql_exception: Unknown column 'description' in 'field list' in /Users/macbookair/Project2023/Codeigniter/DashboadCTPICKUP-2.1/system/Database/MySQLi/Connection.php:292
Stack trace:
#0 /Users/macbookair/Project2023/Codeigniter/DashboadCTPICKUP-2.1/system/Database/MySQLi/Connection.php(292): mysqli->query('INSERT INTO `de...', 0)
#1 /Users/macbookair/Project2023/Codeigniter/DashboadCTPICKUP-2.1/system/Database/BaseConnection.php(666): CodeIgniter\Database\MySQLi\Connection->execute('INSERT INTO `de...')
#2 /Users/macbookair/Project2023/Codeigniter/DashboadCTPICKUP-2.1/system/Database/BaseConnection.php(593): CodeIgniter\Database\BaseConnection->simpleQuery('INSERT INTO `de...')
#3 /Users/macbookair/Project2023/Codeigniter/DashboadCTPICKUP-2.1/system/Database/BaseBuilder.php(1916): CodeIgniter\Database\BaseConnection->query('INSERT INTO `de...', Array, false)
#4 /Users/macbookair/Project2023/Codeigniter/DashboadCTPICKUP-2.1/app/Controllers/CreateController.php(84): CodeIgniter\Database\BaseBuilder->insert(Array)
#5 /Users/macbookair/Project2023/Codeigniter/DashboadCTPICKUP-2.1/system/CodeIgniter.php(925): App\Controllers\CreateController->description()
#6 /Users/macbookair/Project2023/Codeigniter/DashboadCTPICKUP-2.1/system/CodeIgniter.php(480): CodeIgniter\CodeIgniter->runController(Object(App\Controllers\CreateController))
#7 /Users/macbookair/Project2023/Codeigniter/DashboadCTPICKUP-2.1/system/CodeIgniter.php(349): CodeIgniter\CodeIgniter->handleRequest(NULL, Object(Config\Cache), false)
#8 /Users/macbookair/Project2023/Codeigniter/DashboadCTPICKUP-2.1/public/index.php(67): CodeIgniter\CodeIgniter->run()
#9 /Users/macbookair/Project2023/Codeigniter/DashboadCTPICKUP-2.1/system/Commands/Server/rewrite.php(47): require_once('/Users/macbooka...')
#10 {main}
CRITICAL - 2024-02-26 10:58:19 --> Unknown column 'description' in 'field list'
in SYSTEMPATH/Database/MySQLi/Connection.php on line 292.
 1 SYSTEMPATH/Database/MySQLi/Connection.php(292): mysqli->query('INSERT INTO `descriptions` (`sub_type_id`, `impact_id`, `description`) VALUES (\'1\', \'1\', \'Paket Missing\')', 0)
 2 SYSTEMPATH/Database/BaseConnection.php(666): CodeIgniter\Database\MySQLi\Connection->execute('INSERT INTO `descriptions` (`sub_type_id`, `impact_id`, `description`) VALUES (\'1\', \'1\', \'Paket Missing\')')
 3 SYSTEMPATH/Database/BaseConnection.php(593): CodeIgniter\Database\BaseConnection->simpleQuery('INSERT INTO `descriptions` (`sub_type_id`, `impact_id`, `description`) VALUES (\'1\', \'1\', \'Paket Missing\')')
 4 SYSTEMPATH/Database/BaseBuilder.php(1916): CodeIgniter\Database\BaseConnection->query('INSERT INTO `descriptions` (`sub_type_id`, `impact_id`, `description`) VALUES (:sub_type_id:, :impact_id:, :description:)', [...], false)
 5 APPPATH/Controllers/CreateController.php(84): CodeIgniter\Database\BaseBuilder->insert([...])
 6 SYSTEMPATH/CodeIgniter.php(925): App\Controllers\CreateController->description()
 7 SYSTEMPATH/CodeIgniter.php(480): CodeIgniter\CodeIgniter->runController(Object(App\Controllers\CreateController))
 8 SYSTEMPATH/CodeIgniter.php(349): CodeIgniter\CodeIgniter->handleRequest(null, Object(Config\Cache), false)
 9 FCPATH/index.php(67): CodeIgniter\CodeIgniter->run()
10 SYSTEMPATH/Commands/Server/rewrite.php(47): require_once('FCPATH/index.php')
CRITICAL - 2024-02-26 11:07:02 --> CodeIgniter\Router\RouteCollection::processArrayCallableSyntax(): Return value must be of type string, array returned
in SYSTEMPATH/Router/RouteCollection.php on line 1295.
 1 SYSTEMPATH/Router/RouteCollection.php(1178): CodeIgniter\Router\RouteCollection->processArrayCallableSyntax('create', [...])
 2 SYSTEMPATH/Router/RouteCollection.php(886): CodeIgniter\Router\RouteCollection->create('get', 'create', [...], null)
 3 APPPATH/Config/Routes.php(96): CodeIgniter\Router\RouteCollection->get('create', [...])
 4 SYSTEMPATH/CodeIgniter.php(787): require('APPPATH/Config/Routes.php')
 5 SYSTEMPATH/CodeIgniter.php(428): CodeIgniter\CodeIgniter->tryToRouteIt(Object(CodeIgniter\Router\RouteCollection))
 6 SYSTEMPATH/CodeIgniter.php(349): CodeIgniter\CodeIgniter->handleRequest(null, Object(Config\Cache), false)
 7 FCPATH/index.php(67): CodeIgniter\CodeIgniter->run()
 8 SYSTEMPATH/Commands/Server/rewrite.php(47): require_once('FCPATH/index.php')
CRITICAL - 2024-02-26 11:07:14 --> CodeIgniter\Router\RouteCollection::processArrayCallableSyntax(): Return value must be of type string, array returned
in SYSTEMPATH/Router/RouteCollection.php on line 1295.
 1 SYSTEMPATH/Router/RouteCollection.php(1178): CodeIgniter\Router\RouteCollection->processArrayCallableSyntax('create', [...])
 2 SYSTEMPATH/Router/RouteCollection.php(886): CodeIgniter\Router\RouteCollection->create('get', 'create', [...], null)
 3 APPPATH/Config/Routes.php(96): CodeIgniter\Router\RouteCollection->get('create', [...])
 4 SYSTEMPATH/CodeIgniter.php(787): require('APPPATH/Config/Routes.php')
 5 SYSTEMPATH/CodeIgniter.php(428): CodeIgniter\CodeIgniter->tryToRouteIt(Object(CodeIgniter\Router\RouteCollection))
 6 SYSTEMPATH/CodeIgniter.php(349): CodeIgniter\CodeIgniter->handleRequest(null, Object(Config\Cache), false)
 7 FCPATH/index.php(67): CodeIgniter\CodeIgniter->run()
 8 SYSTEMPATH/Commands/Server/rewrite.php(47): require_once('FCPATH/index.php')
CRITICAL - 2024-02-26 11:37:49 --> Undefined variable $title
in APPPATH/Views/layouts/app.php on line 8.
 1 APPPATH/Views/layouts/app.php(8): CodeIgniter\Debug\Exceptions->errorHandler(2, 'Undefined variable $title', 'APPPATH/Views/layouts/app.php', 8)
 2 SYSTEMPATH/View/View.php(213): include('APPPATH/Views/layouts/app.php')
 3 SYSTEMPATH/View/View.php(216): CodeIgniter\View\View->CodeIgniter\View\{closure}()
 4 SYSTEMPATH/View/View.php(229): CodeIgniter\View\View->render('layouts/app', [], true)
 5 SYSTEMPATH/Common.php(1135): CodeIgniter\View\View->render('ShowLogbook/index', [], true)
 6 APPPATH/Controllers/ShowlogbookController.php(11): view('ShowLogbook/index')
 7 SYSTEMPATH/CodeIgniter.php(925): App\Controllers\ShowlogbookController->index()
 8 SYSTEMPATH/CodeIgniter.php(480): CodeIgniter\CodeIgniter->runController(Object(App\Controllers\ShowlogbookController))
 9 SYSTEMPATH/CodeIgniter.php(349): CodeIgniter\CodeIgniter->handleRequest(null, Object(Config\Cache), false)
10 FCPATH/index.php(67): CodeIgniter\CodeIgniter->run()
11 SYSTEMPATH/Commands/Server/rewrite.php(47): require_once('FCPATH/index.php')
CRITICAL - 2024-02-26 11:38:16 --> Undefined variable $title
in APPPATH/Views/layouts/app.php on line 8.
 1 APPPATH/Views/layouts/app.php(8): CodeIgniter\Debug\Exceptions->errorHandler(2, 'Undefined variable $title', 'APPPATH/Views/layouts/app.php', 8)
 2 SYSTEMPATH/View/View.php(213): include('APPPATH/Views/layouts/app.php')
 3 SYSTEMPATH/View/View.php(216): CodeIgniter\View\View->CodeIgniter\View\{closure}()
 4 SYSTEMPATH/View/View.php(229): CodeIgniter\View\View->render('layouts/app', [], true)
 5 SYSTEMPATH/Common.php(1135): CodeIgniter\View\View->render('ShowLogbook/index', [], true)
 6 APPPATH/Controllers/ShowlogbookController.php(11): view('ShowLogbook/index')
 7 SYSTEMPATH/CodeIgniter.php(925): App\Controllers\ShowlogbookController->index()
 8 SYSTEMPATH/CodeIgniter.php(480): CodeIgniter\CodeIgniter->runController(Object(App\Controllers\ShowlogbookController))
 9 SYSTEMPATH/CodeIgniter.php(349): CodeIgniter\CodeIgniter->handleRequest(null, Object(Config\Cache), false)
10 FCPATH/index.php(67): CodeIgniter\CodeIgniter->run()
11 SYSTEMPATH/Commands/Server/rewrite.php(47): require_once('FCPATH/index.php')
CRITICAL - 2024-02-26 11:38:43 --> syntax error, unexpected token "return"
in APPPATH/Controllers/ShowlogbookController.php on line 14.
 1 SYSTEMPATH/Autoloader/Autoloader.php(260): CodeIgniter\Autoloader\Autoloader->includeFile('APPPATH/Controllers/ShowlogbookController.php')
 2 SYSTEMPATH/Autoloader/Autoloader.php(238): CodeIgniter\Autoloader\Autoloader->loadInNamespace('App\\Controllers\\ShowlogbookController')
 3 [internal function]: CodeIgniter\Autoloader\Autoloader->loadClass('App\\Controllers\\ShowlogbookController')
 4 SYSTEMPATH/CodeIgniter.php(875): class_exists('\\App\\Controllers\\ShowlogbookController', true)
 5 SYSTEMPATH/CodeIgniter.php(467): CodeIgniter\CodeIgniter->startController()
 6 SYSTEMPATH/CodeIgniter.php(349): CodeIgniter\CodeIgniter->handleRequest(null, Object(Config\Cache), false)
 7 FCPATH/index.php(67): CodeIgniter\CodeIgniter->run()
 8 SYSTEMPATH/Commands/Server/rewrite.php(47): require_once('FCPATH/index.php')
CRITICAL - 2024-02-26 11:42:48 --> Undefined variable $logs
in APPPATH/Views/ShowLogbook/index.php on line 21.
 1 APPPATH/Views/ShowLogbook/index.php(21): CodeIgniter\Debug\Exceptions->errorHandler(2, 'Undefined variable $logs', 'APPPATH/Views/ShowLogbook/index.php', 21)
 2 SYSTEMPATH/View/View.php(213): include('APPPATH/Views/ShowLogbook/index.php')
 3 SYSTEMPATH/View/View.php(216): CodeIgniter\View\View->CodeIgniter\View\{closure}()
 4 SYSTEMPATH/Common.php(1135): CodeIgniter\View\View->render('ShowLogbook/index', [], true)
 5 APPPATH/Controllers/ShowlogbookController.php(22): view('ShowLogbook/index', [...])
 6 SYSTEMPATH/CodeIgniter.php(925): App\Controllers\ShowlogbookController->index()
 7 SYSTEMPATH/CodeIgniter.php(480): CodeIgniter\CodeIgniter->runController(Object(App\Controllers\ShowlogbookController))
 8 SYSTEMPATH/CodeIgniter.php(349): CodeIgniter\CodeIgniter->handleRequest(null, Object(Config\Cache), false)
 9 FCPATH/index.php(67): CodeIgniter\CodeIgniter->run()
10 SYSTEMPATH/Commands/Server/rewrite.php(47): require_once('FCPATH/index.php')
CRITICAL - 2024-02-26 11:52:47 --> Undefined variable $sub_type
in APPPATH/Views/ShowLogbook/index.php on line 85.
 1 APPPATH/Views/ShowLogbook/index.php(85): CodeIgniter\Debug\Exceptions->errorHandler(2, 'Undefined variable $sub_type', 'APPPATH/Views/ShowLogbook/index.php', 85)
 2 SYSTEMPATH/View/View.php(213): include('APPPATH/Views/ShowLogbook/index.php')
 3 SYSTEMPATH/View/View.php(216): CodeIgniter\View\View->CodeIgniter\View\{closure}()
 4 SYSTEMPATH/Common.php(1135): CodeIgniter\View\View->render('ShowLogbook/index', [], true)
 5 APPPATH/Controllers/ShowlogbookController.php(25): view('ShowLogbook/index', [...])
 6 SYSTEMPATH/CodeIgniter.php(925): App\Controllers\ShowlogbookController->index()
 7 SYSTEMPATH/CodeIgniter.php(480): CodeIgniter\CodeIgniter->runController(Object(App\Controllers\ShowlogbookController))
 8 SYSTEMPATH/CodeIgniter.php(349): CodeIgniter\CodeIgniter->handleRequest(null, Object(Config\Cache), false)
 9 FCPATH/index.php(67): CodeIgniter\CodeIgniter->run()
10 SYSTEMPATH/Commands/Server/rewrite.php(47): require_once('FCPATH/index.php')
ERROR - 2024-02-26 12:00:18 --> mysqli_sql_exception: Unknown table 'description' in /Users/macbookair/Project2023/Codeigniter/DashboadCTPICKUP-2.1/system/Database/MySQLi/Connection.php:292
Stack trace:
#0 /Users/macbookair/Project2023/Codeigniter/DashboadCTPICKUP-2.1/system/Database/MySQLi/Connection.php(292): mysqli->query('SELECT `descrip...', 0)
#1 /Users/macbookair/Project2023/Codeigniter/DashboadCTPICKUP-2.1/system/Database/BaseConnection.php(666): CodeIgniter\Database\MySQLi\Connection->execute('SELECT `descrip...')
#2 /Users/macbookair/Project2023/Codeigniter/DashboadCTPICKUP-2.1/system/Database/BaseConnection.php(593): CodeIgniter\Database\BaseConnection->simpleQuery('SELECT `descrip...')
#3 /Users/macbookair/Project2023/Codeigniter/DashboadCTPICKUP-2.1/system/Database/BaseBuilder.php(1585): CodeIgniter\Database\BaseConnection->query('SELECT `descrip...', Array, false)
#4 /Users/macbookair/Project2023/Codeigniter/DashboadCTPICKUP-2.1/app/Controllers/ShowlogbookController.php(28): CodeIgniter\Database\BaseBuilder->get()
#5 /Users/macbookair/Project2023/Codeigniter/DashboadCTPICKUP-2.1/system/CodeIgniter.php(925): App\Controllers\ShowlogbookController->index()
#6 /Users/macbookair/Project2023/Codeigniter/DashboadCTPICKUP-2.1/system/CodeIgniter.php(480): CodeIgniter\CodeIgniter->runController(Object(App\Controllers\ShowlogbookController))
#7 /Users/macbookair/Project2023/Codeigniter/DashboadCTPICKUP-2.1/system/CodeIgniter.php(349): CodeIgniter\CodeIgniter->handleRequest(NULL, Object(Config\Cache), false)
#8 /Users/macbookair/Project2023/Codeigniter/DashboadCTPICKUP-2.1/public/index.php(67): CodeIgniter\CodeIgniter->run()
#9 /Users/macbookair/Project2023/Codeigniter/DashboadCTPICKUP-2.1/system/Commands/Server/rewrite.php(47): require_once('/Users/macbooka...')
#10 {main}
CRITICAL - 2024-02-26 12:00:18 --> Unknown table 'description'
in SYSTEMPATH/Database/MySQLi/Connection.php on line 292.
 1 SYSTEMPATH/Database/MySQLi/Connection.php(292): mysqli->query('SELECT `description`.*, `imapcts`.`name` as `impact`, `sub_types`.`name` as `sub_type`
FROM `descriptions`
JOIN `sub_types` ON `descriptions`.`sub_type_id` = `sub_types`.`id`
JOIN `impacts` ON `descriptions`.`impact_id` = `imapcts`.`id`', 0)
 2 SYSTEMPATH/Database/BaseConnection.php(666): CodeIgniter\Database\MySQLi\Connection->execute('SELECT `description`.*, `imapcts`.`name` as `impact`, `sub_types`.`name` as `sub_type`
FROM `descriptions`
JOIN `sub_types` ON `descriptions`.`sub_type_id` = `sub_types`.`id`
JOIN `impacts` ON `descriptions`.`impact_id` = `imapcts`.`id`')
 3 SYSTEMPATH/Database/BaseConnection.php(593): CodeIgniter\Database\BaseConnection->simpleQuery('SELECT `description`.*, `imapcts`.`name` as `impact`, `sub_types`.`name` as `sub_type`
FROM `descriptions`
JOIN `sub_types` ON `descriptions`.`sub_type_id` = `sub_types`.`id`
JOIN `impacts` ON `descriptions`.`impact_id` = `imapcts`.`id`')
 4 SYSTEMPATH/Database/BaseBuilder.php(1585): CodeIgniter\Database\BaseConnection->query('SELECT `description`.*, `imapcts`.`name` as `impact`, `sub_types`.`name` as `sub_type`
FROM `descriptions`
JOIN `sub_types` ON `descriptions`.`sub_type_id` = `sub_types`.`id`
JOIN `impacts` ON `descriptions`.`impact_id` = `imapcts`.`id`', [], false)
 5 APPPATH/Controllers/ShowlogbookController.php(28): CodeIgniter\Database\BaseBuilder->get()
 6 SYSTEMPATH/CodeIgniter.php(925): App\Controllers\ShowlogbookController->index()
 7 SYSTEMPATH/CodeIgniter.php(480): CodeIgniter\CodeIgniter->runController(Object(App\Controllers\ShowlogbookController))
 8 SYSTEMPATH/CodeIgniter.php(349): CodeIgniter\CodeIgniter->handleRequest(null, Object(Config\Cache), false)
 9 FCPATH/index.php(67): CodeIgniter\CodeIgniter->run()
10 SYSTEMPATH/Commands/Server/rewrite.php(47): require_once('FCPATH/index.php')
ERROR - 2024-02-26 12:00:20 --> mysqli_sql_exception: Unknown table 'description' in /Users/macbookair/Project2023/Codeigniter/DashboadCTPICKUP-2.1/system/Database/MySQLi/Connection.php:292
Stack trace:
#0 /Users/macbookair/Project2023/Codeigniter/DashboadCTPICKUP-2.1/system/Database/MySQLi/Connection.php(292): mysqli->query('SELECT `descrip...', 0)
#1 /Users/macbookair/Project2023/Codeigniter/DashboadCTPICKUP-2.1/system/Database/BaseConnection.php(666): CodeIgniter\Database\MySQLi\Connection->execute('SELECT `descrip...')
#2 /Users/macbookair/Project2023/Codeigniter/DashboadCTPICKUP-2.1/system/Database/BaseConnection.php(593): CodeIgniter\Database\BaseConnection->simpleQuery('SELECT `descrip...')
#3 /Users/macbookair/Project2023/Codeigniter/DashboadCTPICKUP-2.1/system/Database/BaseBuilder.php(1585): CodeIgniter\Database\BaseConnection->query('SELECT `descrip...', Array, false)
#4 /Users/macbookair/Project2023/Codeigniter/DashboadCTPICKUP-2.1/app/Controllers/ShowlogbookController.php(28): CodeIgniter\Database\BaseBuilder->get()
#5 /Users/macbookair/Project2023/Codeigniter/DashboadCTPICKUP-2.1/system/CodeIgniter.php(925): App\Controllers\ShowlogbookController->index()
#6 /Users/macbookair/Project2023/Codeigniter/DashboadCTPICKUP-2.1/system/CodeIgniter.php(480): CodeIgniter\CodeIgniter->runController(Object(App\Controllers\ShowlogbookController))
#7 /Users/macbookair/Project2023/Codeigniter/DashboadCTPICKUP-2.1/system/CodeIgniter.php(349): CodeIgniter\CodeIgniter->handleRequest(NULL, Object(Config\Cache), false)
#8 /Users/macbookair/Project2023/Codeigniter/DashboadCTPICKUP-2.1/public/index.php(67): CodeIgniter\CodeIgniter->run()
#9 /Users/macbookair/Project2023/Codeigniter/DashboadCTPICKUP-2.1/system/Commands/Server/rewrite.php(47): require_once('/Users/macbooka...')
#10 {main}
CRITICAL - 2024-02-26 12:00:20 --> Unknown table 'description'
in SYSTEMPATH/Database/MySQLi/Connection.php on line 292.
 1 SYSTEMPATH/Database/MySQLi/Connection.php(292): mysqli->query('SELECT `description`.*, `imapcts`.`name` as `impact`, `sub_types`.`name` as `sub_type`
FROM `descriptions`
JOIN `sub_types` ON `descriptions`.`sub_type_id` = `sub_types`.`id`
JOIN `impacts` ON `descriptions`.`impact_id` = `imapcts`.`id`', 0)
 2 SYSTEMPATH/Database/BaseConnection.php(666): CodeIgniter\Database\MySQLi\Connection->execute('SELECT `description`.*, `imapcts`.`name` as `impact`, `sub_types`.`name` as `sub_type`
FROM `descriptions`
JOIN `sub_types` ON `descriptions`.`sub_type_id` = `sub_types`.`id`
JOIN `impacts` ON `descriptions`.`impact_id` = `imapcts`.`id`')
 3 SYSTEMPATH/Database/BaseConnection.php(593): CodeIgniter\Database\BaseConnection->simpleQuery('SELECT `description`.*, `imapcts`.`name` as `impact`, `sub_types`.`name` as `sub_type`
FROM `descriptions`
JOIN `sub_types` ON `descriptions`.`sub_type_id` = `sub_types`.`id`
JOIN `impacts` ON `descriptions`.`impact_id` = `imapcts`.`id`')
 4 SYSTEMPATH/Database/BaseBuilder.php(1585): CodeIgniter\Database\BaseConnection->query('SELECT `description`.*, `imapcts`.`name` as `impact`, `sub_types`.`name` as `sub_type`
FROM `descriptions`
JOIN `sub_types` ON `descriptions`.`sub_type_id` = `sub_types`.`id`
JOIN `impacts` ON `descriptions`.`impact_id` = `imapcts`.`id`', [], false)
 5 APPPATH/Controllers/ShowlogbookController.php(28): CodeIgniter\Database\BaseBuilder->get()
 6 SYSTEMPATH/CodeIgniter.php(925): App\Controllers\ShowlogbookController->index()
 7 SYSTEMPATH/CodeIgniter.php(480): CodeIgniter\CodeIgniter->runController(Object(App\Controllers\ShowlogbookController))
 8 SYSTEMPATH/CodeIgniter.php(349): CodeIgniter\CodeIgniter->handleRequest(null, Object(Config\Cache), false)
 9 FCPATH/index.php(67): CodeIgniter\CodeIgniter->run()
10 SYSTEMPATH/Commands/Server/rewrite.php(47): require_once('FCPATH/index.php')
ERROR - 2024-02-26 12:00:28 --> mysqli_sql_exception: Unknown column 'imapcts.name' in 'field list' in /Users/macbookair/Project2023/Codeigniter/DashboadCTPICKUP-2.1/system/Database/MySQLi/Connection.php:292
Stack trace:
#0 /Users/macbookair/Project2023/Codeigniter/DashboadCTPICKUP-2.1/system/Database/MySQLi/Connection.php(292): mysqli->query('SELECT `descrip...', 0)
#1 /Users/macbookair/Project2023/Codeigniter/DashboadCTPICKUP-2.1/system/Database/BaseConnection.php(666): CodeIgniter\Database\MySQLi\Connection->execute('SELECT `descrip...')
#2 /Users/macbookair/Project2023/Codeigniter/DashboadCTPICKUP-2.1/system/Database/BaseConnection.php(593): CodeIgniter\Database\BaseConnection->simpleQuery('SELECT `descrip...')
#3 /Users/macbookair/Project2023/Codeigniter/DashboadCTPICKUP-2.1/system/Database/BaseBuilder.php(1585): CodeIgniter\Database\BaseConnection->query('SELECT `descrip...', Array, false)
#4 /Users/macbookair/Project2023/Codeigniter/DashboadCTPICKUP-2.1/app/Controllers/ShowlogbookController.php(28): CodeIgniter\Database\BaseBuilder->get()
#5 /Users/macbookair/Project2023/Codeigniter/DashboadCTPICKUP-2.1/system/CodeIgniter.php(925): App\Controllers\ShowlogbookController->index()
#6 /Users/macbookair/Project2023/Codeigniter/DashboadCTPICKUP-2.1/system/CodeIgniter.php(480): CodeIgniter\CodeIgniter->runController(Object(App\Controllers\ShowlogbookController))
#7 /Users/macbookair/Project2023/Codeigniter/DashboadCTPICKUP-2.1/system/CodeIgniter.php(349): CodeIgniter\CodeIgniter->handleRequest(NULL, Object(Config\Cache), false)
#8 /Users/macbookair/Project2023/Codeigniter/DashboadCTPICKUP-2.1/public/index.php(67): CodeIgniter\CodeIgniter->run()
#9 /Users/macbookair/Project2023/Codeigniter/DashboadCTPICKUP-2.1/system/Commands/Server/rewrite.php(47): require_once('/Users/macbooka...')
#10 {main}
CRITICAL - 2024-02-26 12:00:28 --> Unknown column 'imapcts.name' in 'field list'
in SYSTEMPATH/Database/MySQLi/Connection.php on line 292.
 1 SYSTEMPATH/Database/MySQLi/Connection.php(292): mysqli->query('SELECT `descriptions`.*, `imapcts`.`name` as `impact`, `sub_types`.`name` as `sub_type`
FROM `descriptions`
JOIN `sub_types` ON `descriptions`.`sub_type_id` = `sub_types`.`id`
JOIN `impacts` ON `descriptions`.`impact_id` = `imapcts`.`id`', 0)
 2 SYSTEMPATH/Database/BaseConnection.php(666): CodeIgniter\Database\MySQLi\Connection->execute('SELECT `descriptions`.*, `imapcts`.`name` as `impact`, `sub_types`.`name` as `sub_type`
FROM `descriptions`
JOIN `sub_types` ON `descriptions`.`sub_type_id` = `sub_types`.`id`
JOIN `impacts` ON `descriptions`.`impact_id` = `imapcts`.`id`')
 3 SYSTEMPATH/Database/BaseConnection.php(593): CodeIgniter\Database\BaseConnection->simpleQuery('SELECT `descriptions`.*, `imapcts`.`name` as `impact`, `sub_types`.`name` as `sub_type`
FROM `descriptions`
JOIN `sub_types` ON `descriptions`.`sub_type_id` = `sub_types`.`id`
JOIN `impacts` ON `descriptions`.`impact_id` = `imapcts`.`id`')
 4 SYSTEMPATH/Database/BaseBuilder.php(1585): CodeIgniter\Database\BaseConnection->query('SELECT `descriptions`.*, `imapcts`.`name` as `impact`, `sub_types`.`name` as `sub_type`
FROM `descriptions`
JOIN `sub_types` ON `descriptions`.`sub_type_id` = `sub_types`.`id`
JOIN `impacts` ON `descriptions`.`impact_id` = `imapcts`.`id`', [], false)
 5 APPPATH/Controllers/ShowlogbookController.php(28): CodeIgniter\Database\BaseBuilder->get()
 6 SYSTEMPATH/CodeIgniter.php(925): App\Controllers\ShowlogbookController->index()
 7 SYSTEMPATH/CodeIgniter.php(480): CodeIgniter\CodeIgniter->runController(Object(App\Controllers\ShowlogbookController))
 8 SYSTEMPATH/CodeIgniter.php(349): CodeIgniter\CodeIgniter->handleRequest(null, Object(Config\Cache), false)
 9 FCPATH/index.php(67): CodeIgniter\CodeIgniter->run()
10 SYSTEMPATH/Commands/Server/rewrite.php(47): require_once('FCPATH/index.php')
ERROR - 2024-02-26 12:00:37 --> mysqli_sql_exception: Unknown column 'imapcts.id' in 'on clause' in /Users/macbookair/Project2023/Codeigniter/DashboadCTPICKUP-2.1/system/Database/MySQLi/Connection.php:292
Stack trace:
#0 /Users/macbookair/Project2023/Codeigniter/DashboadCTPICKUP-2.1/system/Database/MySQLi/Connection.php(292): mysqli->query('SELECT `descrip...', 0)
#1 /Users/macbookair/Project2023/Codeigniter/DashboadCTPICKUP-2.1/system/Database/BaseConnection.php(666): CodeIgniter\Database\MySQLi\Connection->execute('SELECT `descrip...')
#2 /Users/macbookair/Project2023/Codeigniter/DashboadCTPICKUP-2.1/system/Database/BaseConnection.php(593): CodeIgniter\Database\BaseConnection->simpleQuery('SELECT `descrip...')
#3 /Users/macbookair/Project2023/Codeigniter/DashboadCTPICKUP-2.1/system/Database/BaseBuilder.php(1585): CodeIgniter\Database\BaseConnection->query('SELECT `descrip...', Array, false)
#4 /Users/macbookair/Project2023/Codeigniter/DashboadCTPICKUP-2.1/app/Controllers/ShowlogbookController.php(28): CodeIgniter\Database\BaseBuilder->get()
#5 /Users/macbookair/Project2023/Codeigniter/DashboadCTPICKUP-2.1/system/CodeIgniter.php(925): App\Controllers\ShowlogbookController->index()
#6 /Users/macbookair/Project2023/Codeigniter/DashboadCTPICKUP-2.1/system/CodeIgniter.php(480): CodeIgniter\CodeIgniter->runController(Object(App\Controllers\ShowlogbookController))
#7 /Users/macbookair/Project2023/Codeigniter/DashboadCTPICKUP-2.1/system/CodeIgniter.php(349): CodeIgniter\CodeIgniter->handleRequest(NULL, Object(Config\Cache), false)
#8 /Users/macbookair/Project2023/Codeigniter/DashboadCTPICKUP-2.1/public/index.php(67): CodeIgniter\CodeIgniter->run()
#9 /Users/macbookair/Project2023/Codeigniter/DashboadCTPICKUP-2.1/system/Commands/Server/rewrite.php(47): require_once('/Users/macbooka...')
#10 {main}
CRITICAL - 2024-02-26 12:00:37 --> Unknown column 'imapcts.id' in 'on clause'
in SYSTEMPATH/Database/MySQLi/Connection.php on line 292.
 1 SYSTEMPATH/Database/MySQLi/Connection.php(292): mysqli->query('SELECT `descriptions`.*, `impacts`.`name` as `impact`, `sub_types`.`name` as `sub_type`
FROM `descriptions`
JOIN `sub_types` ON `descriptions`.`sub_type_id` = `sub_types`.`id`
JOIN `impacts` ON `descriptions`.`impact_id` = `imapcts`.`id`', 0)
 2 SYSTEMPATH/Database/BaseConnection.php(666): CodeIgniter\Database\MySQLi\Connection->execute('SELECT `descriptions`.*, `impacts`.`name` as `impact`, `sub_types`.`name` as `sub_type`
FROM `descriptions`
JOIN `sub_types` ON `descriptions`.`sub_type_id` = `sub_types`.`id`
JOIN `impacts` ON `descriptions`.`impact_id` = `imapcts`.`id`')
 3 SYSTEMPATH/Database/BaseConnection.php(593): CodeIgniter\Database\BaseConnection->simpleQuery('SELECT `descriptions`.*, `impacts`.`name` as `impact`, `sub_types`.`name` as `sub_type`
FROM `descriptions`
JOIN `sub_types` ON `descriptions`.`sub_type_id` = `sub_types`.`id`
JOIN `impacts` ON `descriptions`.`impact_id` = `imapcts`.`id`')
 4 SYSTEMPATH/Database/BaseBuilder.php(1585): CodeIgniter\Database\BaseConnection->query('SELECT `descriptions`.*, `impacts`.`name` as `impact`, `sub_types`.`name` as `sub_type`
FROM `descriptions`
JOIN `sub_types` ON `descriptions`.`sub_type_id` = `sub_types`.`id`
JOIN `impacts` ON `descriptions`.`impact_id` = `imapcts`.`id`', [], false)
 5 APPPATH/Controllers/ShowlogbookController.php(28): CodeIgniter\Database\BaseBuilder->get()
 6 SYSTEMPATH/CodeIgniter.php(925): App\Controllers\ShowlogbookController->index()
 7 SYSTEMPATH/CodeIgniter.php(480): CodeIgniter\CodeIgniter->runController(Object(App\Controllers\ShowlogbookController))
 8 SYSTEMPATH/CodeIgniter.php(349): CodeIgniter\CodeIgniter->handleRequest(null, Object(Config\Cache), false)
 9 FCPATH/index.php(67): CodeIgniter\CodeIgniter->run()
10 SYSTEMPATH/Commands/Server/rewrite.php(47): require_once('FCPATH/index.php')
CRITICAL - 2024-02-26 12:01:11 --> Undefined constant "descriptions"
in APPPATH/Views/ShowLogbook/index.php on line 119.
 1 SYSTEMPATH/View/View.php(213): include()
 2 SYSTEMPATH/View/View.php(216): CodeIgniter\View\View->CodeIgniter\View\{closure}()
 3 SYSTEMPATH/Common.php(1135): CodeIgniter\View\View->render('ShowLogbook/index', [], true)
 4 APPPATH/Controllers/ShowlogbookController.php(30): view('ShowLogbook/index', [...])
 5 SYSTEMPATH/CodeIgniter.php(925): App\Controllers\ShowlogbookController->index()
 6 SYSTEMPATH/CodeIgniter.php(480): CodeIgniter\CodeIgniter->runController(Object(App\Controllers\ShowlogbookController))
 7 SYSTEMPATH/CodeIgniter.php(349): CodeIgniter\CodeIgniter->handleRequest(null, Object(Config\Cache), false)
 8 FCPATH/index.php(67): CodeIgniter\CodeIgniter->run()
 9 SYSTEMPATH/Commands/Server/rewrite.php(47): require_once('FCPATH/index.php')
CRITICAL - 2024-02-26 12:01:23 --> Undefined property: stdClass::$issue
in APPPATH/Views/ShowLogbook/index.php on line 122.
 1 APPPATH/Views/ShowLogbook/index.php(122): CodeIgniter\Debug\Exceptions->errorHandler(2, 'Undefined property: stdClass::$issue', 'APPPATH/Views/ShowLogbook/index.php', 122)
 2 SYSTEMPATH/View/View.php(213): include('APPPATH/Views/ShowLogbook/index.php')
 3 SYSTEMPATH/View/View.php(216): CodeIgniter\View\View->CodeIgniter\View\{closure}()
 4 SYSTEMPATH/Common.php(1135): CodeIgniter\View\View->render('ShowLogbook/index', [], true)
 5 APPPATH/Controllers/ShowlogbookController.php(30): view('ShowLogbook/index', [...])
 6 SYSTEMPATH/CodeIgniter.php(925): App\Controllers\ShowlogbookController->index()
 7 SYSTEMPATH/CodeIgniter.php(480): CodeIgniter\CodeIgniter->runController(Object(App\Controllers\ShowlogbookController))
 8 SYSTEMPATH/CodeIgniter.php(349): CodeIgniter\CodeIgniter->handleRequest(null, Object(Config\Cache), false)
 9 FCPATH/index.php(67): CodeIgniter\CodeIgniter->run()
10 SYSTEMPATH/Commands/Server/rewrite.php(47): require_once('FCPATH/index.php')
CRITICAL - 2024-02-26 13:36:18 --> Call to undefined method App\Controllers\ShowlogbookController::request()
in APPPATH/Controllers/ShowlogbookController.php on line 36.
 1 SYSTEMPATH/CodeIgniter.php(925): App\Controllers\ShowlogbookController->editCategory()
 2 SYSTEMPATH/CodeIgniter.php(480): CodeIgniter\CodeIgniter->runController(Object(App\Controllers\ShowlogbookController))
 3 SYSTEMPATH/CodeIgniter.php(349): CodeIgniter\CodeIgniter->handleRequest(null, Object(Config\Cache), false)
 4 FCPATH/index.php(67): CodeIgniter\CodeIgniter->run()
 5 SYSTEMPATH/Commands/Server/rewrite.php(47): require_once('FCPATH/index.php')
CRITICAL - 2024-02-26 13:36:47 --> Call to undefined method App\Controllers\ShowlogbookController::request()
in APPPATH/Controllers/ShowlogbookController.php on line 36.
 1 SYSTEMPATH/CodeIgniter.php(925): App\Controllers\ShowlogbookController->editCategory()
 2 SYSTEMPATH/CodeIgniter.php(480): CodeIgniter\CodeIgniter->runController(Object(App\Controllers\ShowlogbookController))
 3 SYSTEMPATH/CodeIgniter.php(349): CodeIgniter\CodeIgniter->handleRequest(null, Object(Config\Cache), false)
 4 FCPATH/index.php(67): CodeIgniter\CodeIgniter->run()
 5 SYSTEMPATH/Commands/Server/rewrite.php(47): require_once('FCPATH/index.php')
CRITICAL - 2024-02-26 13:39:51 --> Undefined variable $validation
in APPPATH/Views/ShowLogbook/index.php on line 201.
 1 APPPATH/Views/ShowLogbook/index.php(201): CodeIgniter\Debug\Exceptions->errorHandler(2, 'Undefined variable $validation', 'APPPATH/Views/ShowLogbook/index.php', 201)
 2 SYSTEMPATH/View/View.php(213): include('APPPATH/Views/ShowLogbook/index.php')
 3 SYSTEMPATH/View/View.php(216): CodeIgniter\View\View->CodeIgniter\View\{closure}()
 4 SYSTEMPATH/Common.php(1135): CodeIgniter\View\View->render('ShowLogbook/index', [], true)
 5 APPPATH/Controllers/ShowlogbookController.php(31): view('ShowLogbook/index', [...])
 6 SYSTEMPATH/CodeIgniter.php(925): App\Controllers\ShowlogbookController->index()
 7 SYSTEMPATH/CodeIgniter.php(480): CodeIgniter\CodeIgniter->runController(Object(App\Controllers\ShowlogbookController))
 8 SYSTEMPATH/CodeIgniter.php(349): CodeIgniter\CodeIgniter->handleRequest(null, Object(Config\Cache), false)
 9 FCPATH/index.php(67): CodeIgniter\CodeIgniter->run()
10 SYSTEMPATH/Commands/Server/rewrite.php(47): require_once('FCPATH/index.php')
CRITICAL - 2024-02-26 13:42:11 --> Call to undefined method CodeIgniter\Database\MySQLi\Builder::getResult()
in APPPATH/Controllers/ShowlogbookController.php on line 39.
 1 SYSTEMPATH/CodeIgniter.php(925): App\Controllers\ShowlogbookController->editCategory()
 2 SYSTEMPATH/CodeIgniter.php(480): CodeIgniter\CodeIgniter->runController(Object(App\Controllers\ShowlogbookController))
 3 SYSTEMPATH/CodeIgniter.php(349): CodeIgniter\CodeIgniter->handleRequest(null, Object(Config\Cache), false)
 4 FCPATH/index.php(67): CodeIgniter\CodeIgniter->run()
 5 SYSTEMPATH/Commands/Server/rewrite.php(47): require_once('FCPATH/index.php')
CRITICAL - 2024-02-26 13:42:31 --> Call to undefined method CodeIgniter\Database\MySQLi\Builder::getResult()
in APPPATH/Controllers/ShowlogbookController.php on line 39.
 1 SYSTEMPATH/CodeIgniter.php(925): App\Controllers\ShowlogbookController->editCategory()
 2 SYSTEMPATH/CodeIgniter.php(480): CodeIgniter\CodeIgniter->runController(Object(App\Controllers\ShowlogbookController))
 3 SYSTEMPATH/CodeIgniter.php(349): CodeIgniter\CodeIgniter->handleRequest(null, Object(Config\Cache), false)
 4 FCPATH/index.php(67): CodeIgniter\CodeIgniter->run()
 5 SYSTEMPATH/Commands/Server/rewrite.php(47): require_once('FCPATH/index.php')
CRITICAL - 2024-02-26 13:53:27 --> syntax error, unexpected token "}"
in APPPATH/Controllers/ShowlogbookController.php on line 49.
 1 SYSTEMPATH/Autoloader/Autoloader.php(260): CodeIgniter\Autoloader\Autoloader->includeFile('APPPATH/Controllers/ShowlogbookController.php')
 2 SYSTEMPATH/Autoloader/Autoloader.php(238): CodeIgniter\Autoloader\Autoloader->loadInNamespace('App\\Controllers\\ShowlogbookController')
 3 [internal function]: CodeIgniter\Autoloader\Autoloader->loadClass('App\\Controllers\\ShowlogbookController')
 4 SYSTEMPATH/CodeIgniter.php(875): class_exists('\\App\\Controllers\\ShowlogbookController', true)
 5 SYSTEMPATH/CodeIgniter.php(467): CodeIgniter\CodeIgniter->startController()
 6 SYSTEMPATH/CodeIgniter.php(349): CodeIgniter\CodeIgniter->handleRequest(null, Object(Config\Cache), false)
 7 FCPATH/index.php(67): CodeIgniter\CodeIgniter->run()
 8 SYSTEMPATH/Commands/Server/rewrite.php(47): require_once('FCPATH/index.php')
CRITICAL - 2024-02-26 13:53:28 --> syntax error, unexpected token "}"
in APPPATH/Controllers/ShowlogbookController.php on line 49.
 1 SYSTEMPATH/Autoloader/Autoloader.php(260): CodeIgniter\Autoloader\Autoloader->includeFile('APPPATH/Controllers/ShowlogbookController.php')
 2 SYSTEMPATH/Autoloader/Autoloader.php(238): CodeIgniter\Autoloader\Autoloader->loadInNamespace('App\\Controllers\\ShowlogbookController')
 3 [internal function]: CodeIgniter\Autoloader\Autoloader->loadClass('App\\Controllers\\ShowlogbookController')
 4 SYSTEMPATH/CodeIgniter.php(875): class_exists('\\App\\Controllers\\ShowlogbookController', true)
 5 SYSTEMPATH/CodeIgniter.php(467): CodeIgniter\CodeIgniter->startController()
 6 SYSTEMPATH/CodeIgniter.php(349): CodeIgniter\CodeIgniter->handleRequest(null, Object(Config\Cache), false)
 7 FCPATH/index.php(67): CodeIgniter\CodeIgniter->run()
 8 SYSTEMPATH/Commands/Server/rewrite.php(47): require_once('FCPATH/index.php')
CRITICAL - 2024-02-26 13:53:30 --> syntax error, unexpected token "}"
in APPPATH/Controllers/ShowlogbookController.php on line 49.
 1 SYSTEMPATH/Autoloader/Autoloader.php(260): CodeIgniter\Autoloader\Autoloader->includeFile('APPPATH/Controllers/ShowlogbookController.php')
 2 SYSTEMPATH/Autoloader/Autoloader.php(238): CodeIgniter\Autoloader\Autoloader->loadInNamespace('App\\Controllers\\ShowlogbookController')
 3 [internal function]: CodeIgniter\Autoloader\Autoloader->loadClass('App\\Controllers\\ShowlogbookController')
 4 SYSTEMPATH/CodeIgniter.php(875): class_exists('\\App\\Controllers\\ShowlogbookController', true)
 5 SYSTEMPATH/CodeIgniter.php(467): CodeIgniter\CodeIgniter->startController()
 6 SYSTEMPATH/CodeIgniter.php(349): CodeIgniter\CodeIgniter->handleRequest(null, Object(Config\Cache), false)
 7 FCPATH/index.php(67): CodeIgniter\CodeIgniter->run()
 8 SYSTEMPATH/Commands/Server/rewrite.php(47): require_once('FCPATH/index.php')
CRITICAL - 2024-02-26 13:59:51 --> syntax error, unexpected token "}", expecting ";"
in APPPATH/Controllers/ShowlogbookController.php on line 51.
 1 SYSTEMPATH/Autoloader/Autoloader.php(260): CodeIgniter\Autoloader\Autoloader->includeFile('APPPATH/Controllers/ShowlogbookController.php')
 2 SYSTEMPATH/Autoloader/Autoloader.php(238): CodeIgniter\Autoloader\Autoloader->loadInNamespace('App\\Controllers\\ShowlogbookController')
 3 [internal function]: CodeIgniter\Autoloader\Autoloader->loadClass('App\\Controllers\\ShowlogbookController')
 4 SYSTEMPATH/CodeIgniter.php(875): class_exists('\\App\\Controllers\\ShowlogbookController', true)
 5 SYSTEMPATH/CodeIgniter.php(467): CodeIgniter\CodeIgniter->startController()
 6 SYSTEMPATH/CodeIgniter.php(349): CodeIgniter\CodeIgniter->handleRequest(null, Object(Config\Cache), false)
 7 FCPATH/index.php(67): CodeIgniter\CodeIgniter->run()
 8 SYSTEMPATH/Commands/Server/rewrite.php(47): require_once('FCPATH/index.php')
CRITICAL - 2024-02-26 13:59:52 --> syntax error, unexpected token "}", expecting ";"
in APPPATH/Controllers/ShowlogbookController.php on line 51.
 1 SYSTEMPATH/Autoloader/Autoloader.php(260): CodeIgniter\Autoloader\Autoloader->includeFile('APPPATH/Controllers/ShowlogbookController.php')
 2 SYSTEMPATH/Autoloader/Autoloader.php(238): CodeIgniter\Autoloader\Autoloader->loadInNamespace('App\\Controllers\\ShowlogbookController')
 3 [internal function]: CodeIgniter\Autoloader\Autoloader->loadClass('App\\Controllers\\ShowlogbookController')
 4 SYSTEMPATH/CodeIgniter.php(875): class_exists('\\App\\Controllers\\ShowlogbookController', true)
 5 SYSTEMPATH/CodeIgniter.php(467): CodeIgniter\CodeIgniter->startController()
 6 SYSTEMPATH/CodeIgniter.php(349): CodeIgniter\CodeIgniter->handleRequest(null, Object(Config\Cache), false)
 7 FCPATH/index.php(67): CodeIgniter\CodeIgniter->run()
 8 SYSTEMPATH/Commands/Server/rewrite.php(47): require_once('FCPATH/index.php')
CRITICAL - 2024-02-26 14:38:20 --> Undefined variable $table
in APPPATH/Controllers/ShowlogbookController.php on line 61.
 1 APPPATH/Controllers/ShowlogbookController.php(61): CodeIgniter\Debug\Exceptions->errorHandler(2, 'Undefined variable $table', 'APPPATH/Controllers/ShowlogbookController.php', 61)
 2 SYSTEMPATH/CodeIgniter.php(925): App\Controllers\ShowlogbookController->editSubType()
 3 SYSTEMPATH/CodeIgniter.php(480): CodeIgniter\CodeIgniter->runController(Object(App\Controllers\ShowlogbookController))
 4 SYSTEMPATH/CodeIgniter.php(349): CodeIgniter\CodeIgniter->handleRequest(null, Object(Config\Cache), false)
 5 FCPATH/index.php(67): CodeIgniter\CodeIgniter->run()
 6 SYSTEMPATH/Commands/Server/rewrite.php(47): require_once('FCPATH/index.php')
CRITICAL - 2024-02-26 14:39:00 --> Undefined variable $table
in APPPATH/Controllers/ShowlogbookController.php on line 61.
 1 APPPATH/Controllers/ShowlogbookController.php(61): CodeIgniter\Debug\Exceptions->errorHandler(2, 'Undefined variable $table', 'APPPATH/Controllers/ShowlogbookController.php', 61)
 2 SYSTEMPATH/CodeIgniter.php(925): App\Controllers\ShowlogbookController->editSubType()
 3 SYSTEMPATH/CodeIgniter.php(480): CodeIgniter\CodeIgniter->runController(Object(App\Controllers\ShowlogbookController))
 4 SYSTEMPATH/CodeIgniter.php(349): CodeIgniter\CodeIgniter->handleRequest(null, Object(Config\Cache), false)
 5 FCPATH/index.php(67): CodeIgniter\CodeIgniter->run()
 6 SYSTEMPATH/Commands/Server/rewrite.php(47): require_once('FCPATH/index.php')
CRITICAL - 2024-02-26 14:55:17 --> Undefined variable $table
in APPPATH/Controllers/ShowlogbookController.php on line 72.
 1 APPPATH/Controllers/ShowlogbookController.php(72): CodeIgniter\Debug\Exceptions->errorHandler(2, 'Undefined variable $table', 'APPPATH/Controllers/ShowlogbookController.php', 72)
 2 SYSTEMPATH/CodeIgniter.php(925): App\Controllers\ShowlogbookController->updateSubType()
 3 SYSTEMPATH/CodeIgniter.php(480): CodeIgniter\CodeIgniter->runController(Object(App\Controllers\ShowlogbookController))
 4 SYSTEMPATH/CodeIgniter.php(349): CodeIgniter\CodeIgniter->handleRequest(null, Object(Config\Cache), false)
 5 FCPATH/index.php(67): CodeIgniter\CodeIgniter->run()
 6 SYSTEMPATH/Commands/Server/rewrite.php(47): require_once('FCPATH/index.php')
CRITICAL - 2024-02-26 14:56:23 --> Undefined variable $table
in APPPATH/Controllers/ShowlogbookController.php on line 73.
 1 APPPATH/Controllers/ShowlogbookController.php(73): CodeIgniter\Debug\Exceptions->errorHandler(2, 'Undefined variable $table', 'APPPATH/Controllers/ShowlogbookController.php', 73)
 2 SYSTEMPATH/CodeIgniter.php(925): App\Controllers\ShowlogbookController->updateSubType()
 3 SYSTEMPATH/CodeIgniter.php(480): CodeIgniter\CodeIgniter->runController(Object(App\Controllers\ShowlogbookController))
 4 SYSTEMPATH/CodeIgniter.php(349): CodeIgniter\CodeIgniter->handleRequest(null, Object(Config\Cache), false)
 5 FCPATH/index.php(67): CodeIgniter\CodeIgniter->run()
 6 SYSTEMPATH/Commands/Server/rewrite.php(47): require_once('FCPATH/index.php')
CRITICAL - 2024-02-26 15:39:17 --> You must set the database table to be used with your query.
in SYSTEMPATH/Database/BaseConnection.php on line 845.
 1 APPPATH/Controllers/ShowlogbookController.php(40): CodeIgniter\Database\BaseConnection->table(null)
 2 SYSTEMPATH/CodeIgniter.php(925): App\Controllers\ShowlogbookController->editCategory()
 3 SYSTEMPATH/CodeIgniter.php(480): CodeIgniter\CodeIgniter->runController(Object(App\Controllers\ShowlogbookController))
 4 SYSTEMPATH/CodeIgniter.php(349): CodeIgniter\CodeIgniter->handleRequest(null, Object(Config\Cache), false)
 5 FCPATH/index.php(67): CodeIgniter\CodeIgniter->run()
 6 SYSTEMPATH/Commands/Server/rewrite.php(47): require_once('FCPATH/index.php')
CRITICAL - 2024-02-26 15:39:57 --> You must set the database table to be used with your query.
in SYSTEMPATH/Database/BaseConnection.php on line 845.
 1 APPPATH/Controllers/ShowlogbookController.php(40): CodeIgniter\Database\BaseConnection->table(null)
 2 SYSTEMPATH/CodeIgniter.php(925): App\Controllers\ShowlogbookController->editCategory()
 3 SYSTEMPATH/CodeIgniter.php(480): CodeIgniter\CodeIgniter->runController(Object(App\Controllers\ShowlogbookController))
 4 SYSTEMPATH/CodeIgniter.php(349): CodeIgniter\CodeIgniter->handleRequest(null, Object(Config\Cache), false)
 5 FCPATH/index.php(67): CodeIgniter\CodeIgniter->run()
 6 SYSTEMPATH/Commands/Server/rewrite.php(47): require_once('FCPATH/index.php')
CRITICAL - 2024-02-26 15:40:05 --> You must set the database table to be used with your query.
in SYSTEMPATH/Database/BaseConnection.php on line 845.
 1 APPPATH/Controllers/ShowlogbookController.php(40): CodeIgniter\Database\BaseConnection->table(null)
 2 SYSTEMPATH/CodeIgniter.php(925): App\Controllers\ShowlogbookController->editCategory()
 3 SYSTEMPATH/CodeIgniter.php(480): CodeIgniter\CodeIgniter->runController(Object(App\Controllers\ShowlogbookController))
 4 SYSTEMPATH/CodeIgniter.php(349): CodeIgniter\CodeIgniter->handleRequest(null, Object(Config\Cache), false)
 5 FCPATH/index.php(67): CodeIgniter\CodeIgniter->run()
 6 SYSTEMPATH/Commands/Server/rewrite.php(47): require_once('FCPATH/index.php')
CRITICAL - 2024-02-26 15:41:16 --> You must set the database table to be used with your query.
in SYSTEMPATH/Database/BaseConnection.php on line 845.
 1 APPPATH/Controllers/ShowlogbookController.php(40): CodeIgniter\Database\BaseConnection->table(null)
 2 SYSTEMPATH/CodeIgniter.php(925): App\Controllers\ShowlogbookController->editCategory()
 3 SYSTEMPATH/CodeIgniter.php(480): CodeIgniter\CodeIgniter->runController(Object(App\Controllers\ShowlogbookController))
 4 SYSTEMPATH/CodeIgniter.php(349): CodeIgniter\CodeIgniter->handleRequest(null, Object(Config\Cache), false)
 5 FCPATH/index.php(67): CodeIgniter\CodeIgniter->run()
 6 SYSTEMPATH/Commands/Server/rewrite.php(47): require_once('FCPATH/index.php')
CRITICAL - 2024-02-26 15:52:00 --> syntax error, unexpected token "}"
in APPPATH/Controllers/ShowlogbookController.php on line 87.
 1 SYSTEMPATH/Autoloader/Autoloader.php(260): CodeIgniter\Autoloader\Autoloader->includeFile('APPPATH/Controllers/ShowlogbookController.php')
 2 SYSTEMPATH/Autoloader/Autoloader.php(238): CodeIgniter\Autoloader\Autoloader->loadInNamespace('App\\Controllers\\ShowlogbookController')
 3 [internal function]: CodeIgniter\Autoloader\Autoloader->loadClass('App\\Controllers\\ShowlogbookController')
 4 SYSTEMPATH/CodeIgniter.php(875): class_exists('\\App\\Controllers\\ShowlogbookController', true)
 5 SYSTEMPATH/CodeIgniter.php(467): CodeIgniter\CodeIgniter->startController()
 6 SYSTEMPATH/CodeIgniter.php(349): CodeIgniter\CodeIgniter->handleRequest(null, Object(Config\Cache), false)
 7 FCPATH/index.php(67): CodeIgniter\CodeIgniter->run()
 8 SYSTEMPATH/Commands/Server/rewrite.php(47): require_once('FCPATH/index.php')
CRITICAL - 2024-02-26 16:40:46 --> Object of class App\Controllers\ShowlogbookController could not be converted to string
in APPPATH/Controllers/ShowlogbookController.php on line 91.
 1 SYSTEMPATH/CodeIgniter.php(925): App\Controllers\ShowlogbookController->updateDescription()
 2 SYSTEMPATH/CodeIgniter.php(480): CodeIgniter\CodeIgniter->runController(Object(App\Controllers\ShowlogbookController))
 3 SYSTEMPATH/CodeIgniter.php(349): CodeIgniter\CodeIgniter->handleRequest(null, Object(Config\Cache), false)
 4 FCPATH/index.php(67): CodeIgniter\CodeIgniter->run()
 5 SYSTEMPATH/Commands/Server/rewrite.php(47): require_once('FCPATH/index.php')
ERROR - 2024-02-26 16:41:28 --> mysqli_sql_exception: Table 'ci4.desscription' doesn't exist in /Users/macbookair/Project2023/Codeigniter/DashboadCTPICKUP-2.1/system/Database/MySQLi/Connection.php:292
Stack trace:
#0 /Users/macbookair/Project2023/Codeigniter/DashboadCTPICKUP-2.1/system/Database/MySQLi/Connection.php(292): mysqli->query('UPDATE `desscri...', 0)
#1 /Users/macbookair/Project2023/Codeigniter/DashboadCTPICKUP-2.1/system/Database/BaseConnection.php(666): CodeIgniter\Database\MySQLi\Connection->execute('UPDATE `desscri...')
#2 /Users/macbookair/Project2023/Codeigniter/DashboadCTPICKUP-2.1/system/Database/BaseConnection.php(593): CodeIgniter\Database\BaseConnection->simpleQuery('UPDATE `desscri...')
#3 /Users/macbookair/Project2023/Codeigniter/DashboadCTPICKUP-2.1/system/Database/BaseBuilder.php(2079): CodeIgniter\Database\BaseConnection->query('UPDATE `desscri...', Array, false)
#4 /Users/macbookair/Project2023/Codeigniter/DashboadCTPICKUP-2.1/app/Controllers/ShowlogbookController.php(94): CodeIgniter\Database\BaseBuilder->update(Array)
#5 /Users/macbookair/Project2023/Codeigniter/DashboadCTPICKUP-2.1/system/CodeIgniter.php(925): App\Controllers\ShowlogbookController->updateDescription()
#6 /Users/macbookair/Project2023/Codeigniter/DashboadCTPICKUP-2.1/system/CodeIgniter.php(480): CodeIgniter\CodeIgniter->runController(Object(App\Controllers\ShowlogbookController))
#7 /Users/macbookair/Project2023/Codeigniter/DashboadCTPICKUP-2.1/system/CodeIgniter.php(349): CodeIgniter\CodeIgniter->handleRequest(NULL, Object(Config\Cache), false)
#8 /Users/macbookair/Project2023/Codeigniter/DashboadCTPICKUP-2.1/public/index.php(67): CodeIgniter\CodeIgniter->run()
#9 /Users/macbookair/Project2023/Codeigniter/DashboadCTPICKUP-2.1/system/Commands/Server/rewrite.php(47): require_once('/Users/macbooka...')
#10 {main}
CRITICAL - 2024-02-26 16:41:28 --> Table 'ci4.desscription' doesn't exist
in SYSTEMPATH/Database/MySQLi/Connection.php on line 292.
 1 SYSTEMPATH/Database/MySQLi/Connection.php(292): mysqli->query('UPDATE `desscription` SET `sub_type_id` = \'1\', `impact_id` = \'1\', `description` = \'Petugas tidak datang 2 Kali\'
WHERE `id` = \'1\'', 0)
 2 SYSTEMPATH/Database/BaseConnection.php(666): CodeIgniter\Database\MySQLi\Connection->execute('UPDATE `desscription` SET `sub_type_id` = \'1\', `impact_id` = \'1\', `description` = \'Petugas tidak datang 2 Kali\'
WHERE `id` = \'1\'')
 3 SYSTEMPATH/Database/BaseConnection.php(593): CodeIgniter\Database\BaseConnection->simpleQuery('UPDATE `desscription` SET `sub_type_id` = \'1\', `impact_id` = \'1\', `description` = \'Petugas tidak datang 2 Kali\'
WHERE `id` = \'1\'')
 4 SYSTEMPATH/Database/BaseBuilder.php(2079): CodeIgniter\Database\BaseConnection->query('UPDATE `desscription` SET `sub_type_id` = :sub_type_id:, `impact_id` = :impact_id :, `description` = :description:
WHERE `id` = :id:', [...], false)
 5 APPPATH/Controllers/ShowlogbookController.php(94): CodeIgniter\Database\BaseBuilder->update([...])
 6 SYSTEMPATH/CodeIgniter.php(925): App\Controllers\ShowlogbookController->updateDescription()
 7 SYSTEMPATH/CodeIgniter.php(480): CodeIgniter\CodeIgniter->runController(Object(App\Controllers\ShowlogbookController))
 8 SYSTEMPATH/CodeIgniter.php(349): CodeIgniter\CodeIgniter->handleRequest(null, Object(Config\Cache), false)
 9 FCPATH/index.php(67): CodeIgniter\CodeIgniter->run()
10 SYSTEMPATH/Commands/Server/rewrite.php(47): require_once('FCPATH/index.php')
ERROR - 2024-02-26 16:41:48 --> mysqli_sql_exception: Table 'ci4.desscription' doesn't exist in /Users/macbookair/Project2023/Codeigniter/DashboadCTPICKUP-2.1/system/Database/MySQLi/Connection.php:292
Stack trace:
#0 /Users/macbookair/Project2023/Codeigniter/DashboadCTPICKUP-2.1/system/Database/MySQLi/Connection.php(292): mysqli->query('UPDATE `desscri...', 0)
#1 /Users/macbookair/Project2023/Codeigniter/DashboadCTPICKUP-2.1/system/Database/BaseConnection.php(666): CodeIgniter\Database\MySQLi\Connection->execute('UPDATE `desscri...')
#2 /Users/macbookair/Project2023/Codeigniter/DashboadCTPICKUP-2.1/system/Database/BaseConnection.php(593): CodeIgniter\Database\BaseConnection->simpleQuery('UPDATE `desscri...')
#3 /Users/macbookair/Project2023/Codeigniter/DashboadCTPICKUP-2.1/system/Database/BaseBuilder.php(2079): CodeIgniter\Database\BaseConnection->query('UPDATE `desscri...', Array, false)
#4 /Users/macbookair/Project2023/Codeigniter/DashboadCTPICKUP-2.1/app/Controllers/ShowlogbookController.php(94): CodeIgniter\Database\BaseBuilder->update(Array)
#5 /Users/macbookair/Project2023/Codeigniter/DashboadCTPICKUP-2.1/system/CodeIgniter.php(925): App\Controllers\ShowlogbookController->updateDescription()
#6 /Users/macbookair/Project2023/Codeigniter/DashboadCTPICKUP-2.1/system/CodeIgniter.php(480): CodeIgniter\CodeIgniter->runController(Object(App\Controllers\ShowlogbookController))
#7 /Users/macbookair/Project2023/Codeigniter/DashboadCTPICKUP-2.1/system/CodeIgniter.php(349): CodeIgniter\CodeIgniter->handleRequest(NULL, Object(Config\Cache), false)
#8 /Users/macbookair/Project2023/Codeigniter/DashboadCTPICKUP-2.1/public/index.php(67): CodeIgniter\CodeIgniter->run()
#9 /Users/macbookair/Project2023/Codeigniter/DashboadCTPICKUP-2.1/system/Commands/Server/rewrite.php(47): require_once('/Users/macbooka...')
#10 {main}
CRITICAL - 2024-02-26 16:41:48 --> Table 'ci4.desscription' doesn't exist
in SYSTEMPATH/Database/MySQLi/Connection.php on line 292.
 1 SYSTEMPATH/Database/MySQLi/Connection.php(292): mysqli->query('UPDATE `desscription` SET `sub_type_id` = \'1\', `impact_id` = \'1\', `name` = \'Petugas tidak datang 2 Kali\'
WHERE `id` = \'1\'', 0)
 2 SYSTEMPATH/Database/BaseConnection.php(666): CodeIgniter\Database\MySQLi\Connection->execute('UPDATE `desscription` SET `sub_type_id` = \'1\', `impact_id` = \'1\', `name` = \'Petugas tidak datang 2 Kali\'
WHERE `id` = \'1\'')
 3 SYSTEMPATH/Database/BaseConnection.php(593): CodeIgniter\Database\BaseConnection->simpleQuery('UPDATE `desscription` SET `sub_type_id` = \'1\', `impact_id` = \'1\', `name` = \'Petugas tidak datang 2 Kali\'
WHERE `id` = \'1\'')
 4 SYSTEMPATH/Database/BaseBuilder.php(2079): CodeIgniter\Database\BaseConnection->query('UPDATE `desscription` SET `sub_type_id` = :sub_type_id:, `impact_id` = :impact_id :, `name` = :name:
WHERE `id` = :id:', [...], false)
 5 APPPATH/Controllers/ShowlogbookController.php(94): CodeIgniter\Database\BaseBuilder->update([...])
 6 SYSTEMPATH/CodeIgniter.php(925): App\Controllers\ShowlogbookController->updateDescription()
 7 SYSTEMPATH/CodeIgniter.php(480): CodeIgniter\CodeIgniter->runController(Object(App\Controllers\ShowlogbookController))
 8 SYSTEMPATH/CodeIgniter.php(349): CodeIgniter\CodeIgniter->handleRequest(null, Object(Config\Cache), false)
 9 FCPATH/index.php(67): CodeIgniter\CodeIgniter->run()
10 SYSTEMPATH/Commands/Server/rewrite.php(47): require_once('FCPATH/index.php')
ERROR - 2024-02-26 16:42:32 --> mysqli_sql_exception: Table 'ci4.desscriptions' doesn't exist in /Users/macbookair/Project2023/Codeigniter/DashboadCTPICKUP-2.1/system/Database/MySQLi/Connection.php:292
Stack trace:
#0 /Users/macbookair/Project2023/Codeigniter/DashboadCTPICKUP-2.1/system/Database/MySQLi/Connection.php(292): mysqli->query('UPDATE `desscri...', 0)
#1 /Users/macbookair/Project2023/Codeigniter/DashboadCTPICKUP-2.1/system/Database/BaseConnection.php(666): CodeIgniter\Database\MySQLi\Connection->execute('UPDATE `desscri...')
#2 /Users/macbookair/Project2023/Codeigniter/DashboadCTPICKUP-2.1/system/Database/BaseConnection.php(593): CodeIgniter\Database\BaseConnection->simpleQuery('UPDATE `desscri...')
#3 /Users/macbookair/Project2023/Codeigniter/DashboadCTPICKUP-2.1/system/Database/BaseBuilder.php(2079): CodeIgniter\Database\BaseConnection->query('UPDATE `desscri...', Array, false)
#4 /Users/macbookair/Project2023/Codeigniter/DashboadCTPICKUP-2.1/app/Controllers/ShowlogbookController.php(94): CodeIgniter\Database\BaseBuilder->update(Array)
#5 /Users/macbookair/Project2023/Codeigniter/DashboadCTPICKUP-2.1/system/CodeIgniter.php(925): App\Controllers\ShowlogbookController->updateDescription()
#6 /Users/macbookair/Project2023/Codeigniter/DashboadCTPICKUP-2.1/system/CodeIgniter.php(480): CodeIgniter\CodeIgniter->runController(Object(App\Controllers\ShowlogbookController))
#7 /Users/macbookair/Project2023/Codeigniter/DashboadCTPICKUP-2.1/system/CodeIgniter.php(349): CodeIgniter\CodeIgniter->handleRequest(NULL, Object(Config\Cache), false)
#8 /Users/macbookair/Project2023/Codeigniter/DashboadCTPICKUP-2.1/public/index.php(67): CodeIgniter\CodeIgniter->run()
#9 /Users/macbookair/Project2023/Codeigniter/DashboadCTPICKUP-2.1/system/Commands/Server/rewrite.php(47): require_once('/Users/macbooka...')
#10 {main}
CRITICAL - 2024-02-26 16:42:32 --> Table 'ci4.desscriptions' doesn't exist
in SYSTEMPATH/Database/MySQLi/Connection.php on line 292.
 1 SYSTEMPATH/Database/MySQLi/Connection.php(292): mysqli->query('UPDATE `desscriptions` SET `sub_type_id` = \'1\', `impact_id` = \'1\', `name` = \'Petugas tidak datang 2 Kali\'
WHERE `id` = \'1\'', 0)
 2 SYSTEMPATH/Database/BaseConnection.php(666): CodeIgniter\Database\MySQLi\Connection->execute('UPDATE `desscriptions` SET `sub_type_id` = \'1\', `impact_id` = \'1\', `name` = \'Petugas tidak datang 2 Kali\'
WHERE `id` = \'1\'')
 3 SYSTEMPATH/Database/BaseConnection.php(593): CodeIgniter\Database\BaseConnection->simpleQuery('UPDATE `desscriptions` SET `sub_type_id` = \'1\', `impact_id` = \'1\', `name` = \'Petugas tidak datang 2 Kali\'
WHERE `id` = \'1\'')
 4 SYSTEMPATH/Database/BaseBuilder.php(2079): CodeIgniter\Database\BaseConnection->query('UPDATE `desscriptions` SET `sub_type_id` = :sub_type_id:, `impact_id` = :impact_id :, `name` = :name:
WHERE `id` = :id:', [...], false)
 5 APPPATH/Controllers/ShowlogbookController.php(94): CodeIgniter\Database\BaseBuilder->update([...])
 6 SYSTEMPATH/CodeIgniter.php(925): App\Controllers\ShowlogbookController->updateDescription()
 7 SYSTEMPATH/CodeIgniter.php(480): CodeIgniter\CodeIgniter->runController(Object(App\Controllers\ShowlogbookController))
 8 SYSTEMPATH/CodeIgniter.php(349): CodeIgniter\CodeIgniter->handleRequest(null, Object(Config\Cache), false)
 9 FCPATH/index.php(67): CodeIgniter\CodeIgniter->run()
10 SYSTEMPATH/Commands/Server/rewrite.php(47): require_once('FCPATH/index.php')
