ERROR - 2024-02-20 09:40:04 --> mysqli_sql_exception: Duplicate entry '80077901' for key 'accounts.PRIMARY' in /Users/macbookair/Project2023/Codeigniter/DashboadCTPICKUP-2.1/system/Database/MySQLi/Connection.php:292
Stack trace:
#0 /Users/macbookair/Project2023/Codeigniter/DashboadCTPICKUP-2.1/system/Database/MySQLi/Connection.php(292): mysqli->query('INSERT INTO `ac...', 0)
#1 /Users/macbookair/Project2023/Codeigniter/DashboadCTPICKUP-2.1/system/Database/BaseConnection.php(666): CodeIgniter\Database\MySQLi\Connection->execute('INSERT INTO `ac...')
#2 /Users/macbookair/Project2023/Codeigniter/DashboadCTPICKUP-2.1/system/Database/BaseConnection.php(593): CodeIgniter\Database\BaseConnection->simpleQuery('INSERT INTO `ac...')
#3 /Users/macbookair/Project2023/Codeigniter/DashboadCTPICKUP-2.1/system/Database/BaseBuilder.php(1916): CodeIgniter\Database\BaseConnection->query('INSERT INTO `ac...', Array, false)
#4 /Users/macbookair/Project2023/Codeigniter/DashboadCTPICKUP-2.1/app/Database/Seeds/AccountSeeder.php(26): CodeIgniter\Database\BaseBuilder->insert(Array)
#5 /Users/macbookair/Project2023/Codeigniter/DashboadCTPICKUP-2.1/system/Database/Seeder.php(146): App\Database\Seeds\AccountSeeder->run()
#6 /Users/macbookair/Project2023/Codeigniter/DashboadCTPICKUP-2.1/app/Database/Seeds/dataSeeder.php(12): CodeIgniter\Database\Seeder->call('App\\Database\\Se...')
#7 /Users/macbookair/Project2023/Codeigniter/DashboadCTPICKUP-2.1/system/Database/Seeder.php(146): App\Database\Seeds\DataSeeder->run()
#8 /Users/macbookair/Project2023/Codeigniter/DashboadCTPICKUP-2.1/system/Commands/Database/Seed.php(77): CodeIgniter\Database\Seeder->call('App\\Database\\Se...')
#9 /Users/macbookair/Project2023/Codeigniter/DashboadCTPICKUP-2.1/system/CLI/Commands.php(63): CodeIgniter\Commands\Database\Seed->run(Array)
#10 /Users/macbookair/Project2023/Codeigniter/DashboadCTPICKUP-2.1/system/CLI/CommandRunner.php(65): CodeIgniter\CLI\Commands->run('db:seed', Array)
#11 /Users/macbookair/Project2023/Codeigniter/DashboadCTPICKUP-2.1/system/CLI/CommandRunner.php(51): CodeIgniter\CLI\CommandRunner->index(Array)
#12 /Users/macbookair/Project2023/Codeigniter/DashboadCTPICKUP-2.1/system/CodeIgniter.php(918): CodeIgniter\CLI\CommandRunner->_remap('index', Array)
#13 /Users/macbookair/Project2023/Codeigniter/DashboadCTPICKUP-2.1/system/CodeIgniter.php(480): CodeIgniter\CodeIgniter->runController(Object(CodeIgniter\CLI\CommandRunner))
#14 /Users/macbookair/Project2023/Codeigniter/DashboadCTPICKUP-2.1/system/CodeIgniter.php(345): CodeIgniter\CodeIgniter->handleRequest(NULL, Object(Config\Cache), false)
#15 /Users/macbookair/Project2023/Codeigniter/DashboadCTPICKUP-2.1/system/CLI/Console.php(48): CodeIgniter\CodeIgniter->run()
#16 /Users/macbookair/Project2023/Codeigniter/DashboadCTPICKUP-2.1/spark(98): CodeIgniter\CLI\Console->run()
#17 {main}
ERROR - 2024-02-20 09:40:57 --> mysqli_sql_exception: Duplicate entry '80077901' for key 'accounts.PRIMARY' in /Users/macbookair/Project2023/Codeigniter/DashboadCTPICKUP-2.1/system/Database/MySQLi/Connection.php:292
Stack trace:
#0 /Users/macbookair/Project2023/Codeigniter/DashboadCTPICKUP-2.1/system/Database/MySQLi/Connection.php(292): mysqli->query('INSERT INTO `ac...', 0)
#1 /Users/macbookair/Project2023/Codeigniter/DashboadCTPICKUP-2.1/system/Database/BaseConnection.php(666): CodeIgniter\Database\MySQLi\Connection->execute('INSERT INTO `ac...')
#2 /Users/macbookair/Project2023/Codeigniter/DashboadCTPICKUP-2.1/system/Database/BaseConnection.php(593): CodeIgniter\Database\BaseConnection->simpleQuery('INSERT INTO `ac...')
#3 /Users/macbookair/Project2023/Codeigniter/DashboadCTPICKUP-2.1/system/Database/BaseBuilder.php(1916): CodeIgniter\Database\BaseConnection->query('INSERT INTO `ac...', Array, false)
#4 /Users/macbookair/Project2023/Codeigniter/DashboadCTPICKUP-2.1/app/Database/Seeds/AccountSeeder.php(26): CodeIgniter\Database\BaseBuilder->insert(Array)
#5 /Users/macbookair/Project2023/Codeigniter/DashboadCTPICKUP-2.1/system/Database/Seeder.php(146): App\Database\Seeds\AccountSeeder->run()
#6 /Users/macbookair/Project2023/Codeigniter/DashboadCTPICKUP-2.1/app/Database/Seeds/dataSeeder.php(12): CodeIgniter\Database\Seeder->call('App\\Database\\Se...')
#7 /Users/macbookair/Project2023/Codeigniter/DashboadCTPICKUP-2.1/system/Database/Seeder.php(146): App\Database\Seeds\DataSeeder->run()
#8 /Users/macbookair/Project2023/Codeigniter/DashboadCTPICKUP-2.1/system/Commands/Database/Seed.php(77): CodeIgniter\Database\Seeder->call('App\\Database\\Se...')
#9 /Users/macbookair/Project2023/Codeigniter/DashboadCTPICKUP-2.1/system/CLI/Commands.php(63): CodeIgniter\Commands\Database\Seed->run(Array)
#10 /Users/macbookair/Project2023/Codeigniter/DashboadCTPICKUP-2.1/system/CLI/CommandRunner.php(65): CodeIgniter\CLI\Commands->run('db:seed', Array)
#11 /Users/macbookair/Project2023/Codeigniter/DashboadCTPICKUP-2.1/system/CLI/CommandRunner.php(51): CodeIgniter\CLI\CommandRunner->index(Array)
#12 /Users/macbookair/Project2023/Codeigniter/DashboadCTPICKUP-2.1/system/CodeIgniter.php(918): CodeIgniter\CLI\CommandRunner->_remap('index', Array)
#13 /Users/macbookair/Project2023/Codeigniter/DashboadCTPICKUP-2.1/system/CodeIgniter.php(480): CodeIgniter\CodeIgniter->runController(Object(CodeIgniter\CLI\CommandRunner))
#14 /Users/macbookair/Project2023/Codeigniter/DashboadCTPICKUP-2.1/system/CodeIgniter.php(345): CodeIgniter\CodeIgniter->handleRequest(NULL, Object(Config\Cache), false)
#15 /Users/macbookair/Project2023/Codeigniter/DashboadCTPICKUP-2.1/system/CLI/Console.php(48): CodeIgniter\CodeIgniter->run()
#16 /Users/macbookair/Project2023/Codeigniter/DashboadCTPICKUP-2.1/spark(98): CodeIgniter\CLI\Console->run()
#17 {main}
ERROR - 2024-02-20 09:41:14 --> mysqli_sql_exception: Unknown column 'code_3cl' in 'field list' in /Users/macbookair/Project2023/Codeigniter/DashboadCTPICKUP-2.1/system/Database/MySQLi/Connection.php:292
Stack trace:
#0 /Users/macbookair/Project2023/Codeigniter/DashboadCTPICKUP-2.1/system/Database/MySQLi/Connection.php(292): mysqli->query('INSERT INTO `lo...', 0)
#1 /Users/macbookair/Project2023/Codeigniter/DashboadCTPICKUP-2.1/system/Database/BaseConnection.php(666): CodeIgniter\Database\MySQLi\Connection->execute('INSERT INTO `lo...')
#2 /Users/macbookair/Project2023/Codeigniter/DashboadCTPICKUP-2.1/system/Database/BaseConnection.php(593): CodeIgniter\Database\BaseConnection->simpleQuery('INSERT INTO `lo...')
#3 /Users/macbookair/Project2023/Codeigniter/DashboadCTPICKUP-2.1/system/Database/BaseBuilder.php(1778): CodeIgniter\Database\BaseConnection->query('INSERT INTO `lo...', NULL, false)
#4 /Users/macbookair/Project2023/Codeigniter/DashboadCTPICKUP-2.1/app/Database/Seeds/LogBookSeeder.php(31): CodeIgniter\Database\BaseBuilder->insertBatch(Array)
#5 /Users/macbookair/Project2023/Codeigniter/DashboadCTPICKUP-2.1/system/Database/Seeder.php(146): App\Database\Seeds\LogBookSeeder->run()
#6 /Users/macbookair/Project2023/Codeigniter/DashboadCTPICKUP-2.1/app/Database/Seeds/dataSeeder.php(16): CodeIgniter\Database\Seeder->call('App\\Database\\Se...')
#7 /Users/macbookair/Project2023/Codeigniter/DashboadCTPICKUP-2.1/system/Database/Seeder.php(146): App\Database\Seeds\DataSeeder->run()
#8 /Users/macbookair/Project2023/Codeigniter/DashboadCTPICKUP-2.1/system/Commands/Database/Seed.php(77): CodeIgniter\Database\Seeder->call('App\\Database\\Se...')
#9 /Users/macbookair/Project2023/Codeigniter/DashboadCTPICKUP-2.1/system/CLI/Commands.php(63): CodeIgniter\Commands\Database\Seed->run(Array)
#10 /Users/macbookair/Project2023/Codeigniter/DashboadCTPICKUP-2.1/system/CLI/CommandRunner.php(65): CodeIgniter\CLI\Commands->run('db:seed', Array)
#11 /Users/macbookair/Project2023/Codeigniter/DashboadCTPICKUP-2.1/system/CLI/CommandRunner.php(51): CodeIgniter\CLI\CommandRunner->index(Array)
#12 /Users/macbookair/Project2023/Codeigniter/DashboadCTPICKUP-2.1/system/CodeIgniter.php(918): CodeIgniter\CLI\CommandRunner->_remap('index', Array)
#13 /Users/macbookair/Project2023/Codeigniter/DashboadCTPICKUP-2.1/system/CodeIgniter.php(480): CodeIgniter\CodeIgniter->runController(Object(CodeIgniter\CLI\CommandRunner))
#14 /Users/macbookair/Project2023/Codeigniter/DashboadCTPICKUP-2.1/system/CodeIgniter.php(345): CodeIgniter\CodeIgniter->handleRequest(NULL, Object(Config\Cache), false)
#15 /Users/macbookair/Project2023/Codeigniter/DashboadCTPICKUP-2.1/system/CLI/Console.php(48): CodeIgniter\CodeIgniter->run()
#16 /Users/macbookair/Project2023/Codeigniter/DashboadCTPICKUP-2.1/spark(98): CodeIgniter\CLI\Console->run()
#17 {main}
ERROR - 2024-02-20 09:42:31 --> mysqli_sql_exception: Duplicate entry '80077901' for key 'accounts.PRIMARY' in /Users/macbookair/Project2023/Codeigniter/DashboadCTPICKUP-2.1/system/Database/MySQLi/Connection.php:292
Stack trace:
#0 /Users/macbookair/Project2023/Codeigniter/DashboadCTPICKUP-2.1/system/Database/MySQLi/Connection.php(292): mysqli->query('INSERT INTO `ac...', 0)
#1 /Users/macbookair/Project2023/Codeigniter/DashboadCTPICKUP-2.1/system/Database/BaseConnection.php(666): CodeIgniter\Database\MySQLi\Connection->execute('INSERT INTO `ac...')
#2 /Users/macbookair/Project2023/Codeigniter/DashboadCTPICKUP-2.1/system/Database/BaseConnection.php(593): CodeIgniter\Database\BaseConnection->simpleQuery('INSERT INTO `ac...')
#3 /Users/macbookair/Project2023/Codeigniter/DashboadCTPICKUP-2.1/system/Database/BaseBuilder.php(1916): CodeIgniter\Database\BaseConnection->query('INSERT INTO `ac...', Array, false)
#4 /Users/macbookair/Project2023/Codeigniter/DashboadCTPICKUP-2.1/app/Database/Seeds/AccountSeeder.php(26): CodeIgniter\Database\BaseBuilder->insert(Array)
#5 /Users/macbookair/Project2023/Codeigniter/DashboadCTPICKUP-2.1/system/Database/Seeder.php(146): App\Database\Seeds\AccountSeeder->run()
#6 /Users/macbookair/Project2023/Codeigniter/DashboadCTPICKUP-2.1/app/Database/Seeds/dataSeeder.php(12): CodeIgniter\Database\Seeder->call('App\\Database\\Se...')
#7 /Users/macbookair/Project2023/Codeigniter/DashboadCTPICKUP-2.1/system/Database/Seeder.php(146): App\Database\Seeds\DataSeeder->run()
#8 /Users/macbookair/Project2023/Codeigniter/DashboadCTPICKUP-2.1/system/Commands/Database/Seed.php(77): CodeIgniter\Database\Seeder->call('App\\Database\\Se...')
#9 /Users/macbookair/Project2023/Codeigniter/DashboadCTPICKUP-2.1/system/CLI/Commands.php(63): CodeIgniter\Commands\Database\Seed->run(Array)
#10 /Users/macbookair/Project2023/Codeigniter/DashboadCTPICKUP-2.1/system/CLI/CommandRunner.php(65): CodeIgniter\CLI\Commands->run('db:seed', Array)
#11 /Users/macbookair/Project2023/Codeigniter/DashboadCTPICKUP-2.1/system/CLI/CommandRunner.php(51): CodeIgniter\CLI\CommandRunner->index(Array)
#12 /Users/macbookair/Project2023/Codeigniter/DashboadCTPICKUP-2.1/system/CodeIgniter.php(918): CodeIgniter\CLI\CommandRunner->_remap('index', Array)
#13 /Users/macbookair/Project2023/Codeigniter/DashboadCTPICKUP-2.1/system/CodeIgniter.php(480): CodeIgniter\CodeIgniter->runController(Object(CodeIgniter\CLI\CommandRunner))
#14 /Users/macbookair/Project2023/Codeigniter/DashboadCTPICKUP-2.1/system/CodeIgniter.php(345): CodeIgniter\CodeIgniter->handleRequest(NULL, Object(Config\Cache), false)
#15 /Users/macbookair/Project2023/Codeigniter/DashboadCTPICKUP-2.1/system/CLI/Console.php(48): CodeIgniter\CodeIgniter->run()
#16 /Users/macbookair/Project2023/Codeigniter/DashboadCTPICKUP-2.1/spark(98): CodeIgniter\CLI\Console->run()
#17 {main}
CRITICAL - 2024-02-20 09:50:48 --> Creation of dynamic property App\Controllers\LogBookController::$LogBook is deprecated
in APPPATH/Controllers/LogBookController.php on line 20.
 1 APPPATH/Controllers/LogBookController.php(20): CodeIgniter\Debug\Exceptions->errorHandler(8192, 'Creation of dynamic property App\\Controllers\\LogBookController::$LogBook is deprecated', 'APPPATH/Controllers/LogBookController.php', 20)
 2 SYSTEMPATH/CodeIgniter.php(887): App\Controllers\LogBookController->__construct()
 3 SYSTEMPATH/CodeIgniter.php(471): CodeIgniter\CodeIgniter->createController()
 4 SYSTEMPATH/CodeIgniter.php(349): CodeIgniter\CodeIgniter->handleRequest(null, Object(Config\Cache), false)
 5 FCPATH/index.php(67): CodeIgniter\CodeIgniter->run()
 6 SYSTEMPATH/Commands/Server/rewrite.php(47): require_once('FCPATH/index.php')
CRITICAL - 2024-02-20 09:59:51 --> Undefined variable $logs
in APPPATH/Views/LogBook/index.php on line 76.
 1 APPPATH/Views/LogBook/index.php(76): CodeIgniter\Debug\Exceptions->errorHandler(2, 'Undefined variable $logs', 'APPPATH/Views/LogBook/index.php', 76)
 2 SYSTEMPATH/View/View.php(213): include('APPPATH/Views/LogBook/index.php')
 3 SYSTEMPATH/View/View.php(216): CodeIgniter\View\View->CodeIgniter\View\{closure}()
 4 SYSTEMPATH/Common.php(1135): CodeIgniter\View\View->render('LogBook/index', [], true)
 5 APPPATH/Controllers/LogBookController.php(32): view('LogBook/index', [...])
 6 SYSTEMPATH/CodeIgniter.php(925): App\Controllers\LogBookController->index()
 7 SYSTEMPATH/CodeIgniter.php(480): CodeIgniter\CodeIgniter->runController(Object(App\Controllers\LogBookController))
 8 SYSTEMPATH/CodeIgniter.php(349): CodeIgniter\CodeIgniter->handleRequest(null, Object(Config\Cache), false)
 9 FCPATH/index.php(67): CodeIgniter\CodeIgniter->run()
10 SYSTEMPATH/Commands/Server/rewrite.php(47): require_once('FCPATH/index.php')
CRITICAL - 2024-02-20 10:00:15 --> Undefined variable $logs
in APPPATH/Views/LogBook/index.php on line 76.
 1 APPPATH/Views/LogBook/index.php(76): CodeIgniter\Debug\Exceptions->errorHandler(2, 'Undefined variable $logs', 'APPPATH/Views/LogBook/index.php', 76)
 2 SYSTEMPATH/View/View.php(213): include('APPPATH/Views/LogBook/index.php')
 3 SYSTEMPATH/View/View.php(216): CodeIgniter\View\View->CodeIgniter\View\{closure}()
 4 SYSTEMPATH/Common.php(1135): CodeIgniter\View\View->render('LogBook/index', [], true)
 5 APPPATH/Controllers/LogBookController.php(32): view('LogBook/index', [...])
 6 SYSTEMPATH/CodeIgniter.php(925): App\Controllers\LogBookController->index()
 7 SYSTEMPATH/CodeIgniter.php(480): CodeIgniter\CodeIgniter->runController(Object(App\Controllers\LogBookController))
 8 SYSTEMPATH/CodeIgniter.php(349): CodeIgniter\CodeIgniter->handleRequest(null, Object(Config\Cache), false)
 9 FCPATH/index.php(67): CodeIgniter\CodeIgniter->run()
10 SYSTEMPATH/Commands/Server/rewrite.php(47): require_once('FCPATH/index.php')
CRITICAL - 2024-02-20 10:02:40 --> Undefined variable $logs
in APPPATH/Views/LogBook/index.php on line 76.
 1 APPPATH/Views/LogBook/index.php(76): CodeIgniter\Debug\Exceptions->errorHandler(2, 'Undefined variable $logs', 'APPPATH/Views/LogBook/index.php', 76)
 2 SYSTEMPATH/View/View.php(213): include('APPPATH/Views/LogBook/index.php')
 3 SYSTEMPATH/View/View.php(216): CodeIgniter\View\View->CodeIgniter\View\{closure}()
 4 SYSTEMPATH/Common.php(1135): CodeIgniter\View\View->render('LogBook/index', [], true)
 5 APPPATH/Controllers/LogBookController.php(32): view('LogBook/index', [...])
 6 SYSTEMPATH/CodeIgniter.php(925): App\Controllers\LogBookController->index()
 7 SYSTEMPATH/CodeIgniter.php(480): CodeIgniter\CodeIgniter->runController(Object(App\Controllers\LogBookController))
 8 SYSTEMPATH/CodeIgniter.php(349): CodeIgniter\CodeIgniter->handleRequest(null, Object(Config\Cache), false)
 9 FCPATH/index.php(67): CodeIgniter\CodeIgniter->run()
10 SYSTEMPATH/Commands/Server/rewrite.php(47): require_once('FCPATH/index.php')
CRITICAL - 2024-02-20 10:03:18 --> Undefined variable $logs
in APPPATH/Views/LogBook/index.php on line 76.
 1 APPPATH/Views/LogBook/index.php(76): CodeIgniter\Debug\Exceptions->errorHandler(2, 'Undefined variable $logs', 'APPPATH/Views/LogBook/index.php', 76)
 2 SYSTEMPATH/View/View.php(213): include('APPPATH/Views/LogBook/index.php')
 3 SYSTEMPATH/View/View.php(216): CodeIgniter\View\View->CodeIgniter\View\{closure}()
 4 SYSTEMPATH/Common.php(1135): CodeIgniter\View\View->render('LogBook/index', [], true)
 5 APPPATH/Controllers/LogBookController.php(32): view('LogBook/index', [...])
 6 SYSTEMPATH/CodeIgniter.php(925): App\Controllers\LogBookController->index()
 7 SYSTEMPATH/CodeIgniter.php(480): CodeIgniter\CodeIgniter->runController(Object(App\Controllers\LogBookController))
 8 SYSTEMPATH/CodeIgniter.php(349): CodeIgniter\CodeIgniter->handleRequest(null, Object(Config\Cache), false)
 9 FCPATH/index.php(67): CodeIgniter\CodeIgniter->run()
10 SYSTEMPATH/Commands/Server/rewrite.php(47): require_once('FCPATH/index.php')
CRITICAL - 2024-02-20 10:26:43 --> Undefined property: stdClass::$created_a
in APPPATH/Views/LogBook/index.php on line 90.
 1 APPPATH/Views/LogBook/index.php(90): CodeIgniter\Debug\Exceptions->errorHandler(2, 'Undefined property: stdClass::$created_a', 'APPPATH/Views/LogBook/index.php', 90)
 2 SYSTEMPATH/View/View.php(213): include('APPPATH/Views/LogBook/index.php')
 3 SYSTEMPATH/View/View.php(216): CodeIgniter\View\View->CodeIgniter\View\{closure}()
 4 SYSTEMPATH/Common.php(1135): CodeIgniter\View\View->render('LogBook/index', [], true)
 5 APPPATH/Controllers/LogBookController.php(32): view('LogBook/index', [...])
 6 SYSTEMPATH/CodeIgniter.php(925): App\Controllers\LogBookController->index()
 7 SYSTEMPATH/CodeIgniter.php(480): CodeIgniter\CodeIgniter->runController(Object(App\Controllers\LogBookController))
 8 SYSTEMPATH/CodeIgniter.php(349): CodeIgniter\CodeIgniter->handleRequest(null, Object(Config\Cache), false)
 9 FCPATH/index.php(67): CodeIgniter\CodeIgniter->run()
10 SYSTEMPATH/Commands/Server/rewrite.php(47): require_once('FCPATH/index.php')
ERROR - 2024-02-20 14:06:56 --> mysqli_sql_exception: Unknown column 'ref_id' in 'field list' in /Users/macbookair/Project2023/Codeigniter/DashboadCTPICKUP-2.1/system/Database/MySQLi/Connection.php:292
Stack trace:
#0 /Users/macbookair/Project2023/Codeigniter/DashboadCTPICKUP-2.1/system/Database/MySQLi/Connection.php(292): mysqli->query('INSERT INTO `lo...', 0)
#1 /Users/macbookair/Project2023/Codeigniter/DashboadCTPICKUP-2.1/system/Database/BaseConnection.php(666): CodeIgniter\Database\MySQLi\Connection->execute('INSERT INTO `lo...')
#2 /Users/macbookair/Project2023/Codeigniter/DashboadCTPICKUP-2.1/system/Database/BaseConnection.php(593): CodeIgniter\Database\BaseConnection->simpleQuery('INSERT INTO `lo...')
#3 /Users/macbookair/Project2023/Codeigniter/DashboadCTPICKUP-2.1/system/Database/BaseBuilder.php(1916): CodeIgniter\Database\BaseConnection->query('INSERT INTO `lo...', Array, false)
#4 /Users/macbookair/Project2023/Codeigniter/DashboadCTPICKUP-2.1/app/Controllers/LogBookController.php(72): CodeIgniter\Database\BaseBuilder->insert(Array)
#5 /Users/macbookair/Project2023/Codeigniter/DashboadCTPICKUP-2.1/system/CodeIgniter.php(925): App\Controllers\LogBookController->create()
#6 /Users/macbookair/Project2023/Codeigniter/DashboadCTPICKUP-2.1/system/CodeIgniter.php(480): CodeIgniter\CodeIgniter->runController(Object(App\Controllers\LogBookController))
#7 /Users/macbookair/Project2023/Codeigniter/DashboadCTPICKUP-2.1/system/CodeIgniter.php(349): CodeIgniter\CodeIgniter->handleRequest(NULL, Object(Config\Cache), false)
#8 /Users/macbookair/Project2023/Codeigniter/DashboadCTPICKUP-2.1/public/index.php(67): CodeIgniter\CodeIgniter->run()
#9 /Users/macbookair/Project2023/Codeigniter/DashboadCTPICKUP-2.1/system/Commands/Server/rewrite.php(47): require_once('/Users/macbooka...')
#10 {main}
CRITICAL - 2024-02-20 14:06:56 --> Unknown column 'ref_id' in 'field list'
in SYSTEMPATH/Database/MySQLi/Connection.php on line 292.
 1 SYSTEMPATH/Database/MySQLi/Connection.php(292): mysqli->query('INSERT INTO `logbooks` (`ref_id`, `code_3lc`, `regional`, `priority`, `issue`, `escalation`, `impact`, `action`) VALUES (\'test\', \'test\', \'test\', \'medium\', \'lorem100\', \'y\', \'lorem100\', \'lorem\\r\\n                                \')', 0)
 2 SYSTEMPATH/Database/BaseConnection.php(666): CodeIgniter\Database\MySQLi\Connection->execute('INSERT INTO `logbooks` (`ref_id`, `code_3lc`, `regional`, `priority`, `issue`, `escalation`, `impact`, `action`) VALUES (\'test\', \'test\', \'test\', \'medium\', \'lorem100\', \'y\', \'lorem100\', \'lorem\\r\\n                                \')')
 3 SYSTEMPATH/Database/BaseConnection.php(593): CodeIgniter\Database\BaseConnection->simpleQuery('INSERT INTO `logbooks` (`ref_id`, `code_3lc`, `regional`, `priority`, `issue`, `escalation`, `impact`, `action`) VALUES (\'test\', \'test\', \'test\', \'medium\', \'lorem100\', \'y\', \'lorem100\', \'lorem\\r\\n                                \')')
 4 SYSTEMPATH/Database/BaseBuilder.php(1916): CodeIgniter\Database\BaseConnection->query('INSERT INTO `logbooks` (`ref_id`, `code_3lc`, `regional`, `priority`, `issue`, `escalation`, `impact`, `action`) VALUES (:ref_id:, :code_3lc:, :regional:, :priority:, :issue:, :escalation:, :impact:, :action:)', [...], false)
 5 APPPATH/Controllers/LogBookController.php(72): CodeIgniter\Database\BaseBuilder->insert([...])
 6 SYSTEMPATH/CodeIgniter.php(925): App\Controllers\LogBookController->create()
 7 SYSTEMPATH/CodeIgniter.php(480): CodeIgniter\CodeIgniter->runController(Object(App\Controllers\LogBookController))
 8 SYSTEMPATH/CodeIgniter.php(349): CodeIgniter\CodeIgniter->handleRequest(null, Object(Config\Cache), false)
 9 FCPATH/index.php(67): CodeIgniter\CodeIgniter->run()
10 SYSTEMPATH/Commands/Server/rewrite.php(47): require_once('FCPATH/index.php')
ERROR - 2024-02-20 14:07:56 --> mysqli_sql_exception: Cannot add or update a child row: a foreign key constraint fails (`ci4`.`logbooks`, CONSTRAINT `logbooks_user_id_foreign` FOREIGN KEY (`user_id`) REFERENCES `users` (`id`)) in /Users/macbookair/Project2023/Codeigniter/DashboadCTPICKUP-2.1/system/Database/MySQLi/Connection.php:292
Stack trace:
#0 /Users/macbookair/Project2023/Codeigniter/DashboadCTPICKUP-2.1/system/Database/MySQLi/Connection.php(292): mysqli->query('INSERT INTO `lo...', 0)
#1 /Users/macbookair/Project2023/Codeigniter/DashboadCTPICKUP-2.1/system/Database/BaseConnection.php(666): CodeIgniter\Database\MySQLi\Connection->execute('INSERT INTO `lo...')
#2 /Users/macbookair/Project2023/Codeigniter/DashboadCTPICKUP-2.1/system/Database/BaseConnection.php(593): CodeIgniter\Database\BaseConnection->simpleQuery('INSERT INTO `lo...')
#3 /Users/macbookair/Project2023/Codeigniter/DashboadCTPICKUP-2.1/system/Database/BaseBuilder.php(1916): CodeIgniter\Database\BaseConnection->query('INSERT INTO `lo...', Array, false)
#4 /Users/macbookair/Project2023/Codeigniter/DashboadCTPICKUP-2.1/app/Controllers/LogBookController.php(72): CodeIgniter\Database\BaseBuilder->insert(Array)
#5 /Users/macbookair/Project2023/Codeigniter/DashboadCTPICKUP-2.1/system/CodeIgniter.php(925): App\Controllers\LogBookController->create()
#6 /Users/macbookair/Project2023/Codeigniter/DashboadCTPICKUP-2.1/system/CodeIgniter.php(480): CodeIgniter\CodeIgniter->runController(Object(App\Controllers\LogBookController))
#7 /Users/macbookair/Project2023/Codeigniter/DashboadCTPICKUP-2.1/system/CodeIgniter.php(349): CodeIgniter\CodeIgniter->handleRequest(NULL, Object(Config\Cache), false)
#8 /Users/macbookair/Project2023/Codeigniter/DashboadCTPICKUP-2.1/public/index.php(67): CodeIgniter\CodeIgniter->run()
#9 /Users/macbookair/Project2023/Codeigniter/DashboadCTPICKUP-2.1/system/Commands/Server/rewrite.php(47): require_once('/Users/macbooka...')
#10 {main}
CRITICAL - 2024-02-20 14:07:56 --> Cannot add or update a child row: a foreign key constraint fails (`ci4`.`logbooks`, CONSTRAINT `logbooks_user_id_foreign` FOREIGN KEY (`user_id`) REFERENCES `users` (`id`))
in SYSTEMPATH/Database/MySQLi/Connection.php on line 292.
 1 SYSTEMPATH/Database/MySQLi/Connection.php(292): mysqli->query('INSERT INTO `logbooks` (`task`, `code_3lc`, `regional`, `priority`, `issue`, `escalation`, `impact`, `action`) VALUES (\'test\', \'test\', \'tes\', \'medium\', \'test                                    \', \'y\', \'\\r\\n                                test\', \'test\\r\\n                                \')', 0)
 2 SYSTEMPATH/Database/BaseConnection.php(666): CodeIgniter\Database\MySQLi\Connection->execute('INSERT INTO `logbooks` (`task`, `code_3lc`, `regional`, `priority`, `issue`, `escalation`, `impact`, `action`) VALUES (\'test\', \'test\', \'tes\', \'medium\', \'test                                    \', \'y\', \'\\r\\n                                test\', \'test\\r\\n                                \')')
 3 SYSTEMPATH/Database/BaseConnection.php(593): CodeIgniter\Database\BaseConnection->simpleQuery('INSERT INTO `logbooks` (`task`, `code_3lc`, `regional`, `priority`, `issue`, `escalation`, `impact`, `action`) VALUES (\'test\', \'test\', \'tes\', \'medium\', \'test                                    \', \'y\', \'\\r\\n                                test\', \'test\\r\\n                                \')')
 4 SYSTEMPATH/Database/BaseBuilder.php(1916): CodeIgniter\Database\BaseConnection->query('INSERT INTO `logbooks` (`task`, `code_3lc`, `regional`, `priority`, `issue`, `escalation`, `impact`, `action`) VALUES (:task:, :code_3lc:, :regional:, :priority:, :issue:, :escalation:, :impact:, :action:)', [...], false)
 5 APPPATH/Controllers/LogBookController.php(72): CodeIgniter\Database\BaseBuilder->insert([...])
 6 SYSTEMPATH/CodeIgniter.php(925): App\Controllers\LogBookController->create()
 7 SYSTEMPATH/CodeIgniter.php(480): CodeIgniter\CodeIgniter->runController(Object(App\Controllers\LogBookController))
 8 SYSTEMPATH/CodeIgniter.php(349): CodeIgniter\CodeIgniter->handleRequest(null, Object(Config\Cache), false)
 9 FCPATH/index.php(67): CodeIgniter\CodeIgniter->run()
10 SYSTEMPATH/Commands/Server/rewrite.php(47): require_once('FCPATH/index.php')
ERROR - 2024-02-20 14:37:11 --> mysqli_sql_exception: Unknown column 'logbook.user_id' in 'on clause' in /Users/macbookair/Project2023/Codeigniter/DashboadCTPICKUP-2.1/system/Database/MySQLi/Connection.php:292
Stack trace:
#0 /Users/macbookair/Project2023/Codeigniter/DashboadCTPICKUP-2.1/system/Database/MySQLi/Connection.php(292): mysqli->query('SELECT *\nFROM `...', 0)
#1 /Users/macbookair/Project2023/Codeigniter/DashboadCTPICKUP-2.1/system/Database/BaseConnection.php(666): CodeIgniter\Database\MySQLi\Connection->execute('SELECT *\nFROM `...')
#2 /Users/macbookair/Project2023/Codeigniter/DashboadCTPICKUP-2.1/system/Database/BaseConnection.php(593): CodeIgniter\Database\BaseConnection->simpleQuery('SELECT *\nFROM `...')
#3 /Users/macbookair/Project2023/Codeigniter/DashboadCTPICKUP-2.1/system/Database/BaseBuilder.php(1585): CodeIgniter\Database\BaseConnection->query('SELECT *\nFROM `...', Array, false)
#4 /Users/macbookair/Project2023/Codeigniter/DashboadCTPICKUP-2.1/system/Model.php(809): CodeIgniter\Database\BaseBuilder->get()
#5 /Users/macbookair/Project2023/Codeigniter/DashboadCTPICKUP-2.1/app/Controllers/LogBookController.php(30): CodeIgniter\Model->__call('get', Array)
#6 /Users/macbookair/Project2023/Codeigniter/DashboadCTPICKUP-2.1/system/CodeIgniter.php(925): App\Controllers\LogBookController->index()
#7 /Users/macbookair/Project2023/Codeigniter/DashboadCTPICKUP-2.1/system/CodeIgniter.php(480): CodeIgniter\CodeIgniter->runController(Object(App\Controllers\LogBookController))
#8 /Users/macbookair/Project2023/Codeigniter/DashboadCTPICKUP-2.1/system/CodeIgniter.php(349): CodeIgniter\CodeIgniter->handleRequest(NULL, Object(Config\Cache), false)
#9 /Users/macbookair/Project2023/Codeigniter/DashboadCTPICKUP-2.1/public/index.php(67): CodeIgniter\CodeIgniter->run()
#10 /Users/macbookair/Project2023/Codeigniter/DashboadCTPICKUP-2.1/system/Commands/Server/rewrite.php(47): require_once('/Users/macbooka...')
#11 {main}
CRITICAL - 2024-02-20 14:37:11 --> Unknown column 'logbook.user_id' in 'on clause'
in SYSTEMPATH/Database/MySQLi/Connection.php on line 292.
 1 SYSTEMPATH/Database/MySQLi/Connection.php(292): mysqli->query('SELECT *
FROM `logbooks`
JOIN `users` ON `logbook`.`user_id` = `users`.`id`', 0)
 2 SYSTEMPATH/Database/BaseConnection.php(666): CodeIgniter\Database\MySQLi\Connection->execute('SELECT *
FROM `logbooks`
JOIN `users` ON `logbook`.`user_id` = `users`.`id`')
 3 SYSTEMPATH/Database/BaseConnection.php(593): CodeIgniter\Database\BaseConnection->simpleQuery('SELECT *
FROM `logbooks`
JOIN `users` ON `logbook`.`user_id` = `users`.`id`')
 4 SYSTEMPATH/Database/BaseBuilder.php(1585): CodeIgniter\Database\BaseConnection->query('SELECT *
FROM `logbooks`
JOIN `users` ON `logbook`.`user_id` = `users`.`id`', [], false)
 5 SYSTEMPATH/Model.php(809): CodeIgniter\Database\BaseBuilder->get()
 6 APPPATH/Controllers/LogBookController.php(30): CodeIgniter\Model->__call('get', [])
 7 SYSTEMPATH/CodeIgniter.php(925): App\Controllers\LogBookController->index()
 8 SYSTEMPATH/CodeIgniter.php(480): CodeIgniter\CodeIgniter->runController(Object(App\Controllers\LogBookController))
 9 SYSTEMPATH/CodeIgniter.php(349): CodeIgniter\CodeIgniter->handleRequest(null, Object(Config\Cache), false)
10 FCPATH/index.php(67): CodeIgniter\CodeIgniter->run()
11 SYSTEMPATH/Commands/Server/rewrite.php(47): require_once('FCPATH/index.php')
CRITICAL - 2024-02-20 14:47:56 --> Invalid file: LogBook/edit.php
in SYSTEMPATH/Exceptions/FrameworkException.php on line 33.
 1 SYSTEMPATH/View/View.php(201): CodeIgniter\Exceptions\FrameworkException::forInvalidFile('LogBook/edit.php')
 2 SYSTEMPATH/Common.php(1135): CodeIgniter\View\View->render('LogBook/edit', [], true)
 3 APPPATH/Controllers/LogBookController.php(86): view('LogBook/edit', [...])
 4 SYSTEMPATH/CodeIgniter.php(925): App\Controllers\LogBookController->edit('1')
 5 SYSTEMPATH/CodeIgniter.php(480): CodeIgniter\CodeIgniter->runController(Object(App\Controllers\LogBookController))
 6 SYSTEMPATH/CodeIgniter.php(349): CodeIgniter\CodeIgniter->handleRequest(null, Object(Config\Cache), false)
 7 FCPATH/index.php(67): CodeIgniter\CodeIgniter->run()
 8 SYSTEMPATH/Commands/Server/rewrite.php(47): require_once('FCPATH/index.php')
CRITICAL - 2024-02-20 14:51:28 --> Attempt to read property "task" on array
in APPPATH/Views/LogBook/edit.php on line 27.
 1 APPPATH/Views/LogBook/edit.php(27): CodeIgniter\Debug\Exceptions->errorHandler(2, 'Attempt to read property "task" on array', 'APPPATH/Views/LogBook/edit.php', 27)
 2 SYSTEMPATH/View/View.php(213): include('APPPATH/Views/LogBook/edit.php')
 3 SYSTEMPATH/View/View.php(216): CodeIgniter\View\View->CodeIgniter\View\{closure}()
 4 SYSTEMPATH/Common.php(1135): CodeIgniter\View\View->render('LogBook/edit', [], true)
 5 APPPATH/Controllers/LogBookController.php(87): view('LogBook/edit', [...])
 6 SYSTEMPATH/CodeIgniter.php(925): App\Controllers\LogBookController->edit('1')
 7 SYSTEMPATH/CodeIgniter.php(480): CodeIgniter\CodeIgniter->runController(Object(App\Controllers\LogBookController))
 8 SYSTEMPATH/CodeIgniter.php(349): CodeIgniter\CodeIgniter->handleRequest(null, Object(Config\Cache), false)
 9 FCPATH/index.php(67): CodeIgniter\CodeIgniter->run()
10 SYSTEMPATH/Commands/Server/rewrite.php(47): require_once('FCPATH/index.php')
CRITICAL - 2024-02-20 14:51:41 --> Attempt to read property "task" on array
in APPPATH/Views/LogBook/edit.php on line 27.
 1 APPPATH/Views/LogBook/edit.php(27): CodeIgniter\Debug\Exceptions->errorHandler(2, 'Attempt to read property "task" on array', 'APPPATH/Views/LogBook/edit.php', 27)
 2 SYSTEMPATH/View/View.php(213): include('APPPATH/Views/LogBook/edit.php')
 3 SYSTEMPATH/View/View.php(216): CodeIgniter\View\View->CodeIgniter\View\{closure}()
 4 SYSTEMPATH/Common.php(1135): CodeIgniter\View\View->render('LogBook/edit', [], true)
 5 APPPATH/Controllers/LogBookController.php(87): view('LogBook/edit', [...])
 6 SYSTEMPATH/CodeIgniter.php(925): App\Controllers\LogBookController->edit('1')
 7 SYSTEMPATH/CodeIgniter.php(480): CodeIgniter\CodeIgniter->runController(Object(App\Controllers\LogBookController))
 8 SYSTEMPATH/CodeIgniter.php(349): CodeIgniter\CodeIgniter->handleRequest(null, Object(Config\Cache), false)
 9 FCPATH/index.php(67): CodeIgniter\CodeIgniter->run()
10 SYSTEMPATH/Commands/Server/rewrite.php(47): require_once('FCPATH/index.php')
CRITICAL - 2024-02-20 14:55:44 --> Undefined property: CodeIgniter\Database\MySQLi\Result::$task
in APPPATH/Views/LogBook/edit.php on line 27.
 1 APPPATH/Views/LogBook/edit.php(27): CodeIgniter\Debug\Exceptions->errorHandler(2, 'Undefined property: CodeIgniter\\Database\\MySQLi\\Result::$task', 'APPPATH/Views/LogBook/edit.php', 27)
 2 SYSTEMPATH/View/View.php(213): include('APPPATH/Views/LogBook/edit.php')
 3 SYSTEMPATH/View/View.php(216): CodeIgniter\View\View->CodeIgniter\View\{closure}()
 4 SYSTEMPATH/Common.php(1135): CodeIgniter\View\View->render('LogBook/edit', [], true)
 5 APPPATH/Controllers/LogBookController.php(88): view('LogBook/edit', [...])
 6 SYSTEMPATH/CodeIgniter.php(925): App\Controllers\LogBookController->edit('1')
 7 SYSTEMPATH/CodeIgniter.php(480): CodeIgniter\CodeIgniter->runController(Object(App\Controllers\LogBookController))
 8 SYSTEMPATH/CodeIgniter.php(349): CodeIgniter\CodeIgniter->handleRequest(null, Object(Config\Cache), false)
 9 FCPATH/index.php(67): CodeIgniter\CodeIgniter->run()
10 SYSTEMPATH/Commands/Server/rewrite.php(47): require_once('FCPATH/index.php')
CRITICAL - 2024-02-20 14:55:45 --> Undefined property: CodeIgniter\Database\MySQLi\Result::$task
in APPPATH/Views/LogBook/edit.php on line 27.
 1 APPPATH/Views/LogBook/edit.php(27): CodeIgniter\Debug\Exceptions->errorHandler(2, 'Undefined property: CodeIgniter\\Database\\MySQLi\\Result::$task', 'APPPATH/Views/LogBook/edit.php', 27)
 2 SYSTEMPATH/View/View.php(213): include('APPPATH/Views/LogBook/edit.php')
 3 SYSTEMPATH/View/View.php(216): CodeIgniter\View\View->CodeIgniter\View\{closure}()
 4 SYSTEMPATH/Common.php(1135): CodeIgniter\View\View->render('LogBook/edit', [], true)
 5 APPPATH/Controllers/LogBookController.php(88): view('LogBook/edit', [...])
 6 SYSTEMPATH/CodeIgniter.php(925): App\Controllers\LogBookController->edit('1')
 7 SYSTEMPATH/CodeIgniter.php(480): CodeIgniter\CodeIgniter->runController(Object(App\Controllers\LogBookController))
 8 SYSTEMPATH/CodeIgniter.php(349): CodeIgniter\CodeIgniter->handleRequest(null, Object(Config\Cache), false)
 9 FCPATH/index.php(67): CodeIgniter\CodeIgniter->run()
10 SYSTEMPATH/Commands/Server/rewrite.php(47): require_once('FCPATH/index.php')
CRITICAL - 2024-02-20 14:58:45 --> Attempt to read property "task" on array
in APPPATH/Views/LogBook/edit.php on line 27.
 1 APPPATH/Views/LogBook/edit.php(27): CodeIgniter\Debug\Exceptions->errorHandler(2, 'Attempt to read property "task" on array', 'APPPATH/Views/LogBook/edit.php', 27)
 2 SYSTEMPATH/View/View.php(213): include('APPPATH/Views/LogBook/edit.php')
 3 SYSTEMPATH/View/View.php(216): CodeIgniter\View\View->CodeIgniter\View\{closure}()
 4 SYSTEMPATH/Common.php(1135): CodeIgniter\View\View->render('LogBook/edit', [], true)
 5 APPPATH/Controllers/LogBookController.php(88): view('LogBook/edit', [...])
 6 SYSTEMPATH/CodeIgniter.php(925): App\Controllers\LogBookController->edit('1')
 7 SYSTEMPATH/CodeIgniter.php(480): CodeIgniter\CodeIgniter->runController(Object(App\Controllers\LogBookController))
 8 SYSTEMPATH/CodeIgniter.php(349): CodeIgniter\CodeIgniter->handleRequest(null, Object(Config\Cache), false)
 9 FCPATH/index.php(67): CodeIgniter\CodeIgniter->run()
10 SYSTEMPATH/Commands/Server/rewrite.php(47): require_once('FCPATH/index.php')
CRITICAL - 2024-02-20 15:00:37 --> Cannot use object of type stdClass as array
in APPPATH/Views/LogBook/edit.php on line 28.
 1 SYSTEMPATH/View/View.php(213): include()
 2 SYSTEMPATH/View/View.php(216): CodeIgniter\View\View->CodeIgniter\View\{closure}()
 3 SYSTEMPATH/Common.php(1135): CodeIgniter\View\View->render('LogBook/edit', [], true)
 4 APPPATH/Controllers/LogBookController.php(87): view('LogBook/edit', [...])
 5 SYSTEMPATH/CodeIgniter.php(925): App\Controllers\LogBookController->edit('1')
 6 SYSTEMPATH/CodeIgniter.php(480): CodeIgniter\CodeIgniter->runController(Object(App\Controllers\LogBookController))
 7 SYSTEMPATH/CodeIgniter.php(349): CodeIgniter\CodeIgniter->handleRequest(null, Object(Config\Cache), false)
 8 FCPATH/index.php(67): CodeIgniter\CodeIgniter->run()
 9 SYSTEMPATH/Commands/Server/rewrite.php(47): require_once('FCPATH/index.php')
